[0.146s] DEBUG:colcon:Command line arguments: ['/usr/bin/colcon', 'build']
[0.146s] DEBUG:colcon:Parsed command line arguments: Namespace(log_base=None, log_level=None, verb_name='build', build_base='build', install_base='install', merge_install=False, symlink_install=False, test_result_base=None, continue_on_error=False, executor='parallel', parallel_workers=4, event_handlers=None, ignore_user_meta=False, metas=['./colcon.meta'], base_paths=['.'], packages_ignore=None, packages_ignore_regex=None, paths=None, packages_up_to=None, packages_up_to_regex=None, packages_above=None, packages_above_and_dependencies=None, packages_above_depth=None, packages_select_by_dep=None, packages_skip_by_dep=None, packages_skip_up_to=None, packages_select_build_failed=False, packages_skip_build_finished=False, packages_select_test_failures=False, packages_skip_test_passed=False, packages_select=None, packages_skip=None, packages_select_regex=None, packages_skip_regex=None, packages_start=None, packages_end=None, allow_overriding=[], cmake_args=None, cmake_target=None, cmake_target_skip_unavailable=False, cmake_clean_cache=False, cmake_clean_first=False, cmake_force_configure=False, ament_cmake_args=None, catkin_cmake_args=None, catkin_skip_building_tests=False, mixin_files=None, mixin=None, verb_parser=<colcon_mixin.mixin.mixin_argument.MixinArgumentDecorator object at 0xffff946109b0>, verb_extension=<colcon_core.verb.build.BuildVerb object at 0xffff94610830>, main=<bound method BuildVerb.main of <colcon_core.verb.build.BuildVerb object at 0xffff94610830>>, mixin_verb=('build',))
[0.196s] Level 1:colcon.colcon_core.package_discovery:discover_packages(colcon_meta) check parameters
[0.196s] Level 1:colcon.colcon_core.package_discovery:discover_packages(recursive) check parameters
[0.196s] Level 1:colcon.colcon_core.package_discovery:discover_packages(ignore) check parameters
[0.196s] Level 1:colcon.colcon_core.package_discovery:discover_packages(path) check parameters
[0.196s] Level 1:colcon.colcon_core.package_discovery:discover_packages(colcon_meta) discover
[0.196s] Level 1:colcon.colcon_core.package_discovery:discover_packages(recursive) discover
[0.196s] INFO:colcon.colcon_core.package_discovery:Crawling recursively for packages in '/home/pi/mowbot_pkg_v2_lidar'
[0.197s] Level 1:colcon.colcon_core.package_identification:_identify(.) by extensions ['ignore', 'ignore_ament_install']
[0.197s] Level 1:colcon.colcon_core.package_identification:_identify(.) by extension 'ignore'
[0.197s] Level 1:colcon.colcon_core.package_identification:_identify(.) by extension 'ignore_ament_install'
[0.197s] Level 1:colcon.colcon_core.package_identification:_identify(.) by extensions ['colcon_pkg']
[0.197s] Level 1:colcon.colcon_core.package_identification:_identify(.) by extension 'colcon_pkg'
[0.197s] Level 1:colcon.colcon_core.package_identification:_identify(.) by extensions ['colcon_meta']
[0.197s] Level 1:colcon.colcon_core.package_identification:_identify(.) by extension 'colcon_meta'
[0.197s] Level 1:colcon.colcon_core.package_identification:_identify(.) by extensions ['ros']
[0.197s] Level 1:colcon.colcon_core.package_identification:_identify(.) by extension 'ros'
[0.237s] DEBUG:colcon.colcon_core.package_identification:Package '.' with type 'ros.ament_python' and name 'mowbot_pkg'
[0.237s] Level 1:colcon.colcon_core.package_discovery:discover_packages(recursive) using defaults
[0.237s] Level 1:colcon.colcon_core.package_discovery:discover_packages(ignore) discover
[0.237s] Level 1:colcon.colcon_core.package_discovery:discover_packages(ignore) using defaults
[0.237s] Level 1:colcon.colcon_core.package_discovery:discover_packages(path) discover
[0.237s] Level 1:colcon.colcon_core.package_discovery:discover_packages(path) using defaults
[0.260s] Level 1:colcon.colcon_core.package_discovery:discover_packages(prefix_path) check parameters
[0.260s] Level 1:colcon.colcon_core.package_discovery:discover_packages(prefix_path) discover
[0.262s] DEBUG:colcon.colcon_installed_package_information.package_discovery:Found 1 installed packages in /home/pi/mowbot_pkg_v2_lidar/install
[0.265s] DEBUG:colcon.colcon_installed_package_information.package_discovery:Found 401 installed packages in /opt/ros/jazzy
[0.268s] Level 1:colcon.colcon_core.package_discovery:discover_packages(prefix_path) using defaults
[0.342s] Level 5:colcon.colcon_core.verb:set package 'mowbot_pkg' build argument 'cmake_args' from command line to 'None'
[0.342s] Level 5:colcon.colcon_core.verb:set package 'mowbot_pkg' build argument 'cmake_target' from command line to 'None'
[0.342s] Level 5:colcon.colcon_core.verb:set package 'mowbot_pkg' build argument 'cmake_target_skip_unavailable' from command line to 'False'
[0.342s] Level 5:colcon.colcon_core.verb:set package 'mowbot_pkg' build argument 'cmake_clean_cache' from command line to 'False'
[0.342s] Level 5:colcon.colcon_core.verb:set package 'mowbot_pkg' build argument 'cmake_clean_first' from command line to 'False'
[0.342s] Level 5:colcon.colcon_core.verb:set package 'mowbot_pkg' build argument 'cmake_force_configure' from command line to 'False'
[0.342s] Level 5:colcon.colcon_core.verb:set package 'mowbot_pkg' build argument 'ament_cmake_args' from command line to 'None'
[0.342s] Level 5:colcon.colcon_core.verb:set package 'mowbot_pkg' build argument 'catkin_cmake_args' from command line to 'None'
[0.342s] Level 5:colcon.colcon_core.verb:set package 'mowbot_pkg' build argument 'catkin_skip_building_tests' from command line to 'False'
[0.342s] DEBUG:colcon.colcon_core.verb:Building package 'mowbot_pkg' with the following arguments: {'ament_cmake_args': None, 'build_base': '/home/pi/mowbot_pkg_v2_lidar/build/mowbot_pkg', 'catkin_cmake_args': None, 'catkin_skip_building_tests': False, 'cmake_args': None, 'cmake_clean_cache': False, 'cmake_clean_first': False, 'cmake_force_configure': False, 'cmake_target': None, 'cmake_target_skip_unavailable': False, 'install_base': '/home/pi/mowbot_pkg_v2_lidar/install/mowbot_pkg', 'merge_install': False, 'path': '/home/pi/mowbot_pkg_v2_lidar', 'symlink_install': False, 'test_result_base': None}
[0.343s] INFO:colcon.colcon_core.executor:Executing jobs using 'parallel' executor
[0.344s] DEBUG:colcon.colcon_parallel_executor.executor.parallel:run_until_complete
[0.345s] INFO:colcon.colcon_ros.task.ament_python.build:Building ROS package in '/home/pi/mowbot_pkg_v2_lidar' with build type 'ament_python'
[0.345s] Level 1:colcon.colcon_core.shell:create_environment_hook('mowbot_pkg', 'ament_prefix_path')
[0.347s] INFO:colcon.colcon_core.plugin_system:Skipping extension 'colcon_core.shell.bat': Not used on non-Windows systems
[0.348s] INFO:colcon.colcon_core.shell:Creating environment hook '/home/pi/mowbot_pkg_v2_lidar/install/mowbot_pkg/share/mowbot_pkg/hook/ament_prefix_path.ps1'
[0.348s] INFO:colcon.colcon_core.shell:Creating environment descriptor '/home/pi/mowbot_pkg_v2_lidar/install/mowbot_pkg/share/mowbot_pkg/hook/ament_prefix_path.dsv'
[0.350s] INFO:colcon.colcon_core.shell:Creating environment hook '/home/pi/mowbot_pkg_v2_lidar/install/mowbot_pkg/share/mowbot_pkg/hook/ament_prefix_path.sh'
[0.351s] INFO:colcon.colcon_core.shell:Skip shell extension 'powershell' for command environment: Not usable outside of PowerShell
[0.351s] DEBUG:colcon.colcon_core.shell:Skip shell extension 'dsv' for command environment
[0.671s] INFO:colcon.colcon_core.task.python.build:Building Python package in '/home/pi/mowbot_pkg_v2_lidar'
[0.671s] INFO:colcon.colcon_core.shell:Skip shell extension 'powershell' for command environment: Not usable outside of PowerShell
[0.671s] DEBUG:colcon.colcon_core.shell:Skip shell extension 'dsv' for command environment
[1.501s] DEBUG:colcon.colcon_core.event_handler.log_command:Invoking command in '/home/pi/mowbot_pkg_v2_lidar/build/mowbot_pkg': DEBUGINFOD_URLS=https://debuginfod.ubuntu.com PYTHONPATH=/home/pi/mowbot_pkg_v2_lidar/build/mowbot_pkg/prefix_override:/usr/lib/python3/dist-packages/colcon_core/task/python/colcon_distutils_commands:/home/pi/mowbot_pkg_v2_lidar/install/mowbot_pkg/lib/python3.12/site-packages:${PYTHONPATH} /usr/bin/python3 -W ignore:setup.py install is deprecated setup.py develop --uninstall --editable --build-directory /home/pi/mowbot_pkg_v2_lidar/build/mowbot_pkg/build
[2.274s] DEBUG:colcon.colcon_core.event_handler.log_command:Invoked command in '/home/pi/mowbot_pkg_v2_lidar/build/mowbot_pkg' returned '0': DEBUGINFOD_URLS=https://debuginfod.ubuntu.com PYTHONPATH=/home/pi/mowbot_pkg_v2_lidar/build/mowbot_pkg/prefix_override:/usr/lib/python3/dist-packages/colcon_core/task/python/colcon_distutils_commands:/home/pi/mowbot_pkg_v2_lidar/install/mowbot_pkg/lib/python3.12/site-packages:${PYTHONPATH} /usr/bin/python3 -W ignore:setup.py install is deprecated setup.py develop --uninstall --editable --build-directory /home/pi/mowbot_pkg_v2_lidar/build/mowbot_pkg/build
[2.276s] DEBUG:colcon.colcon_core.event_handler.log_command:Invoking command in '/home/pi/mowbot_pkg_v2_lidar': DEBUGINFOD_URLS=https://debuginfod.ubuntu.com PYTHONPATH=/home/pi/mowbot_pkg_v2_lidar/build/mowbot_pkg/prefix_override:/usr/lib/python3/dist-packages/colcon_core/task/python/colcon_distutils_commands:/home/pi/mowbot_pkg_v2_lidar/install/mowbot_pkg/lib/python3.12/site-packages:${PYTHONPATH} /usr/bin/python3 -W ignore:setup.py install is deprecated setup.py egg_info --egg-base build/mowbot_pkg build --build-base /home/pi/mowbot_pkg_v2_lidar/build/mowbot_pkg/build install --record /home/pi/mowbot_pkg_v2_lidar/build/mowbot_pkg/install.log --single-version-externally-managed install_data --force
[3.069s] DEBUG:colcon.colcon_core.event_handler.log_command:Invoked command in '/home/pi/mowbot_pkg_v2_lidar' returned '0': DEBUGINFOD_URLS=https://debuginfod.ubuntu.com PYTHONPATH=/home/pi/mowbot_pkg_v2_lidar/build/mowbot_pkg/prefix_override:/usr/lib/python3/dist-packages/colcon_core/task/python/colcon_distutils_commands:/home/pi/mowbot_pkg_v2_lidar/install/mowbot_pkg/lib/python3.12/site-packages:${PYTHONPATH} /usr/bin/python3 -W ignore:setup.py install is deprecated setup.py egg_info --egg-base build/mowbot_pkg build --build-base /home/pi/mowbot_pkg_v2_lidar/build/mowbot_pkg/build install --record /home/pi/mowbot_pkg_v2_lidar/build/mowbot_pkg/install.log --single-version-externally-managed install_data --force
[3.072s] Level 1:colcon.colcon_core.environment:checking '/home/pi/mowbot_pkg_v2_lidar/install/mowbot_pkg' for CMake module files
[3.072s] Level 1:colcon.colcon_core.environment:checking '/home/pi/mowbot_pkg_v2_lidar/install/mowbot_pkg' for CMake config files
[3.073s] Level 1:colcon.colcon_core.environment:checking '/home/pi/mowbot_pkg_v2_lidar/install/mowbot_pkg/lib'
[3.073s] Level 1:colcon.colcon_core.environment:checking '/home/pi/mowbot_pkg_v2_lidar/install/mowbot_pkg/bin'
[3.074s] Level 1:colcon.colcon_core.environment:checking '/home/pi/mowbot_pkg_v2_lidar/install/mowbot_pkg/lib/pkgconfig/mowbot_pkg.pc'
[3.074s] Level 1:colcon.colcon_core.environment:checking '/home/pi/mowbot_pkg_v2_lidar/install/mowbot_pkg/lib/python3.12/site-packages'
[3.074s] Level 1:colcon.colcon_core.shell:create_environment_hook('mowbot_pkg', 'pythonpath')
[3.074s] INFO:colcon.colcon_core.shell:Creating environment hook '/home/pi/mowbot_pkg_v2_lidar/install/mowbot_pkg/share/mowbot_pkg/hook/pythonpath.ps1'
[3.075s] INFO:colcon.colcon_core.shell:Creating environment descriptor '/home/pi/mowbot_pkg_v2_lidar/install/mowbot_pkg/share/mowbot_pkg/hook/pythonpath.dsv'
[3.076s] INFO:colcon.colcon_core.shell:Creating environment hook '/home/pi/mowbot_pkg_v2_lidar/install/mowbot_pkg/share/mowbot_pkg/hook/pythonpath.sh'
[3.078s] Level 1:colcon.colcon_core.environment:checking '/home/pi/mowbot_pkg_v2_lidar/install/mowbot_pkg/bin'
[3.078s] Level 1:colcon.colcon_core.environment:create_environment_scripts_only(mowbot_pkg)
[3.078s] INFO:colcon.colcon_core.shell:Creating package script '/home/pi/mowbot_pkg_v2_lidar/install/mowbot_pkg/share/mowbot_pkg/package.ps1'
[3.079s] INFO:colcon.colcon_core.shell:Creating package descriptor '/home/pi/mowbot_pkg_v2_lidar/install/mowbot_pkg/share/mowbot_pkg/package.dsv'
[3.081s] INFO:colcon.colcon_core.shell:Creating package script '/home/pi/mowbot_pkg_v2_lidar/install/mowbot_pkg/share/mowbot_pkg/package.sh'
[3.082s] INFO:colcon.colcon_core.shell:Creating package script '/home/pi/mowbot_pkg_v2_lidar/install/mowbot_pkg/share/mowbot_pkg/package.bash'
[3.084s] INFO:colcon.colcon_core.shell:Creating package script '/home/pi/mowbot_pkg_v2_lidar/install/mowbot_pkg/share/mowbot_pkg/package.zsh'
[3.085s] Level 1:colcon.colcon_core.environment:create_file_with_runtime_dependencies(/home/pi/mowbot_pkg_v2_lidar/install/mowbot_pkg/share/colcon-core/packages/mowbot_pkg)
[3.094s] DEBUG:colcon.colcon_parallel_executor.executor.parallel:closing loop
[3.094s] DEBUG:colcon.colcon_parallel_executor.executor.parallel:loop closed
[3.094s] DEBUG:colcon.colcon_parallel_executor.executor.parallel:run_until_complete finished with '0'
[3.095s] DEBUG:colcon.colcon_core.event_reactor:joining thread
[3.104s] INFO:colcon.colcon_core.plugin_system:Skipping extension 'colcon_notification.desktop_notification.terminal_notifier': Not used on non-Darwin systems
[3.104s] INFO:colcon.colcon_core.plugin_system:Skipping extension 'colcon_notification.desktop_notification.win32': Not used on non-Windows systems
[3.104s] INFO:colcon.colcon_notification.desktop_notification:Sending desktop notification using 'notify2'
[3.119s] DEBUG:colcon.colcon_core.event_reactor:joined thread
[3.120s] INFO:colcon.colcon_core.shell:Creating prefix script '/home/pi/mowbot_pkg_v2_lidar/install/local_setup.ps1'
[3.121s] INFO:colcon.colcon_core.shell:Creating prefix util module '/home/pi/mowbot_pkg_v2_lidar/install/_local_setup_util_ps1.py'
[3.125s] INFO:colcon.colcon_core.shell:Creating prefix chain script '/home/pi/mowbot_pkg_v2_lidar/install/setup.ps1'
[3.127s] INFO:colcon.colcon_core.shell:Creating prefix script '/home/pi/mowbot_pkg_v2_lidar/install/local_setup.sh'
[3.128s] INFO:colcon.colcon_core.shell:Creating prefix util module '/home/pi/mowbot_pkg_v2_lidar/install/_local_setup_util_sh.py'
[3.128s] INFO:colcon.colcon_core.shell:Creating prefix chain script '/home/pi/mowbot_pkg_v2_lidar/install/setup.sh'
[3.130s] INFO:colcon.colcon_core.shell:Creating prefix script '/home/pi/mowbot_pkg_v2_lidar/install/local_setup.bash'
[3.131s] INFO:colcon.colcon_core.shell:Creating prefix chain script '/home/pi/mowbot_pkg_v2_lidar/install/setup.bash'
[3.132s] INFO:colcon.colcon_core.shell:Creating prefix script '/home/pi/mowbot_pkg_v2_lidar/install/local_setup.zsh'
[3.133s] INFO:colcon.colcon_core.shell:Creating prefix chain script '/home/pi/mowbot_pkg_v2_lidar/install/setup.zsh'
