running egg_info
creating ../../build/mowbot_teleop_bringup/mowbot_teleop_bringup.egg-info
writing ../../build/mowbot_teleop_bringup/mowbot_teleop_bringup.egg-info/PKG-INFO
writing dependency_links to ../../build/mowbot_teleop_bringup/mowbot_teleop_bringup.egg-info/dependency_links.txt
writing entry points to ../../build/mowbot_teleop_bringup/mowbot_teleop_bringup.egg-info/entry_points.txt
writing requirements to ../../build/mowbot_teleop_bringup/mowbot_teleop_bringup.egg-info/requires.txt
writing top-level names to ../../build/mowbot_teleop_bringup/mowbot_teleop_bringup.egg-info/top_level.txt
writing manifest file '../../build/mowbot_teleop_bringup/mowbot_teleop_bringup.egg-info/SOURCES.txt'
reading manifest file '../../build/mowbot_teleop_bringup/mowbot_teleop_bringup.egg-info/SOURCES.txt'
writing manifest file '../../build/mowbot_teleop_bringup/mowbot_teleop_bringup.egg-info/SOURCES.txt'
running build
running build_py
creating /home/dadmin/mowbot_teleop_bringup/build/mowbot_teleop_bringup/build
creating /home/dadmin/mowbot_teleop_bringup/build/mowbot_teleop_bringup/build/lib
creating /home/dadmin/mowbot_teleop_bringup/build/mowbot_teleop_bringup/build/lib/mowbot_teleop_bringup
copying mowbot_teleop_bringup/__init__.py -> /home/dadmin/mowbot_teleop_bringup/build/mowbot_teleop_bringup/build/lib/mowbot_teleop_bringup
running install
running install_lib
creating /home/dadmin/mowbot_teleop_bringup/install/mowbot_teleop_bringup/lib/python3.10/site-packages/mowbot_teleop_bringup
copying /home/dadmin/mowbot_teleop_bringup/build/mowbot_teleop_bringup/build/lib/mowbot_teleop_bringup/__init__.py -> /home/dadmin/mowbot_teleop_bringup/install/mowbot_teleop_bringup/lib/python3.10/site-packages/mowbot_teleop_bringup
byte-compiling /home/dadmin/mowbot_teleop_bringup/install/mowbot_teleop_bringup/lib/python3.10/site-packages/mowbot_teleop_bringup/__init__.py to __init__.cpython-310.pyc
running install_data
creating /home/dadmin/mowbot_teleop_bringup/install/mowbot_teleop_bringup/share/ament_index
creating /home/dadmin/mowbot_teleop_bringup/install/mowbot_teleop_bringup/share/ament_index/resource_index
creating /home/dadmin/mowbot_teleop_bringup/install/mowbot_teleop_bringup/share/ament_index/resource_index/packages
copying resource/mowbot_teleop_bringup -> /home/dadmin/mowbot_teleop_bringup/install/mowbot_teleop_bringup/share/ament_index/resource_index/packages
copying package.xml -> /home/dadmin/mowbot_teleop_bringup/install/mowbot_teleop_bringup/share/mowbot_teleop_bringup
creating /home/dadmin/mowbot_teleop_bringup/install/mowbot_teleop_bringup/share/mowbot_teleop_bringup/launch
copying launch/mowbot_teleop_bringup.launch.py -> /home/dadmin/mowbot_teleop_bringup/install/mowbot_teleop_bringup/share/mowbot_teleop_bringup/launch
running install_egg_info
Copying ../../build/mowbot_teleop_bringup/mowbot_teleop_bringup.egg-info to /home/dadmin/mowbot_teleop_bringup/install/mowbot_teleop_bringup/lib/python3.10/site-packages/mowbot_teleop_bringup-0.0.0-py3.10.egg-info
running install_scripts
writing list of installed files to '/home/dadmin/mowbot_teleop_bringup/build/mowbot_teleop_bringup/install.log'
