running egg_info
writing build/mowbot_pkg/mowbot_pkg.egg-info/PKG-INFO
writing dependency_links to build/mowbot_pkg/mowbot_pkg.egg-info/dependency_links.txt
writing entry points to build/mowbot_pkg/mowbot_pkg.egg-info/entry_points.txt
writing requirements to build/mowbot_pkg/mowbot_pkg.egg-info/requires.txt
writing top-level names to build/mowbot_pkg/mowbot_pkg.egg-info/top_level.txt
reading manifest file 'build/mowbot_pkg/mowbot_pkg.egg-info/SOURCES.txt'
writing manifest file 'build/mowbot_pkg/mowbot_pkg.egg-info/SOURCES.txt'
running build
running build_py
running install
running install_lib
running install_data
copying launch/rplidar_launch.py -> /home/pi/mowbot_pkg_v2_lidar/install/mowbot_pkg/share/mowbot_pkg/launch
running install_egg_info
removing '/home/pi/mowbot_pkg_v2_lidar/install/mowbot_pkg/lib/python3.12/site-packages/mowbot_pkg-0.0.1-py3.12.egg-info' (and everything under it)
Copying build/mowbot_pkg/mowbot_pkg.egg-info to /home/pi/mowbot_pkg_v2_lidar/install/mowbot_pkg/lib/python3.12/site-packages/mowbot_pkg-0.0.1-py3.12.egg-info
running install_scripts
Installing roboclaw_control script to /home/pi/mowbot_pkg_v2_lidar/install/mowbot_pkg/lib/mowbot_pkg
writing list of installed files to '/home/pi/mowbot_pkg_v2_lidar/build/mowbot_pkg/install.log'
