[1.105s] Invoking command in '/home/pi/mowbot_pkg_v1': DEBUGINFOD_URLS=https://debuginfod.ubuntu.com PYTHONPATH=/home/pi/mowbot_pkg_v1/build/mowbot_pkg/prefix_override:/usr/lib/python3/dist-packages/colcon_core/task/python/colcon_distutils_commands:/home/pi/mowbot_pkg_v1/install/mowbot_pkg/lib/python3.12/site-packages:${PYTHONPATH} /usr/bin/python3 -W ignore:setup.py install is deprecated setup.py egg_info --egg-base build/mowbot_pkg build --build-base /home/pi/mowbot_pkg_v1/build/mowbot_pkg/build install --record /home/pi/mowbot_pkg_v1/build/mowbot_pkg/install.log --single-version-externally-managed install_data
[1.450s] running egg_info
[1.474s] writing build/mowbot_pkg/mowbot_pkg.egg-info/PKG-INFO
[1.474s] writing dependency_links to build/mowbot_pkg/mowbot_pkg.egg-info/dependency_links.txt
[1.475s] writing entry points to build/mowbot_pkg/mowbot_pkg.egg-info/entry_points.txt
[1.475s] writing requirements to build/mowbot_pkg/mowbot_pkg.egg-info/requires.txt
[1.476s] writing top-level names to build/mowbot_pkg/mowbot_pkg.egg-info/top_level.txt
[1.527s] reading manifest file 'build/mowbot_pkg/mowbot_pkg.egg-info/SOURCES.txt'
[1.528s] writing manifest file 'build/mowbot_pkg/mowbot_pkg.egg-info/SOURCES.txt'
[1.529s] running build
[1.529s] running build_py
[1.529s] creating /home/pi/mowbot_pkg_v1/build/mowbot_pkg/build/lib/mowbot_pkg/roboclaw
[1.529s] copying ./mowbot_pkg/roboclaw/__init__.py -> /home/pi/mowbot_pkg_v1/build/mowbot_pkg/build/lib/mowbot_pkg/roboclaw
[1.529s] copying ./mowbot_pkg/roboclaw/roboclaw_3.py -> /home/pi/mowbot_pkg_v1/build/mowbot_pkg/build/lib/mowbot_pkg/roboclaw
[1.530s] running install
[1.539s] running install_lib
[1.564s] creating /home/pi/mowbot_pkg_v1/install/mowbot_pkg/lib/python3.12/site-packages/mowbot_pkg/roboclaw
[1.564s] copying /home/pi/mowbot_pkg_v1/build/mowbot_pkg/build/lib/mowbot_pkg/roboclaw/__init__.py -> /home/pi/mowbot_pkg_v1/install/mowbot_pkg/lib/python3.12/site-packages/mowbot_pkg/roboclaw
[1.564s] copying /home/pi/mowbot_pkg_v1/build/mowbot_pkg/build/lib/mowbot_pkg/roboclaw/roboclaw_3.py -> /home/pi/mowbot_pkg_v1/install/mowbot_pkg/lib/python3.12/site-packages/mowbot_pkg/roboclaw
[1.565s] byte-compiling /home/pi/mowbot_pkg_v1/install/mowbot_pkg/lib/python3.12/site-packages/mowbot_pkg/roboclaw/__init__.py to __init__.cpython-312.pyc
[1.565s] byte-compiling /home/pi/mowbot_pkg_v1/install/mowbot_pkg/lib/python3.12/site-packages/mowbot_pkg/roboclaw/roboclaw_3.py to roboclaw_3.cpython-312.pyc
[1.581s] running install_data
[1.581s] running install_egg_info
[1.607s] removing '/home/pi/mowbot_pkg_v1/install/mowbot_pkg/lib/python3.12/site-packages/mowbot_pkg-0.0.1-py3.12.egg-info' (and everything under it)
[1.608s] Copying build/mowbot_pkg/mowbot_pkg.egg-info to /home/pi/mowbot_pkg_v1/install/mowbot_pkg/lib/python3.12/site-packages/mowbot_pkg-0.0.1-py3.12.egg-info
[1.609s] running install_scripts
[1.777s] Installing roboclaw_control script to /home/pi/mowbot_pkg_v1/install/mowbot_pkg/lib/mowbot_pkg
[1.778s] writing list of installed files to '/home/pi/mowbot_pkg_v1/build/mowbot_pkg/install.log'
[1.854s] Invoked command in '/home/pi/mowbot_pkg_v1' returned '0': DEBUGINFOD_URLS=https://debuginfod.ubuntu.com PYTHONPATH=/home/pi/mowbot_pkg_v1/build/mowbot_pkg/prefix_override:/usr/lib/python3/dist-packages/colcon_core/task/python/colcon_distutils_commands:/home/pi/mowbot_pkg_v1/install/mowbot_pkg/lib/python3.12/site-packages:${PYTHONPATH} /usr/bin/python3 -W ignore:setup.py install is deprecated setup.py egg_info --egg-base build/mowbot_pkg build --build-base /home/pi/mowbot_pkg_v1/build/mowbot_pkg/build install --record /home/pi/mowbot_pkg_v1/build/mowbot_pkg/install.log --single-version-externally-managed install_data
