[3.382s] Invoking command in '/home/pi/mowbot_pkg_v1_WORKING_DO_NOT_TOUCH': PYTHONPATH=/home/pi/mowbot_pkg_v1_WORKING_DO_NOT_TOUCH/build/mowbot_pkg/prefix_override:/usr/lib/python3/dist-packages/colcon_core/task/python/colcon_distutils_commands:/home/pi/mowbot_pkg_v1_WORKING_DO_NOT_TOUCH/install/mowbot_pkg/lib/python3.10/site-packages:${PYTHONPATH} /usr/bin/python3 -W ignore:setup.py install is deprecated setup.py egg_info --egg-base build/mowbot_pkg build --build-base /home/pi/mowbot_pkg_v1_WORKING_DO_NOT_TOUCH/build/mowbot_pkg/build install --record /home/pi/mowbot_pkg_v1_WORKING_DO_NOT_TOUCH/build/mowbot_pkg/install.log --single-version-externally-managed install_data
[4.775s] running egg_info
[4.778s] writing build/mowbot_pkg/mowbot_pkg.egg-info/PKG-INFO
[4.780s] writing dependency_links to build/mowbot_pkg/mowbot_pkg.egg-info/dependency_links.txt
[4.781s] writing entry points to build/mowbot_pkg/mowbot_pkg.egg-info/entry_points.txt
[4.782s] writing requirements to build/mowbot_pkg/mowbot_pkg.egg-info/requires.txt
[4.782s] writing top-level names to build/mowbot_pkg/mowbot_pkg.egg-info/top_level.txt
[4.791s] reading manifest file 'build/mowbot_pkg/mowbot_pkg.egg-info/SOURCES.txt'
[4.795s] writing manifest file 'build/mowbot_pkg/mowbot_pkg.egg-info/SOURCES.txt'
[4.796s] running build
[4.796s] running build_py
[4.799s] running install
[4.800s] running install_lib
[4.808s] running install_data
[4.810s] running install_egg_info
[4.817s] removing '/home/pi/mowbot_pkg_v1_WORKING_DO_NOT_TOUCH/install/mowbot_pkg/lib/python3.10/site-packages/mowbot_pkg-0.0.1-py3.10.egg-info' (and everything under it)
[4.819s] Copying build/mowbot_pkg/mowbot_pkg.egg-info to /home/pi/mowbot_pkg_v1_WORKING_DO_NOT_TOUCH/install/mowbot_pkg/lib/python3.10/site-packages/mowbot_pkg-0.0.1-py3.10.egg-info
[4.826s] running install_scripts
[4.923s] Installing roboclaw_control script to /home/pi/mowbot_pkg_v1_WORKING_DO_NOT_TOUCH/install/mowbot_pkg/lib/mowbot_pkg
[4.925s] writing list of installed files to '/home/pi/mowbot_pkg_v1_WORKING_DO_NOT_TOUCH/build/mowbot_pkg/install.log'
[5.053s] Invoked command in '/home/pi/mowbot_pkg_v1_WORKING_DO_NOT_TOUCH' returned '0': PYTHONPATH=/home/pi/mowbot_pkg_v1_WORKING_DO_NOT_TOUCH/build/mowbot_pkg/prefix_override:/usr/lib/python3/dist-packages/colcon_core/task/python/colcon_distutils_commands:/home/pi/mowbot_pkg_v1_WORKING_DO_NOT_TOUCH/install/mowbot_pkg/lib/python3.10/site-packages:${PYTHONPATH} /usr/bin/python3 -W ignore:setup.py install is deprecated setup.py egg_info --egg-base build/mowbot_pkg build --build-base /home/pi/mowbot_pkg_v1_WORKING_DO_NOT_TOUCH/build/mowbot_pkg/build install --record /home/pi/mowbot_pkg_v1_WORKING_DO_NOT_TOUCH/build/mowbot_pkg/install.log --single-version-externally-managed install_data
