[1.160s] Invoking command in '/home/pi/mowbot_pkg_v2_lidar/build/mowbot_pkg': DEBUGINFOD_URLS=https://debuginfod.ubuntu.com PYTHONPATH=/home/pi/mowbot_pkg_v2_lidar/build/mowbot_pkg/prefix_override:/usr/lib/python3/dist-packages/colcon_core/task/python/colcon_distutils_commands:/home/pi/mowbot_pkg_v2_lidar/install/mowbot_pkg/lib/python3.12/site-packages:${PYTHONPATH} /usr/bin/python3 -W ignore:setup.py install is deprecated setup.py develop --editable --build-directory /home/pi/mowbot_pkg_v2_lidar/build/mowbot_pkg/build --no-deps symlink_data --force
[1.601s] running develop
[1.602s] /usr/lib/python3/dist-packages/setuptools/command/develop.py:40: EasyInstallDeprecationWarning: easy_install command is deprecated.
[1.602s] !!
[1.602s] 
[1.602s]         ********************************************************************************
[1.602s]         Please avoid running ``setup.py`` and ``easy_install``.
[1.602s]         Instead, use pypa/build, pypa/installer or other
[1.602s]         standards-based tools.
[1.602s] 
[1.602s]         See https://github.com/pypa/setuptools/issues/917 for details.
[1.602s]         ********************************************************************************
[1.602s] 
[1.603s] !!
[1.603s]   easy_install.initialize_options(self)
[1.871s] running egg_info
[1.896s] writing mowbot_pkg.egg-info/PKG-INFO
[1.897s] writing dependency_links to mowbot_pkg.egg-info/dependency_links.txt
[1.898s] writing entry points to mowbot_pkg.egg-info/entry_points.txt
[1.900s] writing requirements to mowbot_pkg.egg-info/requires.txt
[1.901s] writing top-level names to mowbot_pkg.egg-info/top_level.txt
[1.956s] reading manifest file 'mowbot_pkg.egg-info/SOURCES.txt'
[1.957s] writing manifest file 'mowbot_pkg.egg-info/SOURCES.txt'
[1.985s] running build_ext
[1.985s] Creating /home/pi/mowbot_pkg_v2_lidar/install/mowbot_pkg/lib/python3.12/site-packages/mowbot-pkg.egg-link (link to .)
[1.986s] Installing roboclaw_control script to /home/pi/mowbot_pkg_v2_lidar/install/mowbot_pkg/lib/mowbot_pkg
[1.986s] 
[1.986s] Installed /home/pi/mowbot_pkg_v2_lidar/build/mowbot_pkg
[1.986s] running symlink_data
[1.987s] symbolically linking /home/pi/mowbot_pkg_v2_lidar/build/mowbot_pkg/resource/mowbot_pkg -> /home/pi/mowbot_pkg_v2_lidar/install/mowbot_pkg/share/ament_index/resource_index/packages
[1.987s] symbolically linking /home/pi/mowbot_pkg_v2_lidar/build/mowbot_pkg/package.xml -> /home/pi/mowbot_pkg_v2_lidar/install/mowbot_pkg/share/mowbot_pkg
[1.987s] symbolically linking /home/pi/mowbot_pkg_v2_lidar/build/mowbot_pkg/launch/roboclaw_control_launch.py -> /home/pi/mowbot_pkg_v2_lidar/install/mowbot_pkg/share/mowbot_pkg/launch
[1.987s] symbolically linking /home/pi/mowbot_pkg_v2_lidar/build/mowbot_pkg/config/ps4.config.yaml -> /home/pi/mowbot_pkg_v2_lidar/install/mowbot_pkg/share/mowbot_pkg/config
[1.987s] symbolically linking /home/pi/mowbot_pkg_v2_lidar/build/mowbot_pkg/config/local_costmap_params.yaml -> /home/pi/mowbot_pkg_v2_lidar/install/mowbot_pkg/share/mowbot_pkg/config
[1.987s] symbolically linking /home/pi/mowbot_pkg_v2_lidar/build/mowbot_pkg/config/global_costmap_params.yaml -> /home/pi/mowbot_pkg_v2_lidar/install/mowbot_pkg/share/mowbot_pkg/config
[2.078s] Invoked command in '/home/pi/mowbot_pkg_v2_lidar/build/mowbot_pkg' returned '0': DEBUGINFOD_URLS=https://debuginfod.ubuntu.com PYTHONPATH=/home/pi/mowbot_pkg_v2_lidar/build/mowbot_pkg/prefix_override:/usr/lib/python3/dist-packages/colcon_core/task/python/colcon_distutils_commands:/home/pi/mowbot_pkg_v2_lidar/install/mowbot_pkg/lib/python3.12/site-packages:${PYTHONPATH} /usr/bin/python3 -W ignore:setup.py install is deprecated setup.py develop --editable --build-directory /home/pi/mowbot_pkg_v2_lidar/build/mowbot_pkg/build --no-deps symlink_data --force
