[1.458s] Invoking command in '/home/pi/mowbot_pkg_v1': DEBUGINFOD_URLS=https://debuginfod.ubuntu.com PYTHONPATH=/home/pi/mowbot_pkg_v1/build/mowbot_pkg/prefix_override:/usr/lib/python3/dist-packages/colcon_core/task/python/colcon_distutils_commands:/home/pi/mowbot_pkg_v1/install/mowbot_pkg/lib/python3.12/site-packages:${PYTHONPATH} /usr/bin/python3 -W ignore:setup.py install is deprecated setup.py egg_info --egg-base build/mowbot_pkg build --build-base /home/pi/mowbot_pkg_v1/build/mowbot_pkg/build install --record /home/pi/mowbot_pkg_v1/build/mowbot_pkg/install.log --single-version-externally-managed install_data
[1.802s] running egg_info
[1.826s] writing build/mowbot_pkg/mowbot_pkg.egg-info/PKG-INFO
[1.827s] writing dependency_links to build/mowbot_pkg/mowbot_pkg.egg-info/dependency_links.txt
[1.828s] writing entry points to build/mowbot_pkg/mowbot_pkg.egg-info/entry_points.txt
[1.829s] writing requirements to build/mowbot_pkg/mowbot_pkg.egg-info/requires.txt
[1.830s] writing top-level names to build/mowbot_pkg/mowbot_pkg.egg-info/top_level.txt
[1.884s] reading manifest file 'build/mowbot_pkg/mowbot_pkg.egg-info/SOURCES.txt'
[1.886s] writing manifest file 'build/mowbot_pkg/mowbot_pkg.egg-info/SOURCES.txt'
[1.886s] running build
[1.886s] running build_py
[1.889s] running install
[1.899s] running install_lib
[1.926s] running install_data
[1.926s] running install_egg_info
[1.953s] removing '/home/pi/mowbot_pkg_v1/install/mowbot_pkg/lib/python3.12/site-packages/mowbot_pkg-0.0.1-py3.12.egg-info' (and everything under it)
[1.953s] Copying build/mowbot_pkg/mowbot_pkg.egg-info to /home/pi/mowbot_pkg_v1/install/mowbot_pkg/lib/python3.12/site-packages/mowbot_pkg-0.0.1-py3.12.egg-info
[1.954s] running install_scripts
[2.130s] Installing roboclaw_control script to /home/pi/mowbot_pkg_v1/install/mowbot_pkg/lib/mowbot_pkg
[2.130s] writing list of installed files to '/home/pi/mowbot_pkg_v1/build/mowbot_pkg/install.log'
[2.206s] Invoked command in '/home/pi/mowbot_pkg_v1' returned '0': DEBUGINFOD_URLS=https://debuginfod.ubuntu.com PYTHONPATH=/home/pi/mowbot_pkg_v1/build/mowbot_pkg/prefix_override:/usr/lib/python3/dist-packages/colcon_core/task/python/colcon_distutils_commands:/home/pi/mowbot_pkg_v1/install/mowbot_pkg/lib/python3.12/site-packages:${PYTHONPATH} /usr/bin/python3 -W ignore:setup.py install is deprecated setup.py egg_info --egg-base build/mowbot_pkg build --build-base /home/pi/mowbot_pkg_v1/build/mowbot_pkg/build install --record /home/pi/mowbot_pkg_v1/build/mowbot_pkg/install.log --single-version-externally-managed install_data
