[0.853s] DEBUG:colcon:Command line arguments: ['/usr/bin/colcon', 'build']
[0.854s] DEBUG:colcon:Parsed command line arguments: Namespace(log_base=None, log_level=None, verb_name='build', build_base='build', install_base='install', merge_install=False, symlink_install=False, test_result_base=None, continue_on_error=False, executor='parallel', parallel_workers=4, event_handlers=None, ignore_user_meta=False, metas=['./colcon.meta'], base_paths=['.'], packages_ignore=None, packages_ignore_regex=None, paths=None, packages_up_to=None, packages_up_to_regex=None, packages_above=None, packages_above_and_dependencies=None, packages_above_depth=None, packages_select_by_dep=None, packages_skip_by_dep=None, packages_skip_up_to=None, packages_select_build_failed=False, packages_skip_build_finished=False, packages_select_test_failures=False, packages_skip_test_passed=False, packages_select=None, packages_skip=None, packages_select_regex=None, packages_skip_regex=None, packages_start=None, packages_end=None, allow_overriding=[], cmake_args=None, cmake_target=None, cmake_target_skip_unavailable=False, cmake_clean_cache=False, cmake_clean_first=False, cmake_force_configure=False, ament_cmake_args=None, catkin_cmake_args=None, catkin_skip_building_tests=False, mixin_files=None, mixin=None, verb_parser=<colcon_mixin.mixin.mixin_argument.MixinArgumentDecorator object at 0xffffaaed2bf0>, verb_extension=<colcon_core.verb.build.BuildVerb object at 0xffffaafc72b0>, main=<bound method BuildVerb.main of <colcon_core.verb.build.BuildVerb object at 0xffffaafc72b0>>, mixin_verb=('build',))
[2.435s] Level 1:colcon.colcon_core.package_discovery:discover_packages(colcon_meta) check parameters
[2.436s] Level 1:colcon.colcon_core.package_discovery:discover_packages(recursive) check parameters
[2.436s] Level 1:colcon.colcon_core.package_discovery:discover_packages(ignore) check parameters
[2.436s] Level 1:colcon.colcon_core.package_discovery:discover_packages(path) check parameters
[2.437s] Level 1:colcon.colcon_core.package_discovery:discover_packages(colcon_meta) discover
[2.437s] Level 1:colcon.colcon_core.package_discovery:discover_packages(recursive) discover
[2.437s] INFO:colcon.colcon_core.package_discovery:Crawling recursively for packages in '/home/pi/mowbot_pkg_v1_WORKING_DO_NOT_TOUCH'
[2.438s] Level 1:colcon.colcon_core.package_identification:_identify(.) by extensions ['ignore', 'ignore_ament_install']
[2.438s] Level 1:colcon.colcon_core.package_identification:_identify(.) by extension 'ignore'
[2.439s] Level 1:colcon.colcon_core.package_identification:_identify(.) by extension 'ignore_ament_install'
[2.439s] Level 1:colcon.colcon_core.package_identification:_identify(.) by extensions ['colcon_pkg']
[2.439s] Level 1:colcon.colcon_core.package_identification:_identify(.) by extension 'colcon_pkg'
[2.439s] Level 1:colcon.colcon_core.package_identification:_identify(.) by extensions ['colcon_meta']
[2.440s] Level 1:colcon.colcon_core.package_identification:_identify(.) by extension 'colcon_meta'
[2.440s] Level 1:colcon.colcon_core.package_identification:_identify(.) by extensions ['ros']
[2.440s] Level 1:colcon.colcon_core.package_identification:_identify(.) by extension 'ros'
[2.530s] DEBUG:colcon.colcon_core.package_identification:Package '.' with type 'ros.ament_python' and name 'mowbot_pkg'
[2.530s] Level 1:colcon.colcon_core.package_discovery:discover_packages(recursive) using defaults
[2.531s] Level 1:colcon.colcon_core.package_discovery:discover_packages(ignore) discover
[2.531s] Level 1:colcon.colcon_core.package_discovery:discover_packages(ignore) using defaults
[2.531s] Level 1:colcon.colcon_core.package_discovery:discover_packages(path) discover
[2.531s] Level 1:colcon.colcon_core.package_discovery:discover_packages(path) using defaults
[2.734s] Level 1:colcon.colcon_core.package_discovery:discover_packages(prefix_path) check parameters
[2.734s] Level 1:colcon.colcon_core.package_discovery:discover_packages(prefix_path) discover
[2.753s] DEBUG:colcon.colcon_installed_package_information.package_discovery:Found 1 installed packages in /home/pi/mowbot_pkg_v2_lidar/install
[2.768s] DEBUG:colcon.colcon_installed_package_information.package_discovery:Found 337 installed packages in /opt/ros/humble
[2.778s] Level 1:colcon.colcon_core.package_discovery:discover_packages(prefix_path) using defaults
[3.017s] Level 5:colcon.colcon_core.verb:set package 'mowbot_pkg' build argument 'cmake_args' from command line to 'None'
[3.018s] Level 5:colcon.colcon_core.verb:set package 'mowbot_pkg' build argument 'cmake_target' from command line to 'None'
[3.018s] Level 5:colcon.colcon_core.verb:set package 'mowbot_pkg' build argument 'cmake_target_skip_unavailable' from command line to 'False'
[3.018s] Level 5:colcon.colcon_core.verb:set package 'mowbot_pkg' build argument 'cmake_clean_cache' from command line to 'False'
[3.018s] Level 5:colcon.colcon_core.verb:set package 'mowbot_pkg' build argument 'cmake_clean_first' from command line to 'False'
[3.018s] Level 5:colcon.colcon_core.verb:set package 'mowbot_pkg' build argument 'cmake_force_configure' from command line to 'False'
[3.018s] Level 5:colcon.colcon_core.verb:set package 'mowbot_pkg' build argument 'ament_cmake_args' from command line to 'None'
[3.018s] Level 5:colcon.colcon_core.verb:set package 'mowbot_pkg' build argument 'catkin_cmake_args' from command line to 'None'
[3.019s] Level 5:colcon.colcon_core.verb:set package 'mowbot_pkg' build argument 'catkin_skip_building_tests' from command line to 'False'
[3.019s] DEBUG:colcon.colcon_core.verb:Building package 'mowbot_pkg' with the following arguments: {'ament_cmake_args': None, 'build_base': '/home/pi/mowbot_pkg_v1_WORKING_DO_NOT_TOUCH/build/mowbot_pkg', 'catkin_cmake_args': None, 'catkin_skip_building_tests': False, 'cmake_args': None, 'cmake_clean_cache': False, 'cmake_clean_first': False, 'cmake_force_configure': False, 'cmake_target': None, 'cmake_target_skip_unavailable': False, 'install_base': '/home/pi/mowbot_pkg_v1_WORKING_DO_NOT_TOUCH/install/mowbot_pkg', 'merge_install': False, 'path': '/home/pi/mowbot_pkg_v1_WORKING_DO_NOT_TOUCH', 'symlink_install': False, 'test_result_base': None}
[3.019s] INFO:colcon.colcon_core.executor:Executing jobs using 'parallel' executor
[3.023s] DEBUG:colcon.colcon_parallel_executor.executor.parallel:run_until_complete
[3.024s] INFO:colcon.colcon_ros.task.ament_python.build:Building ROS package in '/home/pi/mowbot_pkg_v1_WORKING_DO_NOT_TOUCH' with build type 'ament_python'
[3.025s] Level 1:colcon.colcon_core.shell:create_environment_hook('mowbot_pkg', 'ament_prefix_path')
[3.052s] INFO:colcon.colcon_core.plugin_system:Skipping extension 'colcon_core.shell.bat': Not used on non-Windows systems
[3.053s] INFO:colcon.colcon_core.shell:Creating environment hook '/home/pi/mowbot_pkg_v1_WORKING_DO_NOT_TOUCH/install/mowbot_pkg/share/mowbot_pkg/hook/ament_prefix_path.ps1'
[3.063s] INFO:colcon.colcon_core.shell:Creating environment descriptor '/home/pi/mowbot_pkg_v1_WORKING_DO_NOT_TOUCH/install/mowbot_pkg/share/mowbot_pkg/hook/ament_prefix_path.dsv'
[3.074s] INFO:colcon.colcon_core.shell:Creating environment hook '/home/pi/mowbot_pkg_v1_WORKING_DO_NOT_TOUCH/install/mowbot_pkg/share/mowbot_pkg/hook/ament_prefix_path.sh'
[3.081s] INFO:colcon.colcon_core.shell:Skip shell extension 'powershell' for command environment: Not usable outside of PowerShell
[3.081s] DEBUG:colcon.colcon_core.shell:Skip shell extension 'dsv' for command environment
[4.611s] INFO:colcon.colcon_core.task.python.build:Building Python package in '/home/pi/mowbot_pkg_v1_WORKING_DO_NOT_TOUCH'
[4.612s] INFO:colcon.colcon_core.shell:Skip shell extension 'powershell' for command environment: Not usable outside of PowerShell
[4.613s] DEBUG:colcon.colcon_core.shell:Skip shell extension 'dsv' for command environment
[6.793s] DEBUG:colcon.colcon_core.event_handler.log_command:Invoking command in '/home/pi/mowbot_pkg_v1_WORKING_DO_NOT_TOUCH': PYTHONPATH=/home/pi/mowbot_pkg_v1_WORKING_DO_NOT_TOUCH/build/mowbot_pkg/prefix_override:/usr/lib/python3/dist-packages/colcon_core/task/python/colcon_distutils_commands:/home/pi/mowbot_pkg_v1_WORKING_DO_NOT_TOUCH/install/mowbot_pkg/lib/python3.10/site-packages:${PYTHONPATH} /usr/bin/python3 -W ignore:setup.py install is deprecated setup.py egg_info --egg-base build/mowbot_pkg build --build-base /home/pi/mowbot_pkg_v1_WORKING_DO_NOT_TOUCH/build/mowbot_pkg/build install --record /home/pi/mowbot_pkg_v1_WORKING_DO_NOT_TOUCH/build/mowbot_pkg/install.log --single-version-externally-managed install_data
[8.567s] DEBUG:colcon.colcon_core.event_handler.log_command:Invoked command in '/home/pi/mowbot_pkg_v1_WORKING_DO_NOT_TOUCH' returned '0': PYTHONPATH=/home/pi/mowbot_pkg_v1_WORKING_DO_NOT_TOUCH/build/mowbot_pkg/prefix_override:/usr/lib/python3/dist-packages/colcon_core/task/python/colcon_distutils_commands:/home/pi/mowbot_pkg_v1_WORKING_DO_NOT_TOUCH/install/mowbot_pkg/lib/python3.10/site-packages:${PYTHONPATH} /usr/bin/python3 -W ignore:setup.py install is deprecated setup.py egg_info --egg-base build/mowbot_pkg build --build-base /home/pi/mowbot_pkg_v1_WORKING_DO_NOT_TOUCH/build/mowbot_pkg/build install --record /home/pi/mowbot_pkg_v1_WORKING_DO_NOT_TOUCH/build/mowbot_pkg/install.log --single-version-externally-managed install_data
[8.595s] Level 1:colcon.colcon_core.environment:checking '/home/pi/mowbot_pkg_v1_WORKING_DO_NOT_TOUCH/install/mowbot_pkg' for CMake module files
[8.600s] Level 1:colcon.colcon_core.environment:checking '/home/pi/mowbot_pkg_v1_WORKING_DO_NOT_TOUCH/install/mowbot_pkg' for CMake config files
[8.621s] Level 1:colcon.colcon_core.environment:checking '/home/pi/mowbot_pkg_v1_WORKING_DO_NOT_TOUCH/install/mowbot_pkg/lib'
[8.622s] Level 1:colcon.colcon_core.environment:checking '/home/pi/mowbot_pkg_v1_WORKING_DO_NOT_TOUCH/install/mowbot_pkg/bin'
[8.622s] Level 1:colcon.colcon_core.environment:checking '/home/pi/mowbot_pkg_v1_WORKING_DO_NOT_TOUCH/install/mowbot_pkg/lib/pkgconfig/mowbot_pkg.pc'
[8.623s] Level 1:colcon.colcon_core.environment:checking '/home/pi/mowbot_pkg_v1_WORKING_DO_NOT_TOUCH/install/mowbot_pkg/lib/python3.10/site-packages'
[8.623s] Level 1:colcon.colcon_core.shell:create_environment_hook('mowbot_pkg', 'pythonpath')
[8.624s] INFO:colcon.colcon_core.shell:Creating environment hook '/home/pi/mowbot_pkg_v1_WORKING_DO_NOT_TOUCH/install/mowbot_pkg/share/mowbot_pkg/hook/pythonpath.ps1'
[8.626s] INFO:colcon.colcon_core.shell:Creating environment descriptor '/home/pi/mowbot_pkg_v1_WORKING_DO_NOT_TOUCH/install/mowbot_pkg/share/mowbot_pkg/hook/pythonpath.dsv'
[8.628s] INFO:colcon.colcon_core.shell:Creating environment hook '/home/pi/mowbot_pkg_v1_WORKING_DO_NOT_TOUCH/install/mowbot_pkg/share/mowbot_pkg/hook/pythonpath.sh'
[8.631s] Level 1:colcon.colcon_core.environment:checking '/home/pi/mowbot_pkg_v1_WORKING_DO_NOT_TOUCH/install/mowbot_pkg/bin'
[8.632s] Level 1:colcon.colcon_core.environment:create_environment_scripts_only(mowbot_pkg)
[8.633s] INFO:colcon.colcon_core.shell:Creating package script '/home/pi/mowbot_pkg_v1_WORKING_DO_NOT_TOUCH/install/mowbot_pkg/share/mowbot_pkg/package.ps1'
[8.647s] INFO:colcon.colcon_core.shell:Creating package descriptor '/home/pi/mowbot_pkg_v1_WORKING_DO_NOT_TOUCH/install/mowbot_pkg/share/mowbot_pkg/package.dsv'
[8.652s] INFO:colcon.colcon_core.shell:Creating package script '/home/pi/mowbot_pkg_v1_WORKING_DO_NOT_TOUCH/install/mowbot_pkg/share/mowbot_pkg/package.sh'
[8.657s] INFO:colcon.colcon_core.shell:Creating package script '/home/pi/mowbot_pkg_v1_WORKING_DO_NOT_TOUCH/install/mowbot_pkg/share/mowbot_pkg/package.bash'
[8.665s] INFO:colcon.colcon_core.shell:Creating package script '/home/pi/mowbot_pkg_v1_WORKING_DO_NOT_TOUCH/install/mowbot_pkg/share/mowbot_pkg/package.zsh'
[8.681s] Level 1:colcon.colcon_core.environment:create_file_with_runtime_dependencies(/home/pi/mowbot_pkg_v1_WORKING_DO_NOT_TOUCH/install/mowbot_pkg/share/colcon-core/packages/mowbot_pkg)
[8.683s] DEBUG:colcon.colcon_parallel_executor.executor.parallel:closing loop
[8.684s] DEBUG:colcon.colcon_parallel_executor.executor.parallel:loop closed
[8.685s] DEBUG:colcon.colcon_parallel_executor.executor.parallel:run_until_complete finished with '0'
[8.685s] DEBUG:colcon.colcon_core.event_reactor:joining thread
[8.721s] INFO:colcon.colcon_core.plugin_system:Skipping extension 'colcon_notification.desktop_notification.terminal_notifier': Not used on non-Darwin systems
[8.721s] INFO:colcon.colcon_core.plugin_system:Skipping extension 'colcon_notification.desktop_notification.win32': Not used on non-Windows systems
[8.721s] INFO:colcon.colcon_notification.desktop_notification:Sending desktop notification using 'notify2'
[8.840s] DEBUG:colcon.colcon_core.event_reactor:joined thread
[8.842s] INFO:colcon.colcon_core.shell:Creating prefix script '/home/pi/mowbot_pkg_v1_WORKING_DO_NOT_TOUCH/install/local_setup.ps1'
[8.848s] INFO:colcon.colcon_core.shell:Creating prefix util module '/home/pi/mowbot_pkg_v1_WORKING_DO_NOT_TOUCH/install/_local_setup_util_ps1.py'
[8.856s] INFO:colcon.colcon_core.shell:Creating prefix chain script '/home/pi/mowbot_pkg_v1_WORKING_DO_NOT_TOUCH/install/setup.ps1'
[8.863s] INFO:colcon.colcon_core.shell:Creating prefix script '/home/pi/mowbot_pkg_v1_WORKING_DO_NOT_TOUCH/install/local_setup.sh'
[8.867s] INFO:colcon.colcon_core.shell:Creating prefix util module '/home/pi/mowbot_pkg_v1_WORKING_DO_NOT_TOUCH/install/_local_setup_util_sh.py'
[8.870s] INFO:colcon.colcon_core.shell:Creating prefix chain script '/home/pi/mowbot_pkg_v1_WORKING_DO_NOT_TOUCH/install/setup.sh'
[8.884s] INFO:colcon.colcon_core.shell:Creating prefix script '/home/pi/mowbot_pkg_v1_WORKING_DO_NOT_TOUCH/install/local_setup.bash'
[8.888s] INFO:colcon.colcon_core.shell:Creating prefix chain script '/home/pi/mowbot_pkg_v1_WORKING_DO_NOT_TOUCH/install/setup.bash'
[8.894s] INFO:colcon.colcon_core.shell:Creating prefix script '/home/pi/mowbot_pkg_v1_WORKING_DO_NOT_TOUCH/install/local_setup.zsh'
[8.902s] INFO:colcon.colcon_core.shell:Creating prefix chain script '/home/pi/mowbot_pkg_v1_WORKING_DO_NOT_TOUCH/install/setup.zsh'
