[3.611s] Invoking command in '/home/pi/mowbot_pkg_v1_WORKING_DO_NOT_TOUCH': PYTHONPATH=/home/pi/mowbot_pkg_v1_WORKING_DO_NOT_TOUCH/build/mowbot_pkg/prefix_override:/usr/lib/python3/dist-packages/colcon_core/task/python/colcon_distutils_commands:/home/pi/mowbot_pkg_v1_WORKING_DO_NOT_TOUCH/install/mowbot_pkg/lib/python3.10/site-packages:${PYTHONPATH} /usr/bin/python3 -W ignore:setup.py install is deprecated setup.py egg_info --egg-base build/mowbot_pkg build --build-base /home/pi/mowbot_pkg_v1_WORKING_DO_NOT_TOUCH/build/mowbot_pkg/build install --record /home/pi/mowbot_pkg_v1_WORKING_DO_NOT_TOUCH/build/mowbot_pkg/install.log --single-version-externally-managed install_data
[4.968s] running egg_info
[4.972s] writing build/mowbot_pkg/mowbot_pkg.egg-info/PKG-INFO
[4.974s] writing dependency_links to build/mowbot_pkg/mowbot_pkg.egg-info/dependency_links.txt
[4.975s] writing entry points to build/mowbot_pkg/mowbot_pkg.egg-info/entry_points.txt
[4.976s] writing requirements to build/mowbot_pkg/mowbot_pkg.egg-info/requires.txt
[4.976s] writing top-level names to build/mowbot_pkg/mowbot_pkg.egg-info/top_level.txt
[4.986s] reading manifest file 'build/mowbot_pkg/mowbot_pkg.egg-info/SOURCES.txt'
[4.992s] writing manifest file 'build/mowbot_pkg/mowbot_pkg.egg-info/SOURCES.txt'
[4.993s] running build
[4.993s] running build_py
[4.994s] copying ./mowbot_pkg/roboclaw_control.py -> /home/pi/mowbot_pkg_v1_WORKING_DO_NOT_TOUCH/build/mowbot_pkg/build/lib/mowbot_pkg
[4.998s] running install
[4.999s] running install_lib
[5.004s] copying /home/pi/mowbot_pkg_v1_WORKING_DO_NOT_TOUCH/build/mowbot_pkg/build/lib/mowbot_pkg/roboclaw_control.py -> /home/pi/mowbot_pkg_v1_WORKING_DO_NOT_TOUCH/install/mowbot_pkg/lib/python3.10/site-packages/mowbot_pkg
[5.008s] byte-compiling /home/pi/mowbot_pkg_v1_WORKING_DO_NOT_TOUCH/install/mowbot_pkg/lib/python3.10/site-packages/mowbot_pkg/roboclaw_control.py to roboclaw_control.cpython-310.pyc
[5.012s] running install_data
[5.013s] running install_egg_info
[5.021s] removing '/home/pi/mowbot_pkg_v1_WORKING_DO_NOT_TOUCH/install/mowbot_pkg/lib/python3.10/site-packages/mowbot_pkg-0.0.1-py3.10.egg-info' (and everything under it)
[5.023s] Copying build/mowbot_pkg/mowbot_pkg.egg-info to /home/pi/mowbot_pkg_v1_WORKING_DO_NOT_TOUCH/install/mowbot_pkg/lib/python3.10/site-packages/mowbot_pkg-0.0.1-py3.10.egg-info
[5.030s] running install_scripts
[5.124s] Installing roboclaw_control script to /home/pi/mowbot_pkg_v1_WORKING_DO_NOT_TOUCH/install/mowbot_pkg/lib/mowbot_pkg
[5.127s] writing list of installed files to '/home/pi/mowbot_pkg_v1_WORKING_DO_NOT_TOUCH/build/mowbot_pkg/install.log'
[5.251s] Invoked command in '/home/pi/mowbot_pkg_v1_WORKING_DO_NOT_TOUCH' returned '0': PYTHONPATH=/home/pi/mowbot_pkg_v1_WORKING_DO_NOT_TOUCH/build/mowbot_pkg/prefix_override:/usr/lib/python3/dist-packages/colcon_core/task/python/colcon_distutils_commands:/home/pi/mowbot_pkg_v1_WORKING_DO_NOT_TOUCH/install/mowbot_pkg/lib/python3.10/site-packages:${PYTHONPATH} /usr/bin/python3 -W ignore:setup.py install is deprecated setup.py egg_info --egg-base build/mowbot_pkg build --build-base /home/pi/mowbot_pkg_v1_WORKING_DO_NOT_TOUCH/build/mowbot_pkg/build install --record /home/pi/mowbot_pkg_v1_WORKING_DO_NOT_TOUCH/build/mowbot_pkg/install.log --single-version-externally-managed install_data
