[1.435s] Invoking command in '/home/pi/mowbot_pkg_v1': DEBUGINFOD_URLS=https://debuginfod.ubuntu.com PYTHONPATH=/home/pi/mowbot_pkg_v1/build/mowbot_pkg/prefix_override:/usr/lib/python3/dist-packages/colcon_core/task/python/colcon_distutils_commands:/home/pi/mowbot_pkg_v1/install/mowbot_pkg/lib/python3.12/site-packages:${PYTHONPATH} /usr/bin/python3 -W ignore:setup.py install is deprecated setup.py egg_info --egg-base build/mowbot_pkg build --build-base /home/pi/mowbot_pkg_v1/build/mowbot_pkg/build install --record /home/pi/mowbot_pkg_v1/build/mowbot_pkg/install.log --install-scripts $base/lib/mowbot_pkg --single-version-externally-managed install_data
[1.607s] /usr/lib/python3/dist-packages/setuptools/dist.py:744: SetuptoolsDeprecationWarning: Invalid dash-separated options
[1.607s] !!
[1.607s] 
[1.607s]         ********************************************************************************
[1.607s]         Usage of dash-separated 'script-dir' will not be supported in future
[1.608s]         versions. Please use the underscore name 'script_dir' instead.
[1.608s] 
[1.608s]         This deprecation is overdue, please update your project and remove deprecated
[1.608s]         calls to avoid build errors in the future.
[1.608s] 
[1.608s]         See https://setuptools.pypa.io/en/latest/userguide/declarative_config.html for details.
[1.608s]         ********************************************************************************
[1.608s] 
[1.608s] !!
[1.608s]   opt = self.warn_dash_deprecation(opt, section)
[1.778s] running egg_info
[1.778s] creating build/mowbot_pkg/mowbot_pkg.egg-info
[1.802s] writing build/mowbot_pkg/mowbot_pkg.egg-info/PKG-INFO
[1.802s] writing dependency_links to build/mowbot_pkg/mowbot_pkg.egg-info/dependency_links.txt
[1.802s] writing entry points to build/mowbot_pkg/mowbot_pkg.egg-info/entry_points.txt
[1.802s] writing requirements to build/mowbot_pkg/mowbot_pkg.egg-info/requires.txt
[1.803s] writing top-level names to build/mowbot_pkg/mowbot_pkg.egg-info/top_level.txt
[1.803s] writing manifest file 'build/mowbot_pkg/mowbot_pkg.egg-info/SOURCES.txt'
[1.852s] reading manifest file 'build/mowbot_pkg/mowbot_pkg.egg-info/SOURCES.txt'
[1.853s] writing manifest file 'build/mowbot_pkg/mowbot_pkg.egg-info/SOURCES.txt'
[1.853s] running build
[1.853s] running build_py
[1.854s] creating /home/pi/mowbot_pkg_v1/build/mowbot_pkg/build
[1.854s] creating /home/pi/mowbot_pkg_v1/build/mowbot_pkg/build/lib
[1.854s] creating /home/pi/mowbot_pkg_v1/build/mowbot_pkg/build/lib/mowbot_pkg
[1.854s] copying mowbot_pkg/__init__.py -> /home/pi/mowbot_pkg_v1/build/mowbot_pkg/build/lib/mowbot_pkg
[1.854s] copying mowbot_pkg/roboclaw_control.py -> /home/pi/mowbot_pkg_v1/build/mowbot_pkg/build/lib/mowbot_pkg
[1.854s] running install
[1.863s] running install_lib
[1.888s] creating /home/pi/mowbot_pkg_v1/install/mowbot_pkg/lib/python3.12/site-packages/mowbot_pkg
[1.888s] copying /home/pi/mowbot_pkg_v1/build/mowbot_pkg/build/lib/mowbot_pkg/__init__.py -> /home/pi/mowbot_pkg_v1/install/mowbot_pkg/lib/python3.12/site-packages/mowbot_pkg
[1.888s] copying /home/pi/mowbot_pkg_v1/build/mowbot_pkg/build/lib/mowbot_pkg/roboclaw_control.py -> /home/pi/mowbot_pkg_v1/install/mowbot_pkg/lib/python3.12/site-packages/mowbot_pkg
[1.889s] byte-compiling /home/pi/mowbot_pkg_v1/install/mowbot_pkg/lib/python3.12/site-packages/mowbot_pkg/__init__.py to __init__.cpython-312.pyc
[1.889s] byte-compiling /home/pi/mowbot_pkg_v1/install/mowbot_pkg/lib/python3.12/site-packages/mowbot_pkg/roboclaw_control.py to roboclaw_control.cpython-312.pyc
[1.890s] running install_data
[1.890s] creating /home/pi/mowbot_pkg_v1/install/mowbot_pkg/share/ament_index
[1.891s] creating /home/pi/mowbot_pkg_v1/install/mowbot_pkg/share/ament_index/resource_index
[1.891s] creating /home/pi/mowbot_pkg_v1/install/mowbot_pkg/share/ament_index/resource_index/packages
[1.891s] copying resource/mowbot_pkg -> /home/pi/mowbot_pkg_v1/install/mowbot_pkg/share/ament_index/resource_index/packages
[1.891s] copying package.xml -> /home/pi/mowbot_pkg_v1/install/mowbot_pkg/share/mowbot_pkg
[1.891s] creating /home/pi/mowbot_pkg_v1/install/mowbot_pkg/share/mowbot_pkg/launch
[1.891s] copying launch/roboclaw_control_launch.py -> /home/pi/mowbot_pkg_v1/install/mowbot_pkg/share/mowbot_pkg/launch
[1.891s] creating /home/pi/mowbot_pkg_v1/install/mowbot_pkg/share/mowbot_pkg/config
[1.891s] copying config/ps4.config.yaml -> /home/pi/mowbot_pkg_v1/install/mowbot_pkg/share/mowbot_pkg/config
[1.891s] running install_egg_info
[1.918s] Copying build/mowbot_pkg/mowbot_pkg.egg-info to /home/pi/mowbot_pkg_v1/install/mowbot_pkg/lib/python3.12/site-packages/mowbot_pkg-0.0.1-py3.12.egg-info
[1.919s] running install_scripts
[2.087s] Installing roboclaw_control script to /home/pi/mowbot_pkg_v1/install/mowbot_pkg/lib/mowbot_pkg
[2.088s] writing list of installed files to '/home/pi/mowbot_pkg_v1/build/mowbot_pkg/install.log'
[2.164s] Invoked command in '/home/pi/mowbot_pkg_v1' returned '0': DEBUGINFOD_URLS=https://debuginfod.ubuntu.com PYTHONPATH=/home/pi/mowbot_pkg_v1/build/mowbot_pkg/prefix_override:/usr/lib/python3/dist-packages/colcon_core/task/python/colcon_distutils_commands:/home/pi/mowbot_pkg_v1/install/mowbot_pkg/lib/python3.12/site-packages:${PYTHONPATH} /usr/bin/python3 -W ignore:setup.py install is deprecated setup.py egg_info --egg-base build/mowbot_pkg build --build-base /home/pi/mowbot_pkg_v1/build/mowbot_pkg/build install --record /home/pi/mowbot_pkg_v1/build/mowbot_pkg/install.log --install-scripts $base/lib/mowbot_pkg --single-version-externally-managed install_data
