[1.147s] Invoking command in '/home/pi/mowbot_pkg_v2_lidar': DEBUGINFOD_URLS=https://debuginfod.ubuntu.com PYTHONPATH=/home/pi/mowbot_pkg_v2_lidar/build/mowbot_pkg/prefix_override:/usr/lib/python3/dist-packages/colcon_core/task/python/colcon_distutils_commands:/home/pi/mowbot_pkg_v2_lidar/install/mowbot_pkg/lib/python3.12/site-packages:${PYTHONPATH} /usr/bin/python3 -W ignore:setup.py install is deprecated setup.py egg_info --egg-base build/mowbot_pkg build --build-base /home/pi/mowbot_pkg_v2_lidar/build/mowbot_pkg/build install --record /home/pi/mowbot_pkg_v2_lidar/build/mowbot_pkg/install.log --single-version-externally-managed install_data
[1.504s] running egg_info
[1.530s] writing build/mowbot_pkg/mowbot_pkg.egg-info/PKG-INFO
[1.530s] writing dependency_links to build/mowbot_pkg/mowbot_pkg.egg-info/dependency_links.txt
[1.531s] writing entry points to build/mowbot_pkg/mowbot_pkg.egg-info/entry_points.txt
[1.533s] writing requirements to build/mowbot_pkg/mowbot_pkg.egg-info/requires.txt
[1.534s] writing top-level names to build/mowbot_pkg/mowbot_pkg.egg-info/top_level.txt
[1.589s] reading manifest file 'build/mowbot_pkg/mowbot_pkg.egg-info/SOURCES.txt'
[1.590s] writing manifest file 'build/mowbot_pkg/mowbot_pkg.egg-info/SOURCES.txt'
[1.590s] running build
[1.590s] running build_py
[1.590s] running install
[1.599s] running install_lib
[1.627s] running install_data
[1.627s] copying launch/roboclaw_control_launch.py -> /home/pi/mowbot_pkg_v2_lidar/install/mowbot_pkg/share/mowbot_pkg/launch
[1.627s] running install_egg_info
[1.655s] removing '/home/pi/mowbot_pkg_v2_lidar/install/mowbot_pkg/lib/python3.12/site-packages/mowbot_pkg-0.0.1-py3.12.egg-info' (and everything under it)
[1.655s] Copying build/mowbot_pkg/mowbot_pkg.egg-info to /home/pi/mowbot_pkg_v2_lidar/install/mowbot_pkg/lib/python3.12/site-packages/mowbot_pkg-0.0.1-py3.12.egg-info
[1.656s] running install_scripts
[1.837s] Installing roboclaw_control script to /home/pi/mowbot_pkg_v2_lidar/install/mowbot_pkg/lib/mowbot_pkg
[1.838s] writing list of installed files to '/home/pi/mowbot_pkg_v2_lidar/build/mowbot_pkg/install.log'
[1.913s] Invoked command in '/home/pi/mowbot_pkg_v2_lidar' returned '0': DEBUGINFOD_URLS=https://debuginfod.ubuntu.com PYTHONPATH=/home/pi/mowbot_pkg_v2_lidar/build/mowbot_pkg/prefix_override:/usr/lib/python3/dist-packages/colcon_core/task/python/colcon_distutils_commands:/home/pi/mowbot_pkg_v2_lidar/install/mowbot_pkg/lib/python3.12/site-packages:${PYTHONPATH} /usr/bin/python3 -W ignore:setup.py install is deprecated setup.py egg_info --egg-base build/mowbot_pkg build --build-base /home/pi/mowbot_pkg_v2_lidar/build/mowbot_pkg/build install --record /home/pi/mowbot_pkg_v2_lidar/build/mowbot_pkg/install.log --single-version-externally-managed install_data
