[1.066s] DEBUG:colcon:Command line arguments: ['/usr/bin/colcon', 'build', '--packages-select', 'mowbot_teleop', '--symlink-install']
[1.066s] DEBUG:colcon:Parsed command line arguments: Namespace(log_base=None, log_level=None, verb_name='build', build_base='build', install_base='install', merge_install=False, symlink_install=True, test_result_base=None, continue_on_error=False, executor='parallel', parallel_workers=4, event_handlers=None, ignore_user_meta=False, metas=['./colcon.meta'], base_paths=['.'], packages_ignore=None, packages_ignore_regex=None, paths=None, packages_up_to=None, packages_up_to_regex=None, packages_above=None, packages_above_and_dependencies=None, packages_above_depth=None, packages_select_by_dep=None, packages_skip_by_dep=None, packages_skip_up_to=None, packages_select_build_failed=False, packages_skip_build_finished=False, packages_select_test_failures=False, packages_skip_test_passed=False, packages_select=['mowbot_teleop'], packages_skip=None, packages_select_regex=None, packages_skip_regex=None, packages_start=None, packages_end=None, allow_overriding=[], cmake_args=None, cmake_target=None, cmake_target_skip_unavailable=False, cmake_clean_cache=False, cmake_clean_first=False, cmake_force_configure=False, ament_cmake_args=None, catkin_cmake_args=None, catkin_skip_building_tests=False, mixin_files=None, mixin=None, verb_parser=<colcon_mixin.mixin.mixin_argument.MixinArgumentDecorator object at 0x7fa41927a0>, verb_extension=<colcon_core.verb.build.BuildVerb object at 0x7fa4192200>, main=<bound method BuildVerb.main of <colcon_core.verb.build.BuildVerb object at 0x7fa4192200>>, mixin_verb=('build',))
[2.239s] Level 1:colcon.colcon_core.package_discovery:discover_packages(colcon_meta) check parameters
[2.240s] Level 1:colcon.colcon_core.package_discovery:discover_packages(recursive) check parameters
[2.240s] Level 1:colcon.colcon_core.package_discovery:discover_packages(ignore) check parameters
[2.240s] Level 1:colcon.colcon_core.package_discovery:discover_packages(path) check parameters
[2.240s] Level 1:colcon.colcon_core.package_discovery:discover_packages(colcon_meta) discover
[2.240s] Level 1:colcon.colcon_core.package_discovery:discover_packages(recursive) discover
[2.241s] INFO:colcon.colcon_core.package_discovery:Crawling recursively for packages in '/home/dadmin/mowbot_teleop'
[2.241s] Level 1:colcon.colcon_core.package_identification:_identify(.) by extensions ['ignore', 'ignore_ament_install']
[2.241s] Level 1:colcon.colcon_core.package_identification:_identify(.) by extension 'ignore'
[2.242s] Level 1:colcon.colcon_core.package_identification:_identify(.) by extension 'ignore_ament_install'
[2.242s] Level 1:colcon.colcon_core.package_identification:_identify(.) by extensions ['colcon_pkg']
[2.242s] Level 1:colcon.colcon_core.package_identification:_identify(.) by extension 'colcon_pkg'
[2.242s] Level 1:colcon.colcon_core.package_identification:_identify(.) by extensions ['colcon_meta']
[2.249s] Level 1:colcon.colcon_core.package_identification:_identify(.) by extension 'colcon_meta'
[2.250s] Level 1:colcon.colcon_core.package_identification:_identify(.) by extensions ['ros']
[2.250s] Level 1:colcon.colcon_core.package_identification:_identify(.) by extension 'ros'
[2.323s] Level 1:colcon.colcon_core.package_identification:_identify(.) by extensions ['cmake', 'python']
[2.323s] Level 1:colcon.colcon_core.package_identification:_identify(.) by extension 'cmake'
[2.323s] Level 1:colcon.colcon_core.package_identification:_identify(.) by extension 'python'
[2.323s] Level 1:colcon.colcon_core.package_identification:_identify(.) by extensions ['python_setup_py']
[2.324s] Level 1:colcon.colcon_core.package_identification:_identify(.) by extension 'python_setup_py'
[2.324s] Level 1:colcon.colcon_core.package_identification:_identify(build) by extensions ['ignore', 'ignore_ament_install']
[2.324s] Level 1:colcon.colcon_core.package_identification:_identify(build) by extension 'ignore'
[2.325s] Level 1:colcon.colcon_core.package_identification:_identify(build) ignored
[2.325s] Level 1:colcon.colcon_core.package_identification:_identify(install) by extensions ['ignore', 'ignore_ament_install']
[2.326s] Level 1:colcon.colcon_core.package_identification:_identify(install) by extension 'ignore'
[2.326s] Level 1:colcon.colcon_core.package_identification:_identify(install) ignored
[2.326s] Level 1:colcon.colcon_core.package_identification:_identify(log) by extensions ['ignore', 'ignore_ament_install']
[2.327s] Level 1:colcon.colcon_core.package_identification:_identify(log) by extension 'ignore'
[2.327s] Level 1:colcon.colcon_core.package_identification:_identify(log) ignored
[2.327s] Level 1:colcon.colcon_core.package_identification:_identify(src) by extensions ['ignore', 'ignore_ament_install']
[2.327s] Level 1:colcon.colcon_core.package_identification:_identify(src) by extension 'ignore'
[2.328s] Level 1:colcon.colcon_core.package_identification:_identify(src) by extension 'ignore_ament_install'
[2.328s] Level 1:colcon.colcon_core.package_identification:_identify(src) by extensions ['colcon_pkg']
[2.328s] Level 1:colcon.colcon_core.package_identification:_identify(src) by extension 'colcon_pkg'
[2.328s] Level 1:colcon.colcon_core.package_identification:_identify(src) by extensions ['colcon_meta']
[2.328s] Level 1:colcon.colcon_core.package_identification:_identify(src) by extension 'colcon_meta'
[2.329s] Level 1:colcon.colcon_core.package_identification:_identify(src) by extensions ['ros']
[2.329s] Level 1:colcon.colcon_core.package_identification:_identify(src) by extension 'ros'
[2.329s] Level 1:colcon.colcon_core.package_identification:_identify(src) by extensions ['cmake', 'python']
[2.329s] Level 1:colcon.colcon_core.package_identification:_identify(src) by extension 'cmake'
[2.330s] Level 1:colcon.colcon_core.package_identification:_identify(src) by extension 'python'
[2.330s] Level 1:colcon.colcon_core.package_identification:_identify(src) by extensions ['python_setup_py']
[2.330s] Level 1:colcon.colcon_core.package_identification:_identify(src) by extension 'python_setup_py'
[2.330s] Level 1:colcon.colcon_core.package_identification:_identify(src/mowbot_teleop) by extensions ['ignore', 'ignore_ament_install']
[2.331s] Level 1:colcon.colcon_core.package_identification:_identify(src/mowbot_teleop) by extension 'ignore'
[2.331s] Level 1:colcon.colcon_core.package_identification:_identify(src/mowbot_teleop) by extension 'ignore_ament_install'
[2.331s] Level 1:colcon.colcon_core.package_identification:_identify(src/mowbot_teleop) by extensions ['colcon_pkg']
[2.332s] Level 1:colcon.colcon_core.package_identification:_identify(src/mowbot_teleop) by extension 'colcon_pkg'
[2.332s] Level 1:colcon.colcon_core.package_identification:_identify(src/mowbot_teleop) by extensions ['colcon_meta']
[2.332s] Level 1:colcon.colcon_core.package_identification:_identify(src/mowbot_teleop) by extension 'colcon_meta'
[2.332s] Level 1:colcon.colcon_core.package_identification:_identify(src/mowbot_teleop) by extensions ['ros']
[2.332s] Level 1:colcon.colcon_core.package_identification:_identify(src/mowbot_teleop) by extension 'ros'
[2.347s] DEBUG:colcon.colcon_core.package_identification:Package 'src/mowbot_teleop' with type 'ros.ament_python' and name 'mowbot_teleop'
[2.347s] Level 1:colcon.colcon_core.package_discovery:discover_packages(recursive) using defaults
[2.347s] Level 1:colcon.colcon_core.package_discovery:discover_packages(ignore) discover
[2.348s] Level 1:colcon.colcon_core.package_discovery:discover_packages(ignore) using defaults
[2.348s] Level 1:colcon.colcon_core.package_discovery:discover_packages(path) discover
[2.348s] Level 1:colcon.colcon_core.package_discovery:discover_packages(path) using defaults
[2.540s] Level 1:colcon.colcon_core.package_discovery:discover_packages(prefix_path) check parameters
[2.540s] Level 1:colcon.colcon_core.package_discovery:discover_packages(prefix_path) discover
[2.548s] WARNING:colcon.colcon_ros.prefix_path.ament:The path '/home/dadmin/mowbot_teleop/install/mowbot_teleop' in the environment variable AMENT_PREFIX_PATH doesn't exist
[2.553s] DEBUG:colcon.colcon_installed_package_information.package_discovery:Found 1 installed packages in /home/dadmin/mowbot_teleop_bringup/install
[2.556s] DEBUG:colcon.colcon_installed_package_information.package_discovery:Found 0 installed packages in /home/dadmin/mowbot_teleop/install
[2.564s] DEBUG:colcon.colcon_installed_package_information.package_discovery:Found 277 installed packages in /opt/ros/humble
[2.575s] Level 1:colcon.colcon_core.package_discovery:discover_packages(prefix_path) using defaults
[2.805s] Level 5:colcon.colcon_core.verb:set package 'mowbot_teleop' build argument 'cmake_args' from command line to 'None'
[2.806s] Level 5:colcon.colcon_core.verb:set package 'mowbot_teleop' build argument 'cmake_target' from command line to 'None'
[2.806s] Level 5:colcon.colcon_core.verb:set package 'mowbot_teleop' build argument 'cmake_target_skip_unavailable' from command line to 'False'
[2.806s] Level 5:colcon.colcon_core.verb:set package 'mowbot_teleop' build argument 'cmake_clean_cache' from command line to 'False'
[2.807s] Level 5:colcon.colcon_core.verb:set package 'mowbot_teleop' build argument 'cmake_clean_first' from command line to 'False'
[2.807s] Level 5:colcon.colcon_core.verb:set package 'mowbot_teleop' build argument 'cmake_force_configure' from command line to 'False'
[2.807s] Level 5:colcon.colcon_core.verb:set package 'mowbot_teleop' build argument 'ament_cmake_args' from command line to 'None'
[2.807s] Level 5:colcon.colcon_core.verb:set package 'mowbot_teleop' build argument 'catkin_cmake_args' from command line to 'None'
[2.807s] Level 5:colcon.colcon_core.verb:set package 'mowbot_teleop' build argument 'catkin_skip_building_tests' from command line to 'False'
[2.808s] DEBUG:colcon.colcon_core.verb:Building package 'mowbot_teleop' with the following arguments: {'ament_cmake_args': None, 'build_base': '/home/dadmin/mowbot_teleop/build/mowbot_teleop', 'catkin_cmake_args': None, 'catkin_skip_building_tests': False, 'cmake_args': None, 'cmake_clean_cache': False, 'cmake_clean_first': False, 'cmake_force_configure': False, 'cmake_target': None, 'cmake_target_skip_unavailable': False, 'install_base': '/home/dadmin/mowbot_teleop/install/mowbot_teleop', 'merge_install': False, 'path': '/home/dadmin/mowbot_teleop/src/mowbot_teleop', 'symlink_install': True, 'test_result_base': None}
[2.808s] INFO:colcon.colcon_core.executor:Executing jobs using 'parallel' executor
[2.812s] DEBUG:colcon.colcon_parallel_executor.executor.parallel:run_until_complete
[2.813s] INFO:colcon.colcon_ros.task.ament_python.build:Building ROS package in '/home/dadmin/mowbot_teleop/src/mowbot_teleop' with build type 'ament_python'
[2.814s] Level 1:colcon.colcon_core.shell:create_environment_hook('mowbot_teleop', 'ament_prefix_path')
[2.842s] INFO:colcon.colcon_core.plugin_system:Skipping extension 'colcon_core.shell.bat': Not used on non-Windows systems
[2.844s] INFO:colcon.colcon_core.shell:Creating environment hook '/home/dadmin/mowbot_teleop/install/mowbot_teleop/share/mowbot_teleop/hook/ament_prefix_path.ps1'
[2.848s] INFO:colcon.colcon_core.shell:Creating environment descriptor '/home/dadmin/mowbot_teleop/install/mowbot_teleop/share/mowbot_teleop/hook/ament_prefix_path.dsv'
[2.850s] INFO:colcon.colcon_core.shell:Creating environment hook '/home/dadmin/mowbot_teleop/install/mowbot_teleop/share/mowbot_teleop/hook/ament_prefix_path.sh'
[2.859s] INFO:colcon.colcon_core.shell:Skip shell extension 'powershell' for command environment: Not usable outside of PowerShell
[2.859s] DEBUG:colcon.colcon_core.shell:Skip shell extension 'dsv' for command environment
[4.237s] INFO:colcon.colcon_core.task.python.build:Building Python package in '/home/dadmin/mowbot_teleop/src/mowbot_teleop'
[4.239s] INFO:colcon.colcon_core.shell:Skip shell extension 'powershell' for command environment: Not usable outside of PowerShell
[4.240s] DEBUG:colcon.colcon_core.shell:Skip shell extension 'dsv' for command environment
[6.102s] DEBUG:colcon.colcon_core.event_handler.log_command:Invoking command in '/home/dadmin/mowbot_teleop/build/mowbot_teleop': PYTHONPATH=/home/dadmin/mowbot_teleop/build/mowbot_teleop/prefix_override:/usr/lib/python3/dist-packages/colcon_core/task/python/colcon_distutils_commands:/home/dadmin/mowbot_teleop/install/mowbot_teleop/lib/python3.10/site-packages:${PYTHONPATH} /usr/bin/python3 -W ignore:setup.py install is deprecated setup.py develop --editable --build-directory /home/dadmin/mowbot_teleop/build/mowbot_teleop/build --no-deps symlink_data
[8.542s] Level 1:colcon.colcon_core.shell:create_environment_hook('mowbot_teleop', 'pythonpath_develop')
[8.545s] INFO:colcon.colcon_core.shell:Creating environment hook '/home/dadmin/mowbot_teleop/build/mowbot_teleop/share/mowbot_teleop/hook/pythonpath_develop.ps1'
[8.547s] DEBUG:colcon.colcon_core.event_handler.log_command:Invoked command in '/home/dadmin/mowbot_teleop/build/mowbot_teleop' returned '0': PYTHONPATH=/home/dadmin/mowbot_teleop/build/mowbot_teleop/prefix_override:/usr/lib/python3/dist-packages/colcon_core/task/python/colcon_distutils_commands:/home/dadmin/mowbot_teleop/install/mowbot_teleop/lib/python3.10/site-packages:${PYTHONPATH} /usr/bin/python3 -W ignore:setup.py install is deprecated setup.py develop --editable --build-directory /home/dadmin/mowbot_teleop/build/mowbot_teleop/build --no-deps symlink_data
[8.551s] INFO:colcon.colcon_core.shell:Creating environment descriptor '/home/dadmin/mowbot_teleop/build/mowbot_teleop/share/mowbot_teleop/hook/pythonpath_develop.dsv'
[8.553s] INFO:colcon.colcon_core.shell:Creating environment hook '/home/dadmin/mowbot_teleop/build/mowbot_teleop/share/mowbot_teleop/hook/pythonpath_develop.sh'
[8.593s] Level 1:colcon.colcon_core.environment:checking '/home/dadmin/mowbot_teleop/install/mowbot_teleop' for CMake module files
[8.595s] Level 1:colcon.colcon_core.environment:checking '/home/dadmin/mowbot_teleop/install/mowbot_teleop' for CMake config files
[8.597s] Level 1:colcon.colcon_core.environment:checking '/home/dadmin/mowbot_teleop/install/mowbot_teleop/lib'
[8.598s] Level 1:colcon.colcon_core.environment:checking '/home/dadmin/mowbot_teleop/install/mowbot_teleop/bin'
[8.598s] Level 1:colcon.colcon_core.environment:checking '/home/dadmin/mowbot_teleop/install/mowbot_teleop/lib/pkgconfig/mowbot_teleop.pc'
[8.599s] Level 1:colcon.colcon_core.environment:checking '/home/dadmin/mowbot_teleop/install/mowbot_teleop/lib/python3.10/site-packages'
[8.599s] Level 1:colcon.colcon_core.shell:create_environment_hook('mowbot_teleop', 'pythonpath')
[8.600s] INFO:colcon.colcon_core.shell:Creating environment hook '/home/dadmin/mowbot_teleop/install/mowbot_teleop/share/mowbot_teleop/hook/pythonpath.ps1'
[8.602s] INFO:colcon.colcon_core.shell:Creating environment descriptor '/home/dadmin/mowbot_teleop/install/mowbot_teleop/share/mowbot_teleop/hook/pythonpath.dsv'
[8.603s] INFO:colcon.colcon_core.shell:Creating environment hook '/home/dadmin/mowbot_teleop/install/mowbot_teleop/share/mowbot_teleop/hook/pythonpath.sh'
[8.605s] Level 1:colcon.colcon_core.environment:checking '/home/dadmin/mowbot_teleop/install/mowbot_teleop/bin'
[8.606s] Level 1:colcon.colcon_core.environment:create_environment_scripts_only(mowbot_teleop)
[8.608s] INFO:colcon.colcon_core.shell:Creating package script '/home/dadmin/mowbot_teleop/install/mowbot_teleop/share/mowbot_teleop/package.ps1'
[8.618s] INFO:colcon.colcon_core.shell:Creating package descriptor '/home/dadmin/mowbot_teleop/install/mowbot_teleop/share/mowbot_teleop/package.dsv'
[8.621s] INFO:colcon.colcon_core.shell:Creating package script '/home/dadmin/mowbot_teleop/install/mowbot_teleop/share/mowbot_teleop/package.sh'
[8.625s] INFO:colcon.colcon_core.shell:Creating package script '/home/dadmin/mowbot_teleop/install/mowbot_teleop/share/mowbot_teleop/package.bash'
[8.634s] INFO:colcon.colcon_core.shell:Creating package script '/home/dadmin/mowbot_teleop/install/mowbot_teleop/share/mowbot_teleop/package.zsh'
[8.643s] Level 1:colcon.colcon_core.environment:create_file_with_runtime_dependencies(/home/dadmin/mowbot_teleop/install/mowbot_teleop/share/colcon-core/packages/mowbot_teleop)
[8.644s] DEBUG:colcon.colcon_parallel_executor.executor.parallel:closing loop
[8.645s] DEBUG:colcon.colcon_parallel_executor.executor.parallel:loop closed
[8.646s] DEBUG:colcon.colcon_parallel_executor.executor.parallel:run_until_complete finished with '0'
[8.647s] DEBUG:colcon.colcon_core.event_reactor:joining thread
[8.667s] INFO:colcon.colcon_core.plugin_system:Skipping extension 'colcon_notification.desktop_notification.terminal_notifier': Not used on non-Darwin systems
[8.668s] INFO:colcon.colcon_core.plugin_system:Skipping extension 'colcon_notification.desktop_notification.win32': Not used on non-Windows systems
[8.668s] INFO:colcon.colcon_notification.desktop_notification:Sending desktop notification using 'notify2'
[8.760s] DEBUG:colcon.colcon_core.event_reactor:joined thread
[8.761s] INFO:colcon.colcon_core.shell:Creating prefix script '/home/dadmin/mowbot_teleop/install/local_setup.ps1'
[8.767s] INFO:colcon.colcon_core.shell:Creating prefix util module '/home/dadmin/mowbot_teleop/install/_local_setup_util_ps1.py'
[8.775s] INFO:colcon.colcon_core.shell:Creating prefix chain script '/home/dadmin/mowbot_teleop/install/setup.ps1'
[8.782s] INFO:colcon.colcon_core.shell:Creating prefix script '/home/dadmin/mowbot_teleop/install/local_setup.sh'
[8.785s] INFO:colcon.colcon_core.shell:Creating prefix util module '/home/dadmin/mowbot_teleop/install/_local_setup_util_sh.py'
[8.787s] INFO:colcon.colcon_core.shell:Creating prefix chain script '/home/dadmin/mowbot_teleop/install/setup.sh'
[8.792s] INFO:colcon.colcon_core.shell:Creating prefix script '/home/dadmin/mowbot_teleop/install/local_setup.bash'
[8.796s] INFO:colcon.colcon_core.shell:Creating prefix chain script '/home/dadmin/mowbot_teleop/install/setup.bash'
[8.802s] INFO:colcon.colcon_core.shell:Creating prefix script '/home/dadmin/mowbot_teleop/install/local_setup.zsh'
[8.805s] INFO:colcon.colcon_core.shell:Creating prefix chain script '/home/dadmin/mowbot_teleop/install/setup.zsh'
