[3.768s] Invoking command in '/home/pi/mowbot_pkg_v1_WORKING_DO_NOT_TOUCH': PYTHONPATH=/home/pi/mowbot_pkg_v1_WORKING_DO_NOT_TOUCH/build/mowbot_pkg/prefix_override:/usr/lib/python3/dist-packages/colcon_core/task/python/colcon_distutils_commands:/home/pi/mowbot_pkg_v1_WORKING_DO_NOT_TOUCH/install/mowbot_pkg/lib/python3.10/site-packages:${PYTHONPATH} /usr/bin/python3 -W ignore:setup.py install is deprecated setup.py egg_info --egg-base build/mowbot_pkg build --build-base /home/pi/mowbot_pkg_v1_WORKING_DO_NOT_TOUCH/build/mowbot_pkg/build install --record /home/pi/mowbot_pkg_v1_WORKING_DO_NOT_TOUCH/build/mowbot_pkg/install.log --single-version-externally-managed install_data
[5.189s] running egg_info
[5.192s] writing build/mowbot_pkg/mowbot_pkg.egg-info/PKG-INFO
[5.194s] writing dependency_links to build/mowbot_pkg/mowbot_pkg.egg-info/dependency_links.txt
[5.195s] writing entry points to build/mowbot_pkg/mowbot_pkg.egg-info/entry_points.txt
[5.196s] writing requirements to build/mowbot_pkg/mowbot_pkg.egg-info/requires.txt
[5.197s] writing top-level names to build/mowbot_pkg/mowbot_pkg.egg-info/top_level.txt
[5.205s] reading manifest file 'build/mowbot_pkg/mowbot_pkg.egg-info/SOURCES.txt'
[5.230s] writing manifest file 'build/mowbot_pkg/mowbot_pkg.egg-info/SOURCES.txt'
[5.231s] running build
[5.232s] running build_py
[5.283s] running install
[5.284s] running install_lib
[5.291s] running install_data
[5.295s] running install_egg_info
[5.302s] removing '/home/pi/mowbot_pkg_v1_WORKING_DO_NOT_TOUCH/install/mowbot_pkg/lib/python3.10/site-packages/mowbot_pkg-0.0.1-py3.10.egg-info' (and everything under it)
[5.304s] Copying build/mowbot_pkg/mowbot_pkg.egg-info to /home/pi/mowbot_pkg_v1_WORKING_DO_NOT_TOUCH/install/mowbot_pkg/lib/python3.10/site-packages/mowbot_pkg-0.0.1-py3.10.egg-info
[5.312s] running install_scripts
[5.411s] Installing roboclaw_control script to /home/pi/mowbot_pkg_v1_WORKING_DO_NOT_TOUCH/install/mowbot_pkg/lib/mowbot_pkg
[5.414s] writing list of installed files to '/home/pi/mowbot_pkg_v1_WORKING_DO_NOT_TOUCH/build/mowbot_pkg/install.log'
[5.542s] Invoked command in '/home/pi/mowbot_pkg_v1_WORKING_DO_NOT_TOUCH' returned '0': PYTHONPATH=/home/pi/mowbot_pkg_v1_WORKING_DO_NOT_TOUCH/build/mowbot_pkg/prefix_override:/usr/lib/python3/dist-packages/colcon_core/task/python/colcon_distutils_commands:/home/pi/mowbot_pkg_v1_WORKING_DO_NOT_TOUCH/install/mowbot_pkg/lib/python3.10/site-packages:${PYTHONPATH} /usr/bin/python3 -W ignore:setup.py install is deprecated setup.py egg_info --egg-base build/mowbot_pkg build --build-base /home/pi/mowbot_pkg_v1_WORKING_DO_NOT_TOUCH/build/mowbot_pkg/build install --record /home/pi/mowbot_pkg_v1_WORKING_DO_NOT_TOUCH/build/mowbot_pkg/install.log --single-version-externally-managed install_data
