[1.439s] Invoking command in '/home/pi/mowbot_pkg_v1': DEBUGINFOD_URLS=https://debuginfod.ubuntu.com PYTHONPATH=/home/pi/mowbot_pkg_v1/build/mowbot_pkg/prefix_override:/usr/lib/python3/dist-packages/colcon_core/task/python/colcon_distutils_commands:/home/pi/mowbot_pkg_v1/install/mowbot_pkg/lib/python3.12/site-packages:${PYTHONPATH} /usr/bin/python3 -W ignore:setup.py install is deprecated setup.py egg_info --egg-base build/mowbot_pkg build --build-base /home/pi/mowbot_pkg_v1/build/mowbot_pkg/build install --record /home/pi/mowbot_pkg_v1/build/mowbot_pkg/install.log --single-version-externally-managed install_data
[1.783s] running egg_info
[1.807s] writing build/mowbot_pkg/mowbot_pkg.egg-info/PKG-INFO
[1.808s] writing dependency_links to build/mowbot_pkg/mowbot_pkg.egg-info/dependency_links.txt
[1.809s] writing entry points to build/mowbot_pkg/mowbot_pkg.egg-info/entry_points.txt
[1.810s] writing requirements to build/mowbot_pkg/mowbot_pkg.egg-info/requires.txt
[1.810s] writing top-level names to build/mowbot_pkg/mowbot_pkg.egg-info/top_level.txt
[1.862s] reading manifest file 'build/mowbot_pkg/mowbot_pkg.egg-info/SOURCES.txt'
[1.864s] writing manifest file 'build/mowbot_pkg/mowbot_pkg.egg-info/SOURCES.txt'
[1.864s] running build
[1.864s] running build_py
[1.866s] copying ./mowbot_pkg/roboclaw_control.py -> /home/pi/mowbot_pkg_v1/build/mowbot_pkg/build/lib/mowbot_pkg
[1.867s] running install
[1.876s] running install_lib
[1.902s] copying /home/pi/mowbot_pkg_v1/build/mowbot_pkg/build/lib/mowbot_pkg/roboclaw_control.py -> /home/pi/mowbot_pkg_v1/install/mowbot_pkg/lib/python3.12/site-packages/mowbot_pkg
[1.903s] byte-compiling /home/pi/mowbot_pkg_v1/install/mowbot_pkg/lib/python3.12/site-packages/mowbot_pkg/roboclaw_control.py to roboclaw_control.cpython-312.pyc
[1.905s] running install_data
[1.905s] running install_egg_info
[1.931s] removing '/home/pi/mowbot_pkg_v1/install/mowbot_pkg/lib/python3.12/site-packages/mowbot_pkg-0.0.1-py3.12.egg-info' (and everything under it)
[1.932s] Copying build/mowbot_pkg/mowbot_pkg.egg-info to /home/pi/mowbot_pkg_v1/install/mowbot_pkg/lib/python3.12/site-packages/mowbot_pkg-0.0.1-py3.12.egg-info
[1.933s] running install_scripts
[2.104s] Installing roboclaw_control script to /home/pi/mowbot_pkg_v1/install/mowbot_pkg/lib/mowbot_pkg
[2.105s] writing list of installed files to '/home/pi/mowbot_pkg_v1/build/mowbot_pkg/install.log'
[2.180s] Invoked command in '/home/pi/mowbot_pkg_v1' returned '0': DEBUGINFOD_URLS=https://debuginfod.ubuntu.com PYTHONPATH=/home/pi/mowbot_pkg_v1/build/mowbot_pkg/prefix_override:/usr/lib/python3/dist-packages/colcon_core/task/python/colcon_distutils_commands:/home/pi/mowbot_pkg_v1/install/mowbot_pkg/lib/python3.12/site-packages:${PYTHONPATH} /usr/bin/python3 -W ignore:setup.py install is deprecated setup.py egg_info --egg-base build/mowbot_pkg build --build-base /home/pi/mowbot_pkg_v1/build/mowbot_pkg/build install --record /home/pi/mowbot_pkg_v1/build/mowbot_pkg/install.log --single-version-externally-managed install_data
