[0.894s] DEBUG:colcon:Command line arguments: ['/usr/bin/colcon', 'build']
[0.895s] DEBUG:colcon:Parsed command line arguments: Namespace(log_base=None, log_level=None, verb_name='build', build_base='build', install_base='install', merge_install=False, symlink_install=False, test_result_base=None, continue_on_error=False, executor='parallel', parallel_workers=4, event_handlers=None, ignore_user_meta=False, metas=['./colcon.meta'], base_paths=['.'], packages_ignore=None, packages_ignore_regex=None, paths=None, packages_up_to=None, packages_up_to_regex=None, packages_above=None, packages_above_and_dependencies=None, packages_above_depth=None, packages_select_by_dep=None, packages_skip_by_dep=None, packages_skip_up_to=None, packages_select_build_failed=False, packages_skip_build_finished=False, packages_select_test_failures=False, packages_skip_test_passed=False, packages_select=None, packages_skip=None, packages_select_regex=None, packages_skip_regex=None, packages_start=None, packages_end=None, allow_overriding=[], cmake_args=None, cmake_target=None, cmake_target_skip_unavailable=False, cmake_clean_cache=False, cmake_clean_first=False, cmake_force_configure=False, ament_cmake_args=None, catkin_cmake_args=None, catkin_skip_building_tests=False, mixin_files=None, mixin=None, verb_parser=<colcon_mixin.mixin.mixin_argument.MixinArgumentDecorator object at 0x7fa77623b0>, verb_extension=<colcon_core.verb.build.BuildVerb object at 0x7fa7761e10>, main=<bound method BuildVerb.main of <colcon_core.verb.build.BuildVerb object at 0x7fa7761e10>>, mixin_verb=('build',))
[2.379s] Level 1:colcon.colcon_core.package_discovery:discover_packages(colcon_meta) check parameters
[2.380s] Level 1:colcon.colcon_core.package_discovery:discover_packages(recursive) check parameters
[2.380s] Level 1:colcon.colcon_core.package_discovery:discover_packages(ignore) check parameters
[2.380s] Level 1:colcon.colcon_core.package_discovery:discover_packages(path) check parameters
[2.380s] Level 1:colcon.colcon_core.package_discovery:discover_packages(colcon_meta) discover
[2.381s] Level 1:colcon.colcon_core.package_discovery:discover_packages(recursive) discover
[2.381s] INFO:colcon.colcon_core.package_discovery:Crawling recursively for packages in '/home/dadmin/mowbot_teleop_bringup'
[2.382s] Level 1:colcon.colcon_core.package_identification:_identify(.) by extensions ['ignore', 'ignore_ament_install']
[2.383s] Level 1:colcon.colcon_core.package_identification:_identify(.) by extension 'ignore'
[2.383s] Level 1:colcon.colcon_core.package_identification:_identify(.) by extension 'ignore_ament_install'
[2.383s] Level 1:colcon.colcon_core.package_identification:_identify(.) by extensions ['colcon_pkg']
[2.384s] Level 1:colcon.colcon_core.package_identification:_identify(.) by extension 'colcon_pkg'
[2.384s] Level 1:colcon.colcon_core.package_identification:_identify(.) by extensions ['colcon_meta']
[2.384s] Level 1:colcon.colcon_core.package_identification:_identify(.) by extension 'colcon_meta'
[2.384s] Level 1:colcon.colcon_core.package_identification:_identify(.) by extensions ['ros']
[2.384s] Level 1:colcon.colcon_core.package_identification:_identify(.) by extension 'ros'
[2.469s] Level 1:colcon.colcon_core.package_identification:_identify(.) by extensions ['cmake', 'python']
[2.469s] Level 1:colcon.colcon_core.package_identification:_identify(.) by extension 'cmake'
[2.469s] Level 1:colcon.colcon_core.package_identification:_identify(.) by extension 'python'
[2.470s] Level 1:colcon.colcon_core.package_identification:_identify(.) by extensions ['python_setup_py']
[2.470s] Level 1:colcon.colcon_core.package_identification:_identify(.) by extension 'python_setup_py'
[2.470s] Level 1:colcon.colcon_core.package_identification:_identify(build) by extensions ['ignore', 'ignore_ament_install']
[2.471s] Level 1:colcon.colcon_core.package_identification:_identify(build) by extension 'ignore'
[2.471s] Level 1:colcon.colcon_core.package_identification:_identify(build) ignored
[2.472s] Level 1:colcon.colcon_core.package_identification:_identify(install) by extensions ['ignore', 'ignore_ament_install']
[2.473s] Level 1:colcon.colcon_core.package_identification:_identify(install) by extension 'ignore'
[2.473s] Level 1:colcon.colcon_core.package_identification:_identify(install) ignored
[2.473s] Level 1:colcon.colcon_core.package_identification:_identify(log) by extensions ['ignore', 'ignore_ament_install']
[2.474s] Level 1:colcon.colcon_core.package_identification:_identify(log) by extension 'ignore'
[2.474s] Level 1:colcon.colcon_core.package_identification:_identify(log) ignored
[2.475s] Level 1:colcon.colcon_core.package_identification:_identify(src) by extensions ['ignore', 'ignore_ament_install']
[2.475s] Level 1:colcon.colcon_core.package_identification:_identify(src) by extension 'ignore'
[2.475s] Level 1:colcon.colcon_core.package_identification:_identify(src) by extension 'ignore_ament_install'
[2.476s] Level 1:colcon.colcon_core.package_identification:_identify(src) by extensions ['colcon_pkg']
[2.476s] Level 1:colcon.colcon_core.package_identification:_identify(src) by extension 'colcon_pkg'
[2.476s] Level 1:colcon.colcon_core.package_identification:_identify(src) by extensions ['colcon_meta']
[2.477s] Level 1:colcon.colcon_core.package_identification:_identify(src) by extension 'colcon_meta'
[2.477s] Level 1:colcon.colcon_core.package_identification:_identify(src) by extensions ['ros']
[2.477s] Level 1:colcon.colcon_core.package_identification:_identify(src) by extension 'ros'
[2.478s] Level 1:colcon.colcon_core.package_identification:_identify(src) by extensions ['cmake', 'python']
[2.478s] Level 1:colcon.colcon_core.package_identification:_identify(src) by extension 'cmake'
[2.478s] Level 1:colcon.colcon_core.package_identification:_identify(src) by extension 'python'
[2.479s] Level 1:colcon.colcon_core.package_identification:_identify(src) by extensions ['python_setup_py']
[2.479s] Level 1:colcon.colcon_core.package_identification:_identify(src) by extension 'python_setup_py'
[2.480s] Level 1:colcon.colcon_core.package_identification:_identify(src/mowbot_teleop_bringup) by extensions ['ignore', 'ignore_ament_install']
[2.480s] Level 1:colcon.colcon_core.package_identification:_identify(src/mowbot_teleop_bringup) by extension 'ignore'
[2.480s] Level 1:colcon.colcon_core.package_identification:_identify(src/mowbot_teleop_bringup) by extension 'ignore_ament_install'
[2.481s] Level 1:colcon.colcon_core.package_identification:_identify(src/mowbot_teleop_bringup) by extensions ['colcon_pkg']
[2.481s] Level 1:colcon.colcon_core.package_identification:_identify(src/mowbot_teleop_bringup) by extension 'colcon_pkg'
[2.481s] Level 1:colcon.colcon_core.package_identification:_identify(src/mowbot_teleop_bringup) by extensions ['colcon_meta']
[2.482s] Level 1:colcon.colcon_core.package_identification:_identify(src/mowbot_teleop_bringup) by extension 'colcon_meta'
[2.484s] Level 1:colcon.colcon_core.package_identification:_identify(src/mowbot_teleop_bringup) by extensions ['ros']
[2.484s] Level 1:colcon.colcon_core.package_identification:_identify(src/mowbot_teleop_bringup) by extension 'ros'
[2.501s] DEBUG:colcon.colcon_core.package_identification:Package 'src/mowbot_teleop_bringup' with type 'ros.ament_python' and name 'mowbot_teleop_bringup'
[2.502s] Level 1:colcon.colcon_core.package_discovery:discover_packages(recursive) using defaults
[2.502s] Level 1:colcon.colcon_core.package_discovery:discover_packages(ignore) discover
[2.502s] Level 1:colcon.colcon_core.package_discovery:discover_packages(ignore) using defaults
[2.502s] Level 1:colcon.colcon_core.package_discovery:discover_packages(path) discover
[2.502s] Level 1:colcon.colcon_core.package_discovery:discover_packages(path) using defaults
[2.664s] Level 1:colcon.colcon_core.package_discovery:discover_packages(prefix_path) check parameters
[2.664s] Level 1:colcon.colcon_core.package_discovery:discover_packages(prefix_path) discover
[2.671s] WARNING:colcon.colcon_ros.prefix_path.ament:The path '/home/dadmin/mowbot_teleop_bringup/install/mowbot_teleop_bringup' in the environment variable AMENT_PREFIX_PATH doesn't exist
[2.752s] DEBUG:colcon.colcon_installed_package_information.package_discovery:Found 0 installed packages in /home/dadmin/mowbot_teleop_bringup/install
[2.754s] DEBUG:colcon.colcon_installed_package_information.package_discovery:Found 1 installed packages in /home/dadmin/mowbot_teleop/install
[2.763s] DEBUG:colcon.colcon_installed_package_information.package_discovery:Found 277 installed packages in /opt/ros/humble
[2.777s] Level 1:colcon.colcon_core.package_discovery:discover_packages(prefix_path) using defaults
[3.091s] Level 5:colcon.colcon_core.verb:set package 'mowbot_teleop_bringup' build argument 'cmake_args' from command line to 'None'
[3.091s] Level 5:colcon.colcon_core.verb:set package 'mowbot_teleop_bringup' build argument 'cmake_target' from command line to 'None'
[3.091s] Level 5:colcon.colcon_core.verb:set package 'mowbot_teleop_bringup' build argument 'cmake_target_skip_unavailable' from command line to 'False'
[3.091s] Level 5:colcon.colcon_core.verb:set package 'mowbot_teleop_bringup' build argument 'cmake_clean_cache' from command line to 'False'
[3.092s] Level 5:colcon.colcon_core.verb:set package 'mowbot_teleop_bringup' build argument 'cmake_clean_first' from command line to 'False'
[3.092s] Level 5:colcon.colcon_core.verb:set package 'mowbot_teleop_bringup' build argument 'cmake_force_configure' from command line to 'False'
[3.092s] Level 5:colcon.colcon_core.verb:set package 'mowbot_teleop_bringup' build argument 'ament_cmake_args' from command line to 'None'
[3.092s] Level 5:colcon.colcon_core.verb:set package 'mowbot_teleop_bringup' build argument 'catkin_cmake_args' from command line to 'None'
[3.092s] Level 5:colcon.colcon_core.verb:set package 'mowbot_teleop_bringup' build argument 'catkin_skip_building_tests' from command line to 'False'
[3.093s] DEBUG:colcon.colcon_core.verb:Building package 'mowbot_teleop_bringup' with the following arguments: {'ament_cmake_args': None, 'build_base': '/home/dadmin/mowbot_teleop_bringup/build/mowbot_teleop_bringup', 'catkin_cmake_args': None, 'catkin_skip_building_tests': False, 'cmake_args': None, 'cmake_clean_cache': False, 'cmake_clean_first': False, 'cmake_force_configure': False, 'cmake_target': None, 'cmake_target_skip_unavailable': False, 'install_base': '/home/dadmin/mowbot_teleop_bringup/install/mowbot_teleop_bringup', 'merge_install': False, 'path': '/home/dadmin/mowbot_teleop_bringup/src/mowbot_teleop_bringup', 'symlink_install': False, 'test_result_base': None}
[3.094s] INFO:colcon.colcon_core.executor:Executing jobs using 'parallel' executor
[3.098s] DEBUG:colcon.colcon_parallel_executor.executor.parallel:run_until_complete
[3.099s] INFO:colcon.colcon_ros.task.ament_python.build:Building ROS package in '/home/dadmin/mowbot_teleop_bringup/src/mowbot_teleop_bringup' with build type 'ament_python'
[3.100s] Level 1:colcon.colcon_core.shell:create_environment_hook('mowbot_teleop_bringup', 'ament_prefix_path')
[3.118s] INFO:colcon.colcon_core.plugin_system:Skipping extension 'colcon_core.shell.bat': Not used on non-Windows systems
[3.119s] INFO:colcon.colcon_core.shell:Creating environment hook '/home/dadmin/mowbot_teleop_bringup/install/mowbot_teleop_bringup/share/mowbot_teleop_bringup/hook/ament_prefix_path.ps1'
[3.124s] INFO:colcon.colcon_core.shell:Creating environment descriptor '/home/dadmin/mowbot_teleop_bringup/install/mowbot_teleop_bringup/share/mowbot_teleop_bringup/hook/ament_prefix_path.dsv'
[3.127s] INFO:colcon.colcon_core.shell:Creating environment hook '/home/dadmin/mowbot_teleop_bringup/install/mowbot_teleop_bringup/share/mowbot_teleop_bringup/hook/ament_prefix_path.sh'
[3.134s] INFO:colcon.colcon_core.shell:Skip shell extension 'powershell' for command environment: Not usable outside of PowerShell
[3.134s] DEBUG:colcon.colcon_core.shell:Skip shell extension 'dsv' for command environment
[4.890s] INFO:colcon.colcon_core.task.python.build:Building Python package in '/home/dadmin/mowbot_teleop_bringup/src/mowbot_teleop_bringup'
[4.892s] INFO:colcon.colcon_core.shell:Skip shell extension 'powershell' for command environment: Not usable outside of PowerShell
[4.892s] DEBUG:colcon.colcon_core.shell:Skip shell extension 'dsv' for command environment
[7.148s] DEBUG:colcon.colcon_core.event_handler.log_command:Invoking command in '/home/dadmin/mowbot_teleop_bringup/src/mowbot_teleop_bringup': PYTHONPATH=/home/dadmin/mowbot_teleop_bringup/build/mowbot_teleop_bringup/prefix_override:/usr/lib/python3/dist-packages/colcon_core/task/python/colcon_distutils_commands:/home/dadmin/mowbot_teleop_bringup/install/mowbot_teleop_bringup/lib/python3.10/site-packages:${PYTHONPATH} /usr/bin/python3 -W ignore:setup.py install is deprecated setup.py egg_info --egg-base ../../build/mowbot_teleop_bringup build --build-base /home/dadmin/mowbot_teleop_bringup/build/mowbot_teleop_bringup/build install --record /home/dadmin/mowbot_teleop_bringup/build/mowbot_teleop_bringup/install.log --single-version-externally-managed install_data
[9.099s] DEBUG:colcon.colcon_core.event_handler.log_command:Invoked command in '/home/dadmin/mowbot_teleop_bringup/src/mowbot_teleop_bringup' returned '0': PYTHONPATH=/home/dadmin/mowbot_teleop_bringup/build/mowbot_teleop_bringup/prefix_override:/usr/lib/python3/dist-packages/colcon_core/task/python/colcon_distutils_commands:/home/dadmin/mowbot_teleop_bringup/install/mowbot_teleop_bringup/lib/python3.10/site-packages:${PYTHONPATH} /usr/bin/python3 -W ignore:setup.py install is deprecated setup.py egg_info --egg-base ../../build/mowbot_teleop_bringup build --build-base /home/dadmin/mowbot_teleop_bringup/build/mowbot_teleop_bringup/build install --record /home/dadmin/mowbot_teleop_bringup/build/mowbot_teleop_bringup/install.log --single-version-externally-managed install_data
[9.118s] Level 1:colcon.colcon_core.environment:checking '/home/dadmin/mowbot_teleop_bringup/install/mowbot_teleop_bringup' for CMake module files
[9.121s] Level 1:colcon.colcon_core.environment:checking '/home/dadmin/mowbot_teleop_bringup/install/mowbot_teleop_bringup' for CMake config files
[9.124s] Level 1:colcon.colcon_core.environment:checking '/home/dadmin/mowbot_teleop_bringup/install/mowbot_teleop_bringup/lib'
[9.125s] Level 1:colcon.colcon_core.environment:checking '/home/dadmin/mowbot_teleop_bringup/install/mowbot_teleop_bringup/bin'
[9.125s] Level 1:colcon.colcon_core.environment:checking '/home/dadmin/mowbot_teleop_bringup/install/mowbot_teleop_bringup/lib/pkgconfig/mowbot_teleop_bringup.pc'
[9.126s] Level 1:colcon.colcon_core.environment:checking '/home/dadmin/mowbot_teleop_bringup/install/mowbot_teleop_bringup/lib/python3.10/site-packages'
[9.127s] Level 1:colcon.colcon_core.shell:create_environment_hook('mowbot_teleop_bringup', 'pythonpath')
[9.128s] INFO:colcon.colcon_core.shell:Creating environment hook '/home/dadmin/mowbot_teleop_bringup/install/mowbot_teleop_bringup/share/mowbot_teleop_bringup/hook/pythonpath.ps1'
[9.130s] INFO:colcon.colcon_core.shell:Creating environment descriptor '/home/dadmin/mowbot_teleop_bringup/install/mowbot_teleop_bringup/share/mowbot_teleop_bringup/hook/pythonpath.dsv'
[9.132s] INFO:colcon.colcon_core.shell:Creating environment hook '/home/dadmin/mowbot_teleop_bringup/install/mowbot_teleop_bringup/share/mowbot_teleop_bringup/hook/pythonpath.sh'
[9.135s] Level 1:colcon.colcon_core.environment:checking '/home/dadmin/mowbot_teleop_bringup/install/mowbot_teleop_bringup/bin'
[9.135s] Level 1:colcon.colcon_core.environment:create_environment_scripts_only(mowbot_teleop_bringup)
[9.143s] INFO:colcon.colcon_core.shell:Creating package script '/home/dadmin/mowbot_teleop_bringup/install/mowbot_teleop_bringup/share/mowbot_teleop_bringup/package.ps1'
[9.153s] INFO:colcon.colcon_core.shell:Creating package descriptor '/home/dadmin/mowbot_teleop_bringup/install/mowbot_teleop_bringup/share/mowbot_teleop_bringup/package.dsv'
[9.157s] INFO:colcon.colcon_core.shell:Creating package script '/home/dadmin/mowbot_teleop_bringup/install/mowbot_teleop_bringup/share/mowbot_teleop_bringup/package.sh'
[9.162s] INFO:colcon.colcon_core.shell:Creating package script '/home/dadmin/mowbot_teleop_bringup/install/mowbot_teleop_bringup/share/mowbot_teleop_bringup/package.bash'
[9.168s] INFO:colcon.colcon_core.shell:Creating package script '/home/dadmin/mowbot_teleop_bringup/install/mowbot_teleop_bringup/share/mowbot_teleop_bringup/package.zsh'
[9.174s] Level 1:colcon.colcon_core.environment:create_file_with_runtime_dependencies(/home/dadmin/mowbot_teleop_bringup/install/mowbot_teleop_bringup/share/colcon-core/packages/mowbot_teleop_bringup)
[9.176s] DEBUG:colcon.colcon_parallel_executor.executor.parallel:closing loop
[9.177s] DEBUG:colcon.colcon_parallel_executor.executor.parallel:loop closed
[9.178s] DEBUG:colcon.colcon_parallel_executor.executor.parallel:run_until_complete finished with '0'
[9.178s] DEBUG:colcon.colcon_core.event_reactor:joining thread
[9.205s] INFO:colcon.colcon_core.plugin_system:Skipping extension 'colcon_notification.desktop_notification.terminal_notifier': Not used on non-Darwin systems
[9.206s] INFO:colcon.colcon_core.plugin_system:Skipping extension 'colcon_notification.desktop_notification.win32': Not used on non-Windows systems
[9.206s] INFO:colcon.colcon_notification.desktop_notification:Sending desktop notification using 'notify2'
[9.288s] DEBUG:colcon.colcon_core.event_reactor:joined thread
[9.290s] INFO:colcon.colcon_core.shell:Creating prefix script '/home/dadmin/mowbot_teleop_bringup/install/local_setup.ps1'
[9.298s] INFO:colcon.colcon_core.shell:Creating prefix util module '/home/dadmin/mowbot_teleop_bringup/install/_local_setup_util_ps1.py'
[9.310s] INFO:colcon.colcon_core.shell:Creating prefix chain script '/home/dadmin/mowbot_teleop_bringup/install/setup.ps1'
[9.318s] INFO:colcon.colcon_core.shell:Creating prefix script '/home/dadmin/mowbot_teleop_bringup/install/local_setup.sh'
[9.323s] INFO:colcon.colcon_core.shell:Creating prefix util module '/home/dadmin/mowbot_teleop_bringup/install/_local_setup_util_sh.py'
[9.328s] INFO:colcon.colcon_core.shell:Creating prefix chain script '/home/dadmin/mowbot_teleop_bringup/install/setup.sh'
[9.334s] INFO:colcon.colcon_core.shell:Creating prefix script '/home/dadmin/mowbot_teleop_bringup/install/local_setup.bash'
[9.337s] INFO:colcon.colcon_core.shell:Creating prefix chain script '/home/dadmin/mowbot_teleop_bringup/install/setup.bash'
[9.345s] INFO:colcon.colcon_core.shell:Creating prefix script '/home/dadmin/mowbot_teleop_bringup/install/local_setup.zsh'
[9.349s] INFO:colcon.colcon_core.shell:Creating prefix chain script '/home/dadmin/mowbot_teleop_bringup/install/setup.zsh'
