[1.242s] DEBUG:colcon:Command line arguments: ['/usr/bin/colcon', 'build']
[1.243s] DEBUG:colcon:Parsed command line arguments: Namespace(log_base=None, log_level=None, verb_name='build', build_base='build', install_base='install', merge_install=False, symlink_install=False, test_result_base=None, continue_on_error=False, executor='parallel', parallel_workers=4, event_handlers=None, ignore_user_meta=False, metas=['./colcon.meta'], base_paths=['.'], packages_ignore=None, packages_ignore_regex=None, paths=None, packages_up_to=None, packages_up_to_regex=None, packages_above=None, packages_above_and_dependencies=None, packages_above_depth=None, packages_select_by_dep=None, packages_skip_by_dep=None, packages_skip_up_to=None, packages_select_build_failed=False, packages_skip_build_finished=False, packages_select_test_failures=False, packages_skip_test_passed=False, packages_select=None, packages_skip=None, packages_select_regex=None, packages_skip_regex=None, packages_start=None, packages_end=None, allow_overriding=[], cmake_args=None, cmake_target=None, cmake_target_skip_unavailable=False, cmake_clean_cache=False, cmake_clean_first=False, cmake_force_configure=False, ament_cmake_args=None, catkin_cmake_args=None, catkin_skip_building_tests=False, mixin_files=None, mixin=None, verb_parser=<colcon_mixin.mixin.mixin_argument.MixinArgumentDecorator object at 0xffffb1e56770>, verb_extension=<colcon_core.verb.build.BuildVerb object at 0xffffb1f52e30>, main=<bound method BuildVerb.main of <colcon_core.verb.build.BuildVerb object at 0xffffb1f52e30>>, mixin_verb=('build',))
[3.668s] Level 1:colcon.colcon_core.package_discovery:discover_packages(colcon_meta) check parameters
[3.670s] Level 1:colcon.colcon_core.package_discovery:discover_packages(recursive) check parameters
[3.670s] Level 1:colcon.colcon_core.package_discovery:discover_packages(ignore) check parameters
[3.670s] Level 1:colcon.colcon_core.package_discovery:discover_packages(path) check parameters
[3.671s] Level 1:colcon.colcon_core.package_discovery:discover_packages(colcon_meta) discover
[3.671s] Level 1:colcon.colcon_core.package_discovery:discover_packages(recursive) discover
[3.672s] INFO:colcon.colcon_core.package_discovery:Crawling recursively for packages in '/home/pi/mowbot_v2'
[3.673s] Level 1:colcon.colcon_core.package_identification:_identify(.) by extensions ['ignore', 'ignore_ament_install']
[3.674s] Level 1:colcon.colcon_core.package_identification:_identify(.) by extension 'ignore'
[3.675s] Level 1:colcon.colcon_core.package_identification:_identify(.) by extension 'ignore_ament_install'
[3.675s] Level 1:colcon.colcon_core.package_identification:_identify(.) by extensions ['colcon_pkg']
[3.676s] Level 1:colcon.colcon_core.package_identification:_identify(.) by extension 'colcon_pkg'
[3.676s] Level 1:colcon.colcon_core.package_identification:_identify(.) by extensions ['colcon_meta']
[3.676s] Level 1:colcon.colcon_core.package_identification:_identify(.) by extension 'colcon_meta'
[3.677s] Level 1:colcon.colcon_core.package_identification:_identify(.) by extensions ['ros']
[3.677s] Level 1:colcon.colcon_core.package_identification:_identify(.) by extension 'ros'
[3.815s] DEBUG:colcon.colcon_core.package_identification:Package '.' with type 'ros.ament_python' and name 'mowbot_pkg'
[3.816s] Level 1:colcon.colcon_core.package_discovery:discover_packages(recursive) using defaults
[3.817s] Level 1:colcon.colcon_core.package_discovery:discover_packages(ignore) discover
[3.817s] Level 1:colcon.colcon_core.package_discovery:discover_packages(ignore) using defaults
[3.817s] Level 1:colcon.colcon_core.package_discovery:discover_packages(path) discover
[3.818s] Level 1:colcon.colcon_core.package_discovery:discover_packages(path) using defaults
[4.084s] Level 1:colcon.colcon_core.package_discovery:discover_packages(prefix_path) check parameters
[4.084s] Level 1:colcon.colcon_core.package_discovery:discover_packages(prefix_path) discover
[4.094s] WARNING:colcon.colcon_core.prefix_path.colcon:The path '/home/pi/mowbot_pkg_v1a/install' in the environment variable COLCON_PREFIX_PATH doesn't exist
[4.096s] WARNING:colcon.colcon_ros.prefix_path.ament:The path '/home/pi/mowbot_pkg_v1a/install/mowbot_pkg' in the environment variable AMENT_PREFIX_PATH doesn't exist
[4.106s] DEBUG:colcon.colcon_installed_package_information.package_discovery:Found 1 installed packages in /home/pi/rplidar/install
[4.138s] DEBUG:colcon.colcon_installed_package_information.package_discovery:Found 337 installed packages in /opt/ros/humble
[4.161s] Level 1:colcon.colcon_core.package_discovery:discover_packages(prefix_path) using defaults
[4.733s] Level 5:colcon.colcon_core.verb:set package 'mowbot_pkg' build argument 'cmake_args' from command line to 'None'
[4.734s] Level 5:colcon.colcon_core.verb:set package 'mowbot_pkg' build argument 'cmake_target' from command line to 'None'
[4.734s] Level 5:colcon.colcon_core.verb:set package 'mowbot_pkg' build argument 'cmake_target_skip_unavailable' from command line to 'False'
[4.735s] Level 5:colcon.colcon_core.verb:set package 'mowbot_pkg' build argument 'cmake_clean_cache' from command line to 'False'
[4.735s] Level 5:colcon.colcon_core.verb:set package 'mowbot_pkg' build argument 'cmake_clean_first' from command line to 'False'
[4.735s] Level 5:colcon.colcon_core.verb:set package 'mowbot_pkg' build argument 'cmake_force_configure' from command line to 'False'
[4.736s] Level 5:colcon.colcon_core.verb:set package 'mowbot_pkg' build argument 'ament_cmake_args' from command line to 'None'
[4.736s] Level 5:colcon.colcon_core.verb:set package 'mowbot_pkg' build argument 'catkin_cmake_args' from command line to 'None'
[4.736s] Level 5:colcon.colcon_core.verb:set package 'mowbot_pkg' build argument 'catkin_skip_building_tests' from command line to 'False'
[4.737s] DEBUG:colcon.colcon_core.verb:Building package 'mowbot_pkg' with the following arguments: {'ament_cmake_args': None, 'build_base': '/home/pi/mowbot_v2/build/mowbot_pkg', 'catkin_cmake_args': None, 'catkin_skip_building_tests': False, 'cmake_args': None, 'cmake_clean_cache': False, 'cmake_clean_first': False, 'cmake_force_configure': False, 'cmake_target': None, 'cmake_target_skip_unavailable': False, 'install_base': '/home/pi/mowbot_v2/install/mowbot_pkg', 'merge_install': False, 'path': '/home/pi/mowbot_v2', 'symlink_install': False, 'test_result_base': None}
[4.738s] INFO:colcon.colcon_core.executor:Executing jobs using 'parallel' executor
[4.745s] DEBUG:colcon.colcon_parallel_executor.executor.parallel:run_until_complete
[4.748s] INFO:colcon.colcon_ros.task.ament_python.build:Building ROS package in '/home/pi/mowbot_v2' with build type 'ament_python'
[4.750s] Level 1:colcon.colcon_core.shell:create_environment_hook('mowbot_pkg', 'ament_prefix_path')
[4.771s] INFO:colcon.colcon_core.plugin_system:Skipping extension 'colcon_core.shell.bat': Not used on non-Windows systems
[4.774s] INFO:colcon.colcon_core.shell:Creating environment hook '/home/pi/mowbot_v2/install/mowbot_pkg/share/mowbot_pkg/hook/ament_prefix_path.ps1'
[4.781s] INFO:colcon.colcon_core.shell:Creating environment descriptor '/home/pi/mowbot_v2/install/mowbot_pkg/share/mowbot_pkg/hook/ament_prefix_path.dsv'
[4.785s] INFO:colcon.colcon_core.shell:Creating environment hook '/home/pi/mowbot_v2/install/mowbot_pkg/share/mowbot_pkg/hook/ament_prefix_path.sh'
[4.794s] INFO:colcon.colcon_core.shell:Skip shell extension 'powershell' for command environment: Not usable outside of PowerShell
[4.795s] DEBUG:colcon.colcon_core.shell:Skip shell extension 'dsv' for command environment
[7.949s] INFO:colcon.colcon_core.task.python.build:Building Python package in '/home/pi/mowbot_v2'
[7.952s] INFO:colcon.colcon_core.shell:Skip shell extension 'powershell' for command environment: Not usable outside of PowerShell
[7.953s] DEBUG:colcon.colcon_core.shell:Skip shell extension 'dsv' for command environment
[11.955s] DEBUG:colcon.colcon_core.event_handler.log_command:Invoking command in '/home/pi/mowbot_v2': PYTHONPATH=/home/pi/mowbot_v2/build/mowbot_pkg/prefix_override:/usr/lib/python3/dist-packages/colcon_core/task/python/colcon_distutils_commands:/home/pi/mowbot_v2/install/mowbot_pkg/lib/python3.10/site-packages:${PYTHONPATH} /usr/bin/python3 -W ignore:setup.py install is deprecated setup.py egg_info --egg-base build/mowbot_pkg build --build-base /home/pi/mowbot_v2/build/mowbot_pkg/build install --record /home/pi/mowbot_v2/build/mowbot_pkg/install.log --single-version-externally-managed install_data
[15.667s] DEBUG:colcon.colcon_core.event_handler.log_command:Invoked command in '/home/pi/mowbot_v2' returned '0': PYTHONPATH=/home/pi/mowbot_v2/build/mowbot_pkg/prefix_override:/usr/lib/python3/dist-packages/colcon_core/task/python/colcon_distutils_commands:/home/pi/mowbot_v2/install/mowbot_pkg/lib/python3.10/site-packages:${PYTHONPATH} /usr/bin/python3 -W ignore:setup.py install is deprecated setup.py egg_info --egg-base build/mowbot_pkg build --build-base /home/pi/mowbot_v2/build/mowbot_pkg/build install --record /home/pi/mowbot_v2/build/mowbot_pkg/install.log --single-version-externally-managed install_data
[15.694s] Level 1:colcon.colcon_core.environment:checking '/home/pi/mowbot_v2/install/mowbot_pkg' for CMake module files
[15.700s] Level 1:colcon.colcon_core.environment:checking '/home/pi/mowbot_v2/install/mowbot_pkg' for CMake config files
[15.710s] Level 1:colcon.colcon_core.environment:checking '/home/pi/mowbot_v2/install/mowbot_pkg/lib'
[15.712s] Level 1:colcon.colcon_core.environment:checking '/home/pi/mowbot_v2/install/mowbot_pkg/bin'
[15.713s] Level 1:colcon.colcon_core.environment:checking '/home/pi/mowbot_v2/install/mowbot_pkg/lib/pkgconfig/mowbot_pkg.pc'
[15.715s] Level 1:colcon.colcon_core.environment:checking '/home/pi/mowbot_v2/install/mowbot_pkg/lib/python3.10/site-packages'
[15.716s] Level 1:colcon.colcon_core.shell:create_environment_hook('mowbot_pkg', 'pythonpath')
[15.718s] INFO:colcon.colcon_core.shell:Creating environment hook '/home/pi/mowbot_v2/install/mowbot_pkg/share/mowbot_pkg/hook/pythonpath.ps1'
[15.722s] INFO:colcon.colcon_core.shell:Creating environment descriptor '/home/pi/mowbot_v2/install/mowbot_pkg/share/mowbot_pkg/hook/pythonpath.dsv'
[15.726s] INFO:colcon.colcon_core.shell:Creating environment hook '/home/pi/mowbot_v2/install/mowbot_pkg/share/mowbot_pkg/hook/pythonpath.sh'
[15.731s] Level 1:colcon.colcon_core.environment:checking '/home/pi/mowbot_v2/install/mowbot_pkg/bin'
[15.732s] Level 1:colcon.colcon_core.environment:create_environment_scripts_only(mowbot_pkg)
[15.735s] INFO:colcon.colcon_core.shell:Creating package script '/home/pi/mowbot_v2/install/mowbot_pkg/share/mowbot_pkg/package.ps1'
[15.744s] INFO:colcon.colcon_core.shell:Creating package descriptor '/home/pi/mowbot_v2/install/mowbot_pkg/share/mowbot_pkg/package.dsv'
[15.749s] INFO:colcon.colcon_core.shell:Creating package script '/home/pi/mowbot_v2/install/mowbot_pkg/share/mowbot_pkg/package.sh'
[15.757s] INFO:colcon.colcon_core.shell:Creating package script '/home/pi/mowbot_v2/install/mowbot_pkg/share/mowbot_pkg/package.bash'
[15.765s] INFO:colcon.colcon_core.shell:Creating package script '/home/pi/mowbot_v2/install/mowbot_pkg/share/mowbot_pkg/package.zsh'
[15.774s] Level 1:colcon.colcon_core.environment:create_file_with_runtime_dependencies(/home/pi/mowbot_v2/install/mowbot_pkg/share/colcon-core/packages/mowbot_pkg)
[15.778s] DEBUG:colcon.colcon_parallel_executor.executor.parallel:closing loop
[15.780s] DEBUG:colcon.colcon_parallel_executor.executor.parallel:loop closed
[15.781s] DEBUG:colcon.colcon_parallel_executor.executor.parallel:run_until_complete finished with '0'
[15.782s] DEBUG:colcon.colcon_core.event_reactor:joining thread
[15.828s] INFO:colcon.colcon_core.plugin_system:Skipping extension 'colcon_notification.desktop_notification.terminal_notifier': Not used on non-Darwin systems
[15.829s] INFO:colcon.colcon_core.plugin_system:Skipping extension 'colcon_notification.desktop_notification.win32': Not used on non-Windows systems
[15.829s] INFO:colcon.colcon_notification.desktop_notification:Sending desktop notification using 'notify2'
[15.951s] DEBUG:colcon.colcon_core.event_reactor:joined thread
[15.954s] INFO:colcon.colcon_core.shell:Creating prefix script '/home/pi/mowbot_v2/install/local_setup.ps1'
[15.965s] INFO:colcon.colcon_core.shell:Creating prefix util module '/home/pi/mowbot_v2/install/_local_setup_util_ps1.py'
[15.986s] INFO:colcon.colcon_core.shell:Creating prefix chain script '/home/pi/mowbot_v2/install/setup.ps1'
[15.998s] INFO:colcon.colcon_core.shell:Creating prefix script '/home/pi/mowbot_v2/install/local_setup.sh'
[16.004s] INFO:colcon.colcon_core.shell:Creating prefix util module '/home/pi/mowbot_v2/install/_local_setup_util_sh.py'
[16.010s] INFO:colcon.colcon_core.shell:Creating prefix chain script '/home/pi/mowbot_v2/install/setup.sh'
[16.024s] INFO:colcon.colcon_core.shell:Creating prefix script '/home/pi/mowbot_v2/install/local_setup.bash'
[16.029s] INFO:colcon.colcon_core.shell:Creating prefix chain script '/home/pi/mowbot_v2/install/setup.bash'
[16.042s] INFO:colcon.colcon_core.shell:Creating prefix script '/home/pi/mowbot_v2/install/local_setup.zsh'
[16.047s] INFO:colcon.colcon_core.shell:Creating prefix chain script '/home/pi/mowbot_v2/install/setup.zsh'
