[1.388s] DEBUG:colcon:Command line arguments: ['/usr/bin/colcon', 'build']
[1.388s] DEBUG:colcon:Parsed command line arguments: Namespace(log_base=None, log_level=None, verb_name='build', build_base='build', install_base='install', merge_install=False, symlink_install=False, test_result_base=None, continue_on_error=False, executor='parallel', parallel_workers=4, event_handlers=None, ignore_user_meta=False, metas=['./colcon.meta'], base_paths=['.'], packages_ignore=None, packages_ignore_regex=None, paths=None, packages_up_to=None, packages_up_to_regex=None, packages_above=None, packages_above_and_dependencies=None, packages_above_depth=None, packages_select_by_dep=None, packages_skip_by_dep=None, packages_skip_up_to=None, packages_select_build_failed=False, packages_skip_build_finished=False, packages_select_test_failures=False, packages_skip_test_passed=False, packages_select=None, packages_skip=None, packages_select_regex=None, packages_skip_regex=None, packages_start=None, packages_end=None, allow_overriding=[], cmake_args=None, cmake_target=None, cmake_target_skip_unavailable=False, cmake_clean_cache=False, cmake_clean_first=False, cmake_force_configure=False, ament_cmake_args=None, catkin_cmake_args=None, catkin_skip_building_tests=False, mixin_files=None, mixin=None, verb_parser=<colcon_mixin.mixin.mixin_argument.MixinArgumentDecorator object at 0xffff856b6650>, verb_extension=<colcon_core.verb.build.BuildVerb object at 0xffff857aad10>, main=<bound method BuildVerb.main of <colcon_core.verb.build.BuildVerb object at 0xffff857aad10>>, mixin_verb=('build',))
[2.920s] Level 1:colcon.colcon_core.package_discovery:discover_packages(colcon_meta) check parameters
[2.921s] Level 1:colcon.colcon_core.package_discovery:discover_packages(recursive) check parameters
[2.921s] Level 1:colcon.colcon_core.package_discovery:discover_packages(ignore) check parameters
[2.921s] Level 1:colcon.colcon_core.package_discovery:discover_packages(path) check parameters
[2.921s] Level 1:colcon.colcon_core.package_discovery:discover_packages(colcon_meta) discover
[2.922s] Level 1:colcon.colcon_core.package_discovery:discover_packages(recursive) discover
[2.922s] INFO:colcon.colcon_core.package_discovery:Crawling recursively for packages in '/home/pi/mowbot_pkg_v1_WORKING_DO_NOT_TOUCH'
[2.922s] Level 1:colcon.colcon_core.package_identification:_identify(.) by extensions ['ignore', 'ignore_ament_install']
[2.926s] Level 1:colcon.colcon_core.package_identification:_identify(.) by extension 'ignore'
[2.926s] Level 1:colcon.colcon_core.package_identification:_identify(.) by extension 'ignore_ament_install'
[2.926s] Level 1:colcon.colcon_core.package_identification:_identify(.) by extensions ['colcon_pkg']
[2.927s] Level 1:colcon.colcon_core.package_identification:_identify(.) by extension 'colcon_pkg'
[2.927s] Level 1:colcon.colcon_core.package_identification:_identify(.) by extensions ['colcon_meta']
[2.927s] Level 1:colcon.colcon_core.package_identification:_identify(.) by extension 'colcon_meta'
[2.927s] Level 1:colcon.colcon_core.package_identification:_identify(.) by extensions ['ros']
[2.928s] Level 1:colcon.colcon_core.package_identification:_identify(.) by extension 'ros'
[3.015s] DEBUG:colcon.colcon_core.package_identification:Package '.' with type 'ros.ament_python' and name 'mowbot_pkg'
[3.016s] Level 1:colcon.colcon_core.package_discovery:discover_packages(recursive) using defaults
[3.016s] Level 1:colcon.colcon_core.package_discovery:discover_packages(ignore) discover
[3.016s] Level 1:colcon.colcon_core.package_discovery:discover_packages(ignore) using defaults
[3.016s] Level 1:colcon.colcon_core.package_discovery:discover_packages(path) discover
[3.016s] Level 1:colcon.colcon_core.package_discovery:discover_packages(path) using defaults
[3.211s] Level 1:colcon.colcon_core.package_discovery:discover_packages(prefix_path) check parameters
[3.211s] Level 1:colcon.colcon_core.package_discovery:discover_packages(prefix_path) discover
[3.238s] DEBUG:colcon.colcon_installed_package_information.package_discovery:Found 337 installed packages in /opt/ros/humble
[3.249s] Level 1:colcon.colcon_core.package_discovery:discover_packages(prefix_path) using defaults
[3.484s] Level 5:colcon.colcon_core.verb:set package 'mowbot_pkg' build argument 'cmake_args' from command line to 'None'
[3.485s] Level 5:colcon.colcon_core.verb:set package 'mowbot_pkg' build argument 'cmake_target' from command line to 'None'
[3.485s] Level 5:colcon.colcon_core.verb:set package 'mowbot_pkg' build argument 'cmake_target_skip_unavailable' from command line to 'False'
[3.485s] Level 5:colcon.colcon_core.verb:set package 'mowbot_pkg' build argument 'cmake_clean_cache' from command line to 'False'
[3.485s] Level 5:colcon.colcon_core.verb:set package 'mowbot_pkg' build argument 'cmake_clean_first' from command line to 'False'
[3.485s] Level 5:colcon.colcon_core.verb:set package 'mowbot_pkg' build argument 'cmake_force_configure' from command line to 'False'
[3.485s] Level 5:colcon.colcon_core.verb:set package 'mowbot_pkg' build argument 'ament_cmake_args' from command line to 'None'
[3.485s] Level 5:colcon.colcon_core.verb:set package 'mowbot_pkg' build argument 'catkin_cmake_args' from command line to 'None'
[3.486s] Level 5:colcon.colcon_core.verb:set package 'mowbot_pkg' build argument 'catkin_skip_building_tests' from command line to 'False'
[3.486s] DEBUG:colcon.colcon_core.verb:Building package 'mowbot_pkg' with the following arguments: {'ament_cmake_args': None, 'build_base': '/home/pi/mowbot_pkg_v1_WORKING_DO_NOT_TOUCH/build/mowbot_pkg', 'catkin_cmake_args': None, 'catkin_skip_building_tests': False, 'cmake_args': None, 'cmake_clean_cache': False, 'cmake_clean_first': False, 'cmake_force_configure': False, 'cmake_target': None, 'cmake_target_skip_unavailable': False, 'install_base': '/home/pi/mowbot_pkg_v1_WORKING_DO_NOT_TOUCH/install/mowbot_pkg', 'merge_install': False, 'path': '/home/pi/mowbot_pkg_v1_WORKING_DO_NOT_TOUCH', 'symlink_install': False, 'test_result_base': None}
[3.486s] INFO:colcon.colcon_core.executor:Executing jobs using 'parallel' executor
[3.490s] DEBUG:colcon.colcon_parallel_executor.executor.parallel:run_until_complete
[3.491s] INFO:colcon.colcon_ros.task.ament_python.build:Building ROS package in '/home/pi/mowbot_pkg_v1_WORKING_DO_NOT_TOUCH' with build type 'ament_python'
[3.491s] Level 1:colcon.colcon_core.shell:create_environment_hook('mowbot_pkg', 'ament_prefix_path')
[3.518s] INFO:colcon.colcon_core.plugin_system:Skipping extension 'colcon_core.shell.bat': Not used on non-Windows systems
[3.520s] INFO:colcon.colcon_core.shell:Creating environment hook '/home/pi/mowbot_pkg_v1_WORKING_DO_NOT_TOUCH/install/mowbot_pkg/share/mowbot_pkg/hook/ament_prefix_path.ps1'
[3.526s] INFO:colcon.colcon_core.shell:Creating environment descriptor '/home/pi/mowbot_pkg_v1_WORKING_DO_NOT_TOUCH/install/mowbot_pkg/share/mowbot_pkg/hook/ament_prefix_path.dsv'
[3.532s] INFO:colcon.colcon_core.shell:Creating environment hook '/home/pi/mowbot_pkg_v1_WORKING_DO_NOT_TOUCH/install/mowbot_pkg/share/mowbot_pkg/hook/ament_prefix_path.sh'
[3.537s] INFO:colcon.colcon_core.shell:Skip shell extension 'powershell' for command environment: Not usable outside of PowerShell
[3.538s] DEBUG:colcon.colcon_core.shell:Skip shell extension 'dsv' for command environment
[5.037s] INFO:colcon.colcon_core.task.python.build:Building Python package in '/home/pi/mowbot_pkg_v1_WORKING_DO_NOT_TOUCH'
[5.039s] INFO:colcon.colcon_core.shell:Skip shell extension 'powershell' for command environment: Not usable outside of PowerShell
[5.039s] DEBUG:colcon.colcon_core.shell:Skip shell extension 'dsv' for command environment
[7.104s] DEBUG:colcon.colcon_core.event_handler.log_command:Invoking command in '/home/pi/mowbot_pkg_v1_WORKING_DO_NOT_TOUCH': PYTHONPATH=/home/pi/mowbot_pkg_v1_WORKING_DO_NOT_TOUCH/build/mowbot_pkg/prefix_override:/usr/lib/python3/dist-packages/colcon_core/task/python/colcon_distutils_commands:/home/pi/mowbot_pkg_v1_WORKING_DO_NOT_TOUCH/install/mowbot_pkg/lib/python3.10/site-packages:${PYTHONPATH} /usr/bin/python3 -W ignore:setup.py install is deprecated setup.py egg_info --egg-base build/mowbot_pkg build --build-base /home/pi/mowbot_pkg_v1_WORKING_DO_NOT_TOUCH/build/mowbot_pkg/build install --record /home/pi/mowbot_pkg_v1_WORKING_DO_NOT_TOUCH/build/mowbot_pkg/install.log --single-version-externally-managed install_data
[8.744s] DEBUG:colcon.colcon_core.event_handler.log_command:Invoked command in '/home/pi/mowbot_pkg_v1_WORKING_DO_NOT_TOUCH' returned '0': PYTHONPATH=/home/pi/mowbot_pkg_v1_WORKING_DO_NOT_TOUCH/build/mowbot_pkg/prefix_override:/usr/lib/python3/dist-packages/colcon_core/task/python/colcon_distutils_commands:/home/pi/mowbot_pkg_v1_WORKING_DO_NOT_TOUCH/install/mowbot_pkg/lib/python3.10/site-packages:${PYTHONPATH} /usr/bin/python3 -W ignore:setup.py install is deprecated setup.py egg_info --egg-base build/mowbot_pkg build --build-base /home/pi/mowbot_pkg_v1_WORKING_DO_NOT_TOUCH/build/mowbot_pkg/build install --record /home/pi/mowbot_pkg_v1_WORKING_DO_NOT_TOUCH/build/mowbot_pkg/install.log --single-version-externally-managed install_data
[8.784s] Level 1:colcon.colcon_core.environment:checking '/home/pi/mowbot_pkg_v1_WORKING_DO_NOT_TOUCH/install/mowbot_pkg' for CMake module files
[8.787s] Level 1:colcon.colcon_core.environment:checking '/home/pi/mowbot_pkg_v1_WORKING_DO_NOT_TOUCH/install/mowbot_pkg' for CMake config files
[8.794s] Level 1:colcon.colcon_core.environment:checking '/home/pi/mowbot_pkg_v1_WORKING_DO_NOT_TOUCH/install/mowbot_pkg/lib'
[8.795s] Level 1:colcon.colcon_core.environment:checking '/home/pi/mowbot_pkg_v1_WORKING_DO_NOT_TOUCH/install/mowbot_pkg/bin'
[8.795s] Level 1:colcon.colcon_core.environment:checking '/home/pi/mowbot_pkg_v1_WORKING_DO_NOT_TOUCH/install/mowbot_pkg/lib/pkgconfig/mowbot_pkg.pc'
[8.796s] Level 1:colcon.colcon_core.environment:checking '/home/pi/mowbot_pkg_v1_WORKING_DO_NOT_TOUCH/install/mowbot_pkg/lib/python3.10/site-packages'
[8.797s] Level 1:colcon.colcon_core.shell:create_environment_hook('mowbot_pkg', 'pythonpath')
[8.798s] INFO:colcon.colcon_core.shell:Creating environment hook '/home/pi/mowbot_pkg_v1_WORKING_DO_NOT_TOUCH/install/mowbot_pkg/share/mowbot_pkg/hook/pythonpath.ps1'
[8.800s] INFO:colcon.colcon_core.shell:Creating environment descriptor '/home/pi/mowbot_pkg_v1_WORKING_DO_NOT_TOUCH/install/mowbot_pkg/share/mowbot_pkg/hook/pythonpath.dsv'
[8.802s] INFO:colcon.colcon_core.shell:Creating environment hook '/home/pi/mowbot_pkg_v1_WORKING_DO_NOT_TOUCH/install/mowbot_pkg/share/mowbot_pkg/hook/pythonpath.sh'
[8.805s] Level 1:colcon.colcon_core.environment:checking '/home/pi/mowbot_pkg_v1_WORKING_DO_NOT_TOUCH/install/mowbot_pkg/bin'
[8.805s] Level 1:colcon.colcon_core.environment:create_environment_scripts_only(mowbot_pkg)
[8.807s] INFO:colcon.colcon_core.shell:Creating package script '/home/pi/mowbot_pkg_v1_WORKING_DO_NOT_TOUCH/install/mowbot_pkg/share/mowbot_pkg/package.ps1'
[8.812s] INFO:colcon.colcon_core.shell:Creating package descriptor '/home/pi/mowbot_pkg_v1_WORKING_DO_NOT_TOUCH/install/mowbot_pkg/share/mowbot_pkg/package.dsv'
[8.816s] INFO:colcon.colcon_core.shell:Creating package script '/home/pi/mowbot_pkg_v1_WORKING_DO_NOT_TOUCH/install/mowbot_pkg/share/mowbot_pkg/package.sh'
[8.821s] INFO:colcon.colcon_core.shell:Creating package script '/home/pi/mowbot_pkg_v1_WORKING_DO_NOT_TOUCH/install/mowbot_pkg/share/mowbot_pkg/package.bash'
[8.826s] INFO:colcon.colcon_core.shell:Creating package script '/home/pi/mowbot_pkg_v1_WORKING_DO_NOT_TOUCH/install/mowbot_pkg/share/mowbot_pkg/package.zsh'
[8.833s] Level 1:colcon.colcon_core.environment:create_file_with_runtime_dependencies(/home/pi/mowbot_pkg_v1_WORKING_DO_NOT_TOUCH/install/mowbot_pkg/share/colcon-core/packages/mowbot_pkg)
[8.835s] DEBUG:colcon.colcon_parallel_executor.executor.parallel:closing loop
[8.836s] DEBUG:colcon.colcon_parallel_executor.executor.parallel:loop closed
[8.837s] DEBUG:colcon.colcon_parallel_executor.executor.parallel:run_until_complete finished with '0'
[8.837s] DEBUG:colcon.colcon_core.event_reactor:joining thread
[8.872s] INFO:colcon.colcon_core.plugin_system:Skipping extension 'colcon_notification.desktop_notification.terminal_notifier': Not used on non-Darwin systems
[8.873s] INFO:colcon.colcon_core.plugin_system:Skipping extension 'colcon_notification.desktop_notification.win32': Not used on non-Windows systems
[8.873s] INFO:colcon.colcon_notification.desktop_notification:Sending desktop notification using 'notify2'
[8.942s] DEBUG:colcon.colcon_core.event_reactor:joined thread
[8.943s] INFO:colcon.colcon_core.shell:Creating prefix script '/home/pi/mowbot_pkg_v1_WORKING_DO_NOT_TOUCH/install/local_setup.ps1'
[8.949s] INFO:colcon.colcon_core.shell:Creating prefix util module '/home/pi/mowbot_pkg_v1_WORKING_DO_NOT_TOUCH/install/_local_setup_util_ps1.py'
[8.976s] INFO:colcon.colcon_core.shell:Creating prefix chain script '/home/pi/mowbot_pkg_v1_WORKING_DO_NOT_TOUCH/install/setup.ps1'
[8.994s] INFO:colcon.colcon_core.shell:Creating prefix script '/home/pi/mowbot_pkg_v1_WORKING_DO_NOT_TOUCH/install/local_setup.sh'
[9.000s] INFO:colcon.colcon_core.shell:Creating prefix util module '/home/pi/mowbot_pkg_v1_WORKING_DO_NOT_TOUCH/install/_local_setup_util_sh.py'
[9.005s] INFO:colcon.colcon_core.shell:Creating prefix chain script '/home/pi/mowbot_pkg_v1_WORKING_DO_NOT_TOUCH/install/setup.sh'
[9.025s] INFO:colcon.colcon_core.shell:Creating prefix script '/home/pi/mowbot_pkg_v1_WORKING_DO_NOT_TOUCH/install/local_setup.bash'
[9.047s] INFO:colcon.colcon_core.shell:Creating prefix chain script '/home/pi/mowbot_pkg_v1_WORKING_DO_NOT_TOUCH/install/setup.bash'
[9.053s] INFO:colcon.colcon_core.shell:Creating prefix script '/home/pi/mowbot_pkg_v1_WORKING_DO_NOT_TOUCH/install/local_setup.zsh'
[9.057s] INFO:colcon.colcon_core.shell:Creating prefix chain script '/home/pi/mowbot_pkg_v1_WORKING_DO_NOT_TOUCH/install/setup.zsh'
