[3.424s] Invoking command in '/home/pi/mowbot_pkg_v1': PYTHONPATH=/home/pi/mowbot_pkg_v1/build/mowbot_pkg/prefix_override:/usr/lib/python3/dist-packages/colcon_core/task/python/colcon_distutils_commands:/home/pi/mowbot_pkg_v1/install/mowbot_pkg/lib/python3.10/site-packages:${PYTHONPATH} /usr/bin/python3 -W ignore:setup.py install is deprecated setup.py egg_info --egg-base build/mowbot_pkg build --build-base /home/pi/mowbot_pkg_v1/build/mowbot_pkg/build install --record /home/pi/mowbot_pkg_v1/build/mowbot_pkg/install.log --single-version-externally-managed install_data
[4.817s] running egg_info
[4.820s] writing build/mowbot_pkg/mowbot_pkg.egg-info/PKG-INFO
[4.822s] writing dependency_links to build/mowbot_pkg/mowbot_pkg.egg-info/dependency_links.txt
[4.823s] writing entry points to build/mowbot_pkg/mowbot_pkg.egg-info/entry_points.txt
[4.824s] writing requirements to build/mowbot_pkg/mowbot_pkg.egg-info/requires.txt
[4.825s] writing top-level names to build/mowbot_pkg/mowbot_pkg.egg-info/top_level.txt
[4.833s] reading manifest file 'build/mowbot_pkg/mowbot_pkg.egg-info/SOURCES.txt'
[4.862s] writing manifest file 'build/mowbot_pkg/mowbot_pkg.egg-info/SOURCES.txt'
[4.863s] running build
[4.864s] running build_py
[4.881s] running install
[4.882s] running install_lib
[4.887s] creating /home/pi/mowbot_pkg_v1/install/mowbot_pkg/lib/python3.10/site-packages/mowbot_pkg
[4.888s] creating /home/pi/mowbot_pkg_v1/install/mowbot_pkg/lib/python3.10/site-packages/mowbot_pkg/roboclaw
[4.889s] copying /home/pi/mowbot_pkg_v1/build/mowbot_pkg/build/lib/mowbot_pkg/roboclaw/roboclaw_3.py -> /home/pi/mowbot_pkg_v1/install/mowbot_pkg/lib/python3.10/site-packages/mowbot_pkg/roboclaw
[4.892s] copying /home/pi/mowbot_pkg_v1/build/mowbot_pkg/build/lib/mowbot_pkg/roboclaw/__init__.py -> /home/pi/mowbot_pkg_v1/install/mowbot_pkg/lib/python3.10/site-packages/mowbot_pkg/roboclaw
[4.893s] copying /home/pi/mowbot_pkg_v1/build/mowbot_pkg/build/lib/mowbot_pkg/__init__.py -> /home/pi/mowbot_pkg_v1/install/mowbot_pkg/lib/python3.10/site-packages/mowbot_pkg
[4.894s] copying /home/pi/mowbot_pkg_v1/build/mowbot_pkg/build/lib/mowbot_pkg/roboclaw_control.py -> /home/pi/mowbot_pkg_v1/install/mowbot_pkg/lib/python3.10/site-packages/mowbot_pkg
[4.900s] byte-compiling /home/pi/mowbot_pkg_v1/install/mowbot_pkg/lib/python3.10/site-packages/mowbot_pkg/roboclaw/roboclaw_3.py to roboclaw_3.cpython-310.pyc
[4.934s] byte-compiling /home/pi/mowbot_pkg_v1/install/mowbot_pkg/lib/python3.10/site-packages/mowbot_pkg/roboclaw/__init__.py to __init__.cpython-310.pyc
[4.935s] byte-compiling /home/pi/mowbot_pkg_v1/install/mowbot_pkg/lib/python3.10/site-packages/mowbot_pkg/__init__.py to __init__.cpython-310.pyc
[4.936s] byte-compiling /home/pi/mowbot_pkg_v1/install/mowbot_pkg/lib/python3.10/site-packages/mowbot_pkg/roboclaw_control.py to roboclaw_control.cpython-310.pyc
[4.940s] running install_data
[4.943s] running install_egg_info
[4.951s] Copying build/mowbot_pkg/mowbot_pkg.egg-info to /home/pi/mowbot_pkg_v1/install/mowbot_pkg/lib/python3.10/site-packages/mowbot_pkg-0.0.1-py3.10.egg-info
[4.959s] running install_scripts
[5.053s] Installing roboclaw_control script to /home/pi/mowbot_pkg_v1/install/mowbot_pkg/lib/mowbot_pkg
[5.055s] writing list of installed files to '/home/pi/mowbot_pkg_v1/build/mowbot_pkg/install.log'
[5.188s] Invoked command in '/home/pi/mowbot_pkg_v1' returned '0': PYTHONPATH=/home/pi/mowbot_pkg_v1/build/mowbot_pkg/prefix_override:/usr/lib/python3/dist-packages/colcon_core/task/python/colcon_distutils_commands:/home/pi/mowbot_pkg_v1/install/mowbot_pkg/lib/python3.10/site-packages:${PYTHONPATH} /usr/bin/python3 -W ignore:setup.py install is deprecated setup.py egg_info --egg-base build/mowbot_pkg build --build-base /home/pi/mowbot_pkg_v1/build/mowbot_pkg/build install --record /home/pi/mowbot_pkg_v1/build/mowbot_pkg/install.log --single-version-externally-managed install_data
