running develop
running egg_info
creating mowbot_teleop.egg-info
writing mowbot_teleop.egg-info/PKG-INFO
writing dependency_links to mowbot_teleop.egg-info/dependency_links.txt
writing entry points to mowbot_teleop.egg-info/entry_points.txt
writing requirements to mowbot_teleop.egg-info/requires.txt
writing top-level names to mowbot_teleop.egg-info/top_level.txt
writing manifest file 'mowbot_teleop.egg-info/SOURCES.txt'
reading manifest file 'mowbot_teleop.egg-info/SOURCES.txt'
writing manifest file 'mowbot_teleop.egg-info/SOURCES.txt'
running build_ext
Creating /home/dadmin/mowbot_teleop/install/mowbot_teleop/lib/python3.10/site-packages/mowbot-teleop.egg-link (link to .)
Installing mowbot_video_node script to /home/dadmin/mowbot_teleop/install/mowbot_teleop/lib/mowbot_teleop

Installed /home/dadmin/mowbot_teleop/build/mowbot_teleop
running symlink_data
creating /home/dadmin/mowbot_teleop/install/mowbot_teleop/share/ament_index
creating /home/dadmin/mowbot_teleop/install/mowbot_teleop/share/ament_index/resource_index
creating /home/dadmin/mowbot_teleop/install/mowbot_teleop/share/ament_index/resource_index/packages
symbolically linking /home/dadmin/mowbot_teleop/build/mowbot_teleop/resource/mowbot_teleop -> /home/dadmin/mowbot_teleop/install/mowbot_teleop/share/ament_index/resource_index/packages
symbolically linking /home/dadmin/mowbot_teleop/build/mowbot_teleop/package.xml -> /home/dadmin/mowbot_teleop/install/mowbot_teleop/share/mowbot_teleop
