[3.487s] Invoking command in '/home/pi/mowbot_pkg_v1/build/mowbot_pkg': PYTHONPATH=/home/pi/mowbot_pkg_v1/build/mowbot_pkg/prefix_override:/usr/lib/python3/dist-packages/colcon_core/task/python/colcon_distutils_commands:/home/pi/mowbot_pkg_v1/install/mowbot_pkg/lib/python3.10/site-packages:${PYTHONPATH} /usr/bin/python3 -W ignore:setup.py install is deprecated setup.py develop --uninstall --editable --build-directory /home/pi/mowbot_pkg_v1/build/mowbot_pkg/build
[4.997s] running develop
[5.003s] /usr/lib/python3/dist-packages/setuptools/command/easy_install.py:158: EasyInstallDeprecationWarning: easy_install command is deprecated. Use build and pip and other standards-based tools.
[5.003s]   warnings.warn(
[6.092s] Removing /home/pi/mowbot_pkg_v1/install/mowbot_pkg/lib/python3.10/site-packages/mowbot-pkg.egg-link (link to .)
[6.236s] Invoked command in '/home/pi/mowbot_pkg_v1/build/mowbot_pkg' returned '0': PYTHONPATH=/home/pi/mowbot_pkg_v1/build/mowbot_pkg/prefix_override:/usr/lib/python3/dist-packages/colcon_core/task/python/colcon_distutils_commands:/home/pi/mowbot_pkg_v1/install/mowbot_pkg/lib/python3.10/site-packages:${PYTHONPATH} /usr/bin/python3 -W ignore:setup.py install is deprecated setup.py develop --uninstall --editable --build-directory /home/pi/mowbot_pkg_v1/build/mowbot_pkg/build
[6.247s] Invoking command in '/home/pi/mowbot_pkg_v1': PYTHONPATH=/home/pi/mowbot_pkg_v1/build/mowbot_pkg/prefix_override:/usr/lib/python3/dist-packages/colcon_core/task/python/colcon_distutils_commands:/home/pi/mowbot_pkg_v1/install/mowbot_pkg/lib/python3.10/site-packages:${PYTHONPATH} /usr/bin/python3 -W ignore:setup.py install is deprecated setup.py egg_info --egg-base build/mowbot_pkg build --build-base /home/pi/mowbot_pkg_v1/build/mowbot_pkg/build install --record /home/pi/mowbot_pkg_v1/build/mowbot_pkg/install.log --single-version-externally-managed install_data --force
[7.627s] running egg_info
[7.630s] writing build/mowbot_pkg/mowbot_pkg.egg-info/PKG-INFO
[7.631s] writing dependency_links to build/mowbot_pkg/mowbot_pkg.egg-info/dependency_links.txt
[7.632s] writing entry points to build/mowbot_pkg/mowbot_pkg.egg-info/entry_points.txt
[7.633s] writing requirements to build/mowbot_pkg/mowbot_pkg.egg-info/requires.txt
[7.634s] writing top-level names to build/mowbot_pkg/mowbot_pkg.egg-info/top_level.txt
[7.643s] reading manifest file 'build/mowbot_pkg/mowbot_pkg.egg-info/SOURCES.txt'
[7.647s] writing manifest file 'build/mowbot_pkg/mowbot_pkg.egg-info/SOURCES.txt'
[7.648s] running build
[7.648s] running build_py
[7.649s] copying ./mowbot_pkg/roboclaw_control.py -> /home/pi/mowbot_pkg_v1/build/mowbot_pkg/build/lib/mowbot_pkg
[7.652s] running install
[7.653s] running install_lib
[7.657s] creating /home/pi/mowbot_pkg_v1/install/mowbot_pkg/lib/python3.10/site-packages/mowbot_pkg
[7.659s] creating /home/pi/mowbot_pkg_v1/install/mowbot_pkg/lib/python3.10/site-packages/mowbot_pkg/roboclaw
[7.660s] copying /home/pi/mowbot_pkg_v1/build/mowbot_pkg/build/lib/mowbot_pkg/roboclaw/roboclaw_3.py -> /home/pi/mowbot_pkg_v1/install/mowbot_pkg/lib/python3.10/site-packages/mowbot_pkg/roboclaw
[7.661s] copying /home/pi/mowbot_pkg_v1/build/mowbot_pkg/build/lib/mowbot_pkg/roboclaw/__init__.py -> /home/pi/mowbot_pkg_v1/install/mowbot_pkg/lib/python3.10/site-packages/mowbot_pkg/roboclaw
[7.662s] copying /home/pi/mowbot_pkg_v1/build/mowbot_pkg/build/lib/mowbot_pkg/__init__.py -> /home/pi/mowbot_pkg_v1/install/mowbot_pkg/lib/python3.10/site-packages/mowbot_pkg
[7.663s] copying /home/pi/mowbot_pkg_v1/build/mowbot_pkg/build/lib/mowbot_pkg/roboclaw_control.py -> /home/pi/mowbot_pkg_v1/install/mowbot_pkg/lib/python3.10/site-packages/mowbot_pkg
[7.666s] byte-compiling /home/pi/mowbot_pkg_v1/install/mowbot_pkg/lib/python3.10/site-packages/mowbot_pkg/roboclaw/roboclaw_3.py to roboclaw_3.cpython-310.pyc
[7.701s] byte-compiling /home/pi/mowbot_pkg_v1/install/mowbot_pkg/lib/python3.10/site-packages/mowbot_pkg/roboclaw/__init__.py to __init__.cpython-310.pyc
[7.703s] byte-compiling /home/pi/mowbot_pkg_v1/install/mowbot_pkg/lib/python3.10/site-packages/mowbot_pkg/__init__.py to __init__.cpython-310.pyc
[7.704s] byte-compiling /home/pi/mowbot_pkg_v1/install/mowbot_pkg/lib/python3.10/site-packages/mowbot_pkg/roboclaw_control.py to roboclaw_control.cpython-310.pyc
[7.708s] running install_data
[7.708s] copying resource/mowbot_pkg -> /home/pi/mowbot_pkg_v1/install/mowbot_pkg/share/ament_index/resource_index/packages
[7.709s] copying package.xml -> /home/pi/mowbot_pkg_v1/install/mowbot_pkg/share/mowbot_pkg
[7.710s] copying launch/roboclaw_control_launch.py -> /home/pi/mowbot_pkg_v1/install/mowbot_pkg/share/mowbot_pkg/launch
[7.712s] copying config/ps4.config.yaml -> /home/pi/mowbot_pkg_v1/install/mowbot_pkg/share/mowbot_pkg/config
[7.713s] running install_egg_info
[7.722s] Copying build/mowbot_pkg/mowbot_pkg.egg-info to /home/pi/mowbot_pkg_v1/install/mowbot_pkg/lib/python3.10/site-packages/mowbot_pkg-0.0.1-py3.10.egg-info
[7.729s] running install_scripts
[7.821s] Installing roboclaw_control script to /home/pi/mowbot_pkg_v1/install/mowbot_pkg/lib/mowbot_pkg
[7.823s] writing list of installed files to '/home/pi/mowbot_pkg_v1/build/mowbot_pkg/install.log'
[7.953s] Invoked command in '/home/pi/mowbot_pkg_v1' returned '0': PYTHONPATH=/home/pi/mowbot_pkg_v1/build/mowbot_pkg/prefix_override:/usr/lib/python3/dist-packages/colcon_core/task/python/colcon_distutils_commands:/home/pi/mowbot_pkg_v1/install/mowbot_pkg/lib/python3.10/site-packages:${PYTHONPATH} /usr/bin/python3 -W ignore:setup.py install is deprecated setup.py egg_info --egg-base build/mowbot_pkg build --build-base /home/pi/mowbot_pkg_v1/build/mowbot_pkg/build install --record /home/pi/mowbot_pkg_v1/build/mowbot_pkg/install.log --single-version-externally-managed install_data --force
