[1.156s] Invoking command in '/home/pi/mowbot_pkg_v2_lidar/build/mowbot_pkg': DEBUGINFOD_URLS=https://debuginfod.ubuntu.com PYTHONPATH=/home/pi/mowbot_pkg_v2_lidar/build/mowbot_pkg/prefix_override:/usr/lib/python3/dist-packages/colcon_core/task/python/colcon_distutils_commands:/home/pi/mowbot_pkg_v2_lidar/install/mowbot_pkg/lib/python3.12/site-packages:${PYTHONPATH} /usr/bin/python3 -W ignore:setup.py install is deprecated setup.py develop --uninstall --editable --build-directory /home/pi/mowbot_pkg_v2_lidar/build/mowbot_pkg/build
[1.568s] running develop
[1.568s] /usr/lib/python3/dist-packages/setuptools/command/develop.py:40: EasyInstallDeprecationWarning: easy_install command is deprecated.
[1.568s] !!
[1.569s] 
[1.569s]         ********************************************************************************
[1.569s]         Please avoid running ``setup.py`` and ``easy_install``.
[1.569s]         Instead, use pypa/build, pypa/installer or other
[1.569s]         standards-based tools.
[1.569s] 
[1.569s]         See https://github.com/pypa/setuptools/issues/917 for details.
[1.569s]         ********************************************************************************
[1.569s] 
[1.569s] !!
[1.569s]   easy_install.initialize_options(self)
[1.842s] Removing /home/pi/mowbot_pkg_v2_lidar/install/mowbot_pkg/lib/python3.12/site-packages/mowbot-pkg.egg-link (link to .)
[1.929s] Invoked command in '/home/pi/mowbot_pkg_v2_lidar/build/mowbot_pkg' returned '0': DEBUGINFOD_URLS=https://debuginfod.ubuntu.com PYTHONPATH=/home/pi/mowbot_pkg_v2_lidar/build/mowbot_pkg/prefix_override:/usr/lib/python3/dist-packages/colcon_core/task/python/colcon_distutils_commands:/home/pi/mowbot_pkg_v2_lidar/install/mowbot_pkg/lib/python3.12/site-packages:${PYTHONPATH} /usr/bin/python3 -W ignore:setup.py install is deprecated setup.py develop --uninstall --editable --build-directory /home/pi/mowbot_pkg_v2_lidar/build/mowbot_pkg/build
[1.931s] Invoking command in '/home/pi/mowbot_pkg_v2_lidar': DEBUGINFOD_URLS=https://debuginfod.ubuntu.com PYTHONPATH=/home/pi/mowbot_pkg_v2_lidar/build/mowbot_pkg/prefix_override:/usr/lib/python3/dist-packages/colcon_core/task/python/colcon_distutils_commands:/home/pi/mowbot_pkg_v2_lidar/install/mowbot_pkg/lib/python3.12/site-packages:${PYTHONPATH} /usr/bin/python3 -W ignore:setup.py install is deprecated setup.py egg_info --egg-base build/mowbot_pkg build --build-base /home/pi/mowbot_pkg_v2_lidar/build/mowbot_pkg/build install --record /home/pi/mowbot_pkg_v2_lidar/build/mowbot_pkg/install.log --single-version-externally-managed install_data --force
[2.294s] running egg_info
[2.319s] writing build/mowbot_pkg/mowbot_pkg.egg-info/PKG-INFO
[2.320s] writing dependency_links to build/mowbot_pkg/mowbot_pkg.egg-info/dependency_links.txt
[2.321s] writing entry points to build/mowbot_pkg/mowbot_pkg.egg-info/entry_points.txt
[2.323s] writing requirements to build/mowbot_pkg/mowbot_pkg.egg-info/requires.txt
[2.324s] writing top-level names to build/mowbot_pkg/mowbot_pkg.egg-info/top_level.txt
[2.381s] reading manifest file 'build/mowbot_pkg/mowbot_pkg.egg-info/SOURCES.txt'
[2.382s] writing manifest file 'build/mowbot_pkg/mowbot_pkg.egg-info/SOURCES.txt'
[2.382s] running build
[2.382s] running build_py
[2.383s] running install
[2.392s] running install_lib
[2.418s] creating /home/pi/mowbot_pkg_v2_lidar/install/mowbot_pkg/lib/python3.12/site-packages/mowbot_pkg
[2.418s] copying /home/pi/mowbot_pkg_v2_lidar/build/mowbot_pkg/build/lib/mowbot_pkg/__init__.py -> /home/pi/mowbot_pkg_v2_lidar/install/mowbot_pkg/lib/python3.12/site-packages/mowbot_pkg
[2.418s] creating /home/pi/mowbot_pkg_v2_lidar/install/mowbot_pkg/lib/python3.12/site-packages/mowbot_pkg/roboclaw
[2.419s] copying /home/pi/mowbot_pkg_v2_lidar/build/mowbot_pkg/build/lib/mowbot_pkg/roboclaw/__init__.py -> /home/pi/mowbot_pkg_v2_lidar/install/mowbot_pkg/lib/python3.12/site-packages/mowbot_pkg/roboclaw
[2.419s] copying /home/pi/mowbot_pkg_v2_lidar/build/mowbot_pkg/build/lib/mowbot_pkg/roboclaw/roboclaw_3.py -> /home/pi/mowbot_pkg_v2_lidar/install/mowbot_pkg/lib/python3.12/site-packages/mowbot_pkg/roboclaw
[2.419s] copying /home/pi/mowbot_pkg_v2_lidar/build/mowbot_pkg/build/lib/mowbot_pkg/roboclaw_control.py -> /home/pi/mowbot_pkg_v2_lidar/install/mowbot_pkg/lib/python3.12/site-packages/mowbot_pkg
[2.420s] byte-compiling /home/pi/mowbot_pkg_v2_lidar/install/mowbot_pkg/lib/python3.12/site-packages/mowbot_pkg/__init__.py to __init__.cpython-312.pyc
[2.420s] byte-compiling /home/pi/mowbot_pkg_v2_lidar/install/mowbot_pkg/lib/python3.12/site-packages/mowbot_pkg/roboclaw/__init__.py to __init__.cpython-312.pyc
[2.420s] byte-compiling /home/pi/mowbot_pkg_v2_lidar/install/mowbot_pkg/lib/python3.12/site-packages/mowbot_pkg/roboclaw/roboclaw_3.py to roboclaw_3.cpython-312.pyc
[2.435s] byte-compiling /home/pi/mowbot_pkg_v2_lidar/install/mowbot_pkg/lib/python3.12/site-packages/mowbot_pkg/roboclaw_control.py to roboclaw_control.cpython-312.pyc
[2.436s] running install_data
[2.437s] copying resource/mowbot_pkg -> /home/pi/mowbot_pkg_v2_lidar/install/mowbot_pkg/share/ament_index/resource_index/packages
[2.437s] copying package.xml -> /home/pi/mowbot_pkg_v2_lidar/install/mowbot_pkg/share/mowbot_pkg
[2.437s] copying launch/roboclaw_control_launch.py -> /home/pi/mowbot_pkg_v2_lidar/install/mowbot_pkg/share/mowbot_pkg/launch
[2.437s] copying config/ps4.config.yaml -> /home/pi/mowbot_pkg_v2_lidar/install/mowbot_pkg/share/mowbot_pkg/config
[2.437s] copying config/local_costmap_params.yaml -> /home/pi/mowbot_pkg_v2_lidar/install/mowbot_pkg/share/mowbot_pkg/config
[2.438s] copying config/global_costmap_params.yaml -> /home/pi/mowbot_pkg_v2_lidar/install/mowbot_pkg/share/mowbot_pkg/config
[2.438s] running install_egg_info
[2.466s] Copying build/mowbot_pkg/mowbot_pkg.egg-info to /home/pi/mowbot_pkg_v2_lidar/install/mowbot_pkg/lib/python3.12/site-packages/mowbot_pkg-0.0.1-py3.12.egg-info
[2.467s] running install_scripts
[2.649s] Installing roboclaw_control script to /home/pi/mowbot_pkg_v2_lidar/install/mowbot_pkg/lib/mowbot_pkg
[2.649s] writing list of installed files to '/home/pi/mowbot_pkg_v2_lidar/build/mowbot_pkg/install.log'
[2.725s] Invoked command in '/home/pi/mowbot_pkg_v2_lidar' returned '0': DEBUGINFOD_URLS=https://debuginfod.ubuntu.com PYTHONPATH=/home/pi/mowbot_pkg_v2_lidar/build/mowbot_pkg/prefix_override:/usr/lib/python3/dist-packages/colcon_core/task/python/colcon_distutils_commands:/home/pi/mowbot_pkg_v2_lidar/install/mowbot_pkg/lib/python3.12/site-packages:${PYTHONPATH} /usr/bin/python3 -W ignore:setup.py install is deprecated setup.py egg_info --egg-base build/mowbot_pkg build --build-base /home/pi/mowbot_pkg_v2_lidar/build/mowbot_pkg/build install --record /home/pi/mowbot_pkg_v2_lidar/build/mowbot_pkg/install.log --single-version-externally-managed install_data --force
