running develop
/usr/lib/python3/dist-packages/setuptools/command/develop.py:40: EasyInstallDeprecationWarning: easy_install command is deprecated.
!!

        ********************************************************************************
        Please avoid running ``setup.py`` and ``easy_install``.
        Instead, use pypa/build, pypa/installer or other
        standards-based tools.

        See https://github.com/pypa/setuptools/issues/917 for details.
        ********************************************************************************

!!
  easy_install.initialize_options(self)
Removing /home/pi/mowbot_pkg_v2_lidar/install/mowbot_pkg/lib/python3.12/site-packages/mowbot-pkg.egg-link (link to .)
running egg_info
writing build/mowbot_pkg/mowbot_pkg.egg-info/PKG-INFO
writing dependency_links to build/mowbot_pkg/mowbot_pkg.egg-info/dependency_links.txt
writing entry points to build/mowbot_pkg/mowbot_pkg.egg-info/entry_points.txt
writing requirements to build/mowbot_pkg/mowbot_pkg.egg-info/requires.txt
writing top-level names to build/mowbot_pkg/mowbot_pkg.egg-info/top_level.txt
reading manifest file 'build/mowbot_pkg/mowbot_pkg.egg-info/SOURCES.txt'
writing manifest file 'build/mowbot_pkg/mowbot_pkg.egg-info/SOURCES.txt'
running build
running build_py
running install
running install_lib
creating /home/pi/mowbot_pkg_v2_lidar/install/mowbot_pkg/lib/python3.12/site-packages/mowbot_pkg
copying /home/pi/mowbot_pkg_v2_lidar/build/mowbot_pkg/build/lib/mowbot_pkg/__init__.py -> /home/pi/mowbot_pkg_v2_lidar/install/mowbot_pkg/lib/python3.12/site-packages/mowbot_pkg
creating /home/pi/mowbot_pkg_v2_lidar/install/mowbot_pkg/lib/python3.12/site-packages/mowbot_pkg/roboclaw
copying /home/pi/mowbot_pkg_v2_lidar/build/mowbot_pkg/build/lib/mowbot_pkg/roboclaw/__init__.py -> /home/pi/mowbot_pkg_v2_lidar/install/mowbot_pkg/lib/python3.12/site-packages/mowbot_pkg/roboclaw
copying /home/pi/mowbot_pkg_v2_lidar/build/mowbot_pkg/build/lib/mowbot_pkg/roboclaw/roboclaw_3.py -> /home/pi/mowbot_pkg_v2_lidar/install/mowbot_pkg/lib/python3.12/site-packages/mowbot_pkg/roboclaw
copying /home/pi/mowbot_pkg_v2_lidar/build/mowbot_pkg/build/lib/mowbot_pkg/roboclaw_control.py -> /home/pi/mowbot_pkg_v2_lidar/install/mowbot_pkg/lib/python3.12/site-packages/mowbot_pkg
byte-compiling /home/pi/mowbot_pkg_v2_lidar/install/mowbot_pkg/lib/python3.12/site-packages/mowbot_pkg/__init__.py to __init__.cpython-312.pyc
byte-compiling /home/pi/mowbot_pkg_v2_lidar/install/mowbot_pkg/lib/python3.12/site-packages/mowbot_pkg/roboclaw/__init__.py to __init__.cpython-312.pyc
byte-compiling /home/pi/mowbot_pkg_v2_lidar/install/mowbot_pkg/lib/python3.12/site-packages/mowbot_pkg/roboclaw/roboclaw_3.py to roboclaw_3.cpython-312.pyc
byte-compiling /home/pi/mowbot_pkg_v2_lidar/install/mowbot_pkg/lib/python3.12/site-packages/mowbot_pkg/roboclaw_control.py to roboclaw_control.cpython-312.pyc
running install_data
copying resource/mowbot_pkg -> /home/pi/mowbot_pkg_v2_lidar/install/mowbot_pkg/share/ament_index/resource_index/packages
copying package.xml -> /home/pi/mowbot_pkg_v2_lidar/install/mowbot_pkg/share/mowbot_pkg
copying launch/roboclaw_control_launch.py -> /home/pi/mowbot_pkg_v2_lidar/install/mowbot_pkg/share/mowbot_pkg/launch
copying config/ps4.config.yaml -> /home/pi/mowbot_pkg_v2_lidar/install/mowbot_pkg/share/mowbot_pkg/config
copying config/local_costmap_params.yaml -> /home/pi/mowbot_pkg_v2_lidar/install/mowbot_pkg/share/mowbot_pkg/config
copying config/global_costmap_params.yaml -> /home/pi/mowbot_pkg_v2_lidar/install/mowbot_pkg/share/mowbot_pkg/config
running install_egg_info
Copying build/mowbot_pkg/mowbot_pkg.egg-info to /home/pi/mowbot_pkg_v2_lidar/install/mowbot_pkg/lib/python3.12/site-packages/mowbot_pkg-0.0.1-py3.12.egg-info
running install_scripts
Installing roboclaw_control script to /home/pi/mowbot_pkg_v2_lidar/install/mowbot_pkg/lib/mowbot_pkg
writing list of installed files to '/home/pi/mowbot_pkg_v2_lidar/build/mowbot_pkg/install.log'
