[4.047s] Invoking command in '/home/dadmin/mowbot_teleop_bringup/src/mowbot_teleop_bringup': PYTHONPATH=/home/dadmin/mowbot_teleop_bringup/build/mowbot_teleop_bringup/prefix_override:/usr/lib/python3/dist-packages/colcon_core/task/python/colcon_distutils_commands:/home/dadmin/mowbot_teleop_bringup/install/mowbot_teleop_bringup/lib/python3.10/site-packages:${PYTHONPATH} /usr/bin/python3 -W ignore:setup.py install is deprecated setup.py egg_info --egg-base ../../build/mowbot_teleop_bringup build --build-base /home/dadmin/mowbot_teleop_bringup/build/mowbot_teleop_bringup/build install --record /home/dadmin/mowbot_teleop_bringup/build/mowbot_teleop_bringup/install.log --single-version-externally-managed install_data
[5.671s] running egg_info
[5.675s] creating ../../build/mowbot_teleop_bringup/mowbot_teleop_bringup.egg-info
[5.676s] writing ../../build/mowbot_teleop_bringup/mowbot_teleop_bringup.egg-info/PKG-INFO
[5.677s] writing dependency_links to ../../build/mowbot_teleop_bringup/mowbot_teleop_bringup.egg-info/dependency_links.txt
[5.677s] writing entry points to ../../build/mowbot_teleop_bringup/mowbot_teleop_bringup.egg-info/entry_points.txt
[5.678s] writing requirements to ../../build/mowbot_teleop_bringup/mowbot_teleop_bringup.egg-info/requires.txt
[5.679s] writing top-level names to ../../build/mowbot_teleop_bringup/mowbot_teleop_bringup.egg-info/top_level.txt
[5.680s] writing manifest file '../../build/mowbot_teleop_bringup/mowbot_teleop_bringup.egg-info/SOURCES.txt'
[5.689s] reading manifest file '../../build/mowbot_teleop_bringup/mowbot_teleop_bringup.egg-info/SOURCES.txt'
[5.693s] writing manifest file '../../build/mowbot_teleop_bringup/mowbot_teleop_bringup.egg-info/SOURCES.txt'
[5.695s] running build
[5.696s] running build_py
[5.696s] creating /home/dadmin/mowbot_teleop_bringup/build/mowbot_teleop_bringup/build
[5.697s] creating /home/dadmin/mowbot_teleop_bringup/build/mowbot_teleop_bringup/build/lib
[5.697s] creating /home/dadmin/mowbot_teleop_bringup/build/mowbot_teleop_bringup/build/lib/mowbot_teleop_bringup
[5.698s] copying mowbot_teleop_bringup/__init__.py -> /home/dadmin/mowbot_teleop_bringup/build/mowbot_teleop_bringup/build/lib/mowbot_teleop_bringup
[5.699s] running install
[5.699s] running install_lib
[5.703s] creating /home/dadmin/mowbot_teleop_bringup/install/mowbot_teleop_bringup/lib/python3.10/site-packages/mowbot_teleop_bringup
[5.703s] copying /home/dadmin/mowbot_teleop_bringup/build/mowbot_teleop_bringup/build/lib/mowbot_teleop_bringup/__init__.py -> /home/dadmin/mowbot_teleop_bringup/install/mowbot_teleop_bringup/lib/python3.10/site-packages/mowbot_teleop_bringup
[5.706s] byte-compiling /home/dadmin/mowbot_teleop_bringup/install/mowbot_teleop_bringup/lib/python3.10/site-packages/mowbot_teleop_bringup/__init__.py to __init__.cpython-310.pyc
[5.706s] running install_data
[5.707s] creating /home/dadmin/mowbot_teleop_bringup/install/mowbot_teleop_bringup/share/ament_index
[5.708s] creating /home/dadmin/mowbot_teleop_bringup/install/mowbot_teleop_bringup/share/ament_index/resource_index
[5.708s] creating /home/dadmin/mowbot_teleop_bringup/install/mowbot_teleop_bringup/share/ament_index/resource_index/packages
[5.709s] copying resource/mowbot_teleop_bringup -> /home/dadmin/mowbot_teleop_bringup/install/mowbot_teleop_bringup/share/ament_index/resource_index/packages
[5.709s] copying package.xml -> /home/dadmin/mowbot_teleop_bringup/install/mowbot_teleop_bringup/share/mowbot_teleop_bringup
[5.710s] creating /home/dadmin/mowbot_teleop_bringup/install/mowbot_teleop_bringup/share/mowbot_teleop_bringup/launch
[5.710s] copying launch/mowbot_teleop_bringup.launch.py -> /home/dadmin/mowbot_teleop_bringup/install/mowbot_teleop_bringup/share/mowbot_teleop_bringup/launch
[5.711s] running install_egg_info
[5.718s] Copying ../../build/mowbot_teleop_bringup/mowbot_teleop_bringup.egg-info to /home/dadmin/mowbot_teleop_bringup/install/mowbot_teleop_bringup/lib/python3.10/site-packages/mowbot_teleop_bringup-0.0.0-py3.10.egg-info
[5.723s] running install_scripts
[5.850s] writing list of installed files to '/home/dadmin/mowbot_teleop_bringup/build/mowbot_teleop_bringup/install.log'
[5.998s] Invoked command in '/home/dadmin/mowbot_teleop_bringup/src/mowbot_teleop_bringup' returned '0': PYTHONPATH=/home/dadmin/mowbot_teleop_bringup/build/mowbot_teleop_bringup/prefix_override:/usr/lib/python3/dist-packages/colcon_core/task/python/colcon_distutils_commands:/home/dadmin/mowbot_teleop_bringup/install/mowbot_teleop_bringup/lib/python3.10/site-packages:${PYTHONPATH} /usr/bin/python3 -W ignore:setup.py install is deprecated setup.py egg_info --egg-base ../../build/mowbot_teleop_bringup build --build-base /home/dadmin/mowbot_teleop_bringup/build/mowbot_teleop_bringup/build install --record /home/dadmin/mowbot_teleop_bringup/build/mowbot_teleop_bringup/install.log --single-version-externally-managed install_data
