/home/pi/mowbot_pkg_v2_lidar/install/mowbot_pkg/lib/python3.12/site-packages/mowbot_pkg/__init__.py
/home/pi/mowbot_pkg_v2_lidar/install/mowbot_pkg/lib/python3.12/site-packages/mowbot_pkg/roboclaw_control.py
/home/pi/mowbot_pkg_v2_lidar/install/mowbot_pkg/lib/python3.12/site-packages/mowbot_pkg/roboclaw/__init__.py
/home/pi/mowbot_pkg_v2_lidar/install/mowbot_pkg/lib/python3.12/site-packages/mowbot_pkg/roboclaw/roboclaw_3.py
/home/pi/mowbot_pkg_v2_lidar/install/mowbot_pkg/lib/python3.12/site-packages/mowbot_pkg/__pycache__/__init__.cpython-312.pyc
/home/pi/mowbot_pkg_v2_lidar/install/mowbot_pkg/lib/python3.12/site-packages/mowbot_pkg/__pycache__/roboclaw_control.cpython-312.pyc
/home/pi/mowbot_pkg_v2_lidar/install/mowbot_pkg/lib/python3.12/site-packages/mowbot_pkg/roboclaw/__pycache__/__init__.cpython-312.pyc
/home/pi/mowbot_pkg_v2_lidar/install/mowbot_pkg/lib/python3.12/site-packages/mowbot_pkg/roboclaw/__pycache__/roboclaw_3.cpython-312.pyc
/home/pi/mowbot_pkg_v2_lidar/install/mowbot_pkg/share/ament_index/resource_index/packages/mowbot_pkg
/home/pi/mowbot_pkg_v2_lidar/install/mowbot_pkg/share/mowbot_pkg/package.xml
/home/pi/mowbot_pkg_v2_lidar/install/mowbot_pkg/share/mowbot_pkg/launch/roboclaw_control_launch.py
/home/pi/mowbot_pkg_v2_lidar/install/mowbot_pkg/share/mowbot_pkg/config/ps4.config.yaml
/home/pi/mowbot_pkg_v2_lidar/install/mowbot_pkg/share/mowbot_pkg/config/local_costmap_params.yaml
/home/pi/mowbot_pkg_v2_lidar/install/mowbot_pkg/share/mowbot_pkg/config/global_costmap_params.yaml
/home/pi/mowbot_pkg_v2_lidar/install/mowbot_pkg/lib/python3.12/site-packages/mowbot_pkg-0.0.1-py3.12.egg-info/SOURCES.txt
/home/pi/mowbot_pkg_v2_lidar/install/mowbot_pkg/lib/python3.12/site-packages/mowbot_pkg-0.0.1-py3.12.egg-info/top_level.txt
/home/pi/mowbot_pkg_v2_lidar/install/mowbot_pkg/lib/python3.12/site-packages/mowbot_pkg-0.0.1-py3.12.egg-info/PKG-INFO
/home/pi/mowbot_pkg_v2_lidar/install/mowbot_pkg/lib/python3.12/site-packages/mowbot_pkg-0.0.1-py3.12.egg-info/zip-safe
/home/pi/mowbot_pkg_v2_lidar/install/mowbot_pkg/lib/python3.12/site-packages/mowbot_pkg-0.0.1-py3.12.egg-info/requires.txt
/home/pi/mowbot_pkg_v2_lidar/install/mowbot_pkg/lib/python3.12/site-packages/mowbot_pkg-0.0.1-py3.12.egg-info/dependency_links.txt
/home/pi/mowbot_pkg_v2_lidar/install/mowbot_pkg/lib/python3.12/site-packages/mowbot_pkg-0.0.1-py3.12.egg-info/entry_points.txt
/home/pi/mowbot_pkg_v2_lidar/install/mowbot_pkg/lib/mowbot_pkg/roboclaw_control
