[1.206s] DEBUG:colcon:Command line arguments: ['/usr/bin/colcon', 'build']
[1.207s] DEBUG:colcon:Parsed command line arguments: Namespace(log_base=None, log_level=None, verb_name='build', build_base='build', install_base='install', merge_install=False, symlink_install=False, test_result_base=None, continue_on_error=False, executor='parallel', parallel_workers=4, event_handlers=None, ignore_user_meta=False, metas=['./colcon.meta'], base_paths=['.'], packages_ignore=None, packages_ignore_regex=None, paths=None, packages_up_to=None, packages_up_to_regex=None, packages_above=None, packages_above_and_dependencies=None, packages_above_depth=None, packages_select_by_dep=None, packages_skip_by_dep=None, packages_skip_up_to=None, packages_select_build_failed=False, packages_skip_build_finished=False, packages_select_test_failures=False, packages_skip_test_passed=False, packages_select=None, packages_skip=None, packages_select_regex=None, packages_skip_regex=None, packages_start=None, packages_end=None, allow_overriding=[], cmake_args=None, cmake_target=None, cmake_target_skip_unavailable=False, cmake_clean_cache=False, cmake_clean_first=False, cmake_force_configure=False, ament_cmake_args=None, catkin_cmake_args=None, catkin_skip_building_tests=False, mixin_files=None, mixin=None, verb_parser=<colcon_mixin.mixin.mixin_argument.MixinArgumentDecorator object at 0xffffad522770>, verb_extension=<colcon_core.verb.build.BuildVerb object at 0xffffad622e30>, main=<bound method BuildVerb.main of <colcon_core.verb.build.BuildVerb object at 0xffffad622e30>>, mixin_verb=('build',))
[3.524s] Level 1:colcon.colcon_core.package_discovery:discover_packages(colcon_meta) check parameters
[3.525s] Level 1:colcon.colcon_core.package_discovery:discover_packages(recursive) check parameters
[3.525s] Level 1:colcon.colcon_core.package_discovery:discover_packages(ignore) check parameters
[3.525s] Level 1:colcon.colcon_core.package_discovery:discover_packages(path) check parameters
[3.526s] Level 1:colcon.colcon_core.package_discovery:discover_packages(colcon_meta) discover
[3.526s] Level 1:colcon.colcon_core.package_discovery:discover_packages(recursive) discover
[3.527s] INFO:colcon.colcon_core.package_discovery:Crawling recursively for packages in '/home/pi/mowbot_v2'
[3.528s] Level 1:colcon.colcon_core.package_identification:_identify(.) by extensions ['ignore', 'ignore_ament_install']
[3.529s] Level 1:colcon.colcon_core.package_identification:_identify(.) by extension 'ignore'
[3.529s] Level 1:colcon.colcon_core.package_identification:_identify(.) by extension 'ignore_ament_install'
[3.530s] Level 1:colcon.colcon_core.package_identification:_identify(.) by extensions ['colcon_pkg']
[3.530s] Level 1:colcon.colcon_core.package_identification:_identify(.) by extension 'colcon_pkg'
[3.531s] Level 1:colcon.colcon_core.package_identification:_identify(.) by extensions ['colcon_meta']
[3.531s] Level 1:colcon.colcon_core.package_identification:_identify(.) by extension 'colcon_meta'
[3.532s] Level 1:colcon.colcon_core.package_identification:_identify(.) by extensions ['ros']
[3.532s] Level 1:colcon.colcon_core.package_identification:_identify(.) by extension 'ros'
[3.667s] DEBUG:colcon.colcon_core.package_identification:Package '.' with type 'ros.ament_python' and name 'mowbot_pkg'
[3.668s] Level 1:colcon.colcon_core.package_discovery:discover_packages(recursive) using defaults
[3.668s] Level 1:colcon.colcon_core.package_discovery:discover_packages(ignore) discover
[3.669s] Level 1:colcon.colcon_core.package_discovery:discover_packages(ignore) using defaults
[3.669s] Level 1:colcon.colcon_core.package_discovery:discover_packages(path) discover
[3.669s] Level 1:colcon.colcon_core.package_discovery:discover_packages(path) using defaults
[3.929s] Level 1:colcon.colcon_core.package_discovery:discover_packages(prefix_path) check parameters
[3.929s] Level 1:colcon.colcon_core.package_discovery:discover_packages(prefix_path) discover
[3.939s] WARNING:colcon.colcon_core.prefix_path.colcon:The path '/home/pi/mowbot_pkg_v1a/install' in the environment variable COLCON_PREFIX_PATH doesn't exist
[3.941s] WARNING:colcon.colcon_ros.prefix_path.ament:The path '/home/pi/mowbot_pkg_v1a/install/mowbot_pkg' in the environment variable AMENT_PREFIX_PATH doesn't exist
[3.951s] DEBUG:colcon.colcon_installed_package_information.package_discovery:Found 1 installed packages in /home/pi/rplidar/install
[3.982s] DEBUG:colcon.colcon_installed_package_information.package_discovery:Found 337 installed packages in /opt/ros/humble
[4.004s] Level 1:colcon.colcon_core.package_discovery:discover_packages(prefix_path) using defaults
[4.568s] Level 5:colcon.colcon_core.verb:set package 'mowbot_pkg' build argument 'cmake_args' from command line to 'None'
[4.569s] Level 5:colcon.colcon_core.verb:set package 'mowbot_pkg' build argument 'cmake_target' from command line to 'None'
[4.569s] Level 5:colcon.colcon_core.verb:set package 'mowbot_pkg' build argument 'cmake_target_skip_unavailable' from command line to 'False'
[4.569s] Level 5:colcon.colcon_core.verb:set package 'mowbot_pkg' build argument 'cmake_clean_cache' from command line to 'False'
[4.570s] Level 5:colcon.colcon_core.verb:set package 'mowbot_pkg' build argument 'cmake_clean_first' from command line to 'False'
[4.570s] Level 5:colcon.colcon_core.verb:set package 'mowbot_pkg' build argument 'cmake_force_configure' from command line to 'False'
[4.570s] Level 5:colcon.colcon_core.verb:set package 'mowbot_pkg' build argument 'ament_cmake_args' from command line to 'None'
[4.570s] Level 5:colcon.colcon_core.verb:set package 'mowbot_pkg' build argument 'catkin_cmake_args' from command line to 'None'
[4.571s] Level 5:colcon.colcon_core.verb:set package 'mowbot_pkg' build argument 'catkin_skip_building_tests' from command line to 'False'
[4.571s] DEBUG:colcon.colcon_core.verb:Building package 'mowbot_pkg' with the following arguments: {'ament_cmake_args': None, 'build_base': '/home/pi/mowbot_v2/build/mowbot_pkg', 'catkin_cmake_args': None, 'catkin_skip_building_tests': False, 'cmake_args': None, 'cmake_clean_cache': False, 'cmake_clean_first': False, 'cmake_force_configure': False, 'cmake_target': None, 'cmake_target_skip_unavailable': False, 'install_base': '/home/pi/mowbot_v2/install/mowbot_pkg', 'merge_install': False, 'path': '/home/pi/mowbot_v2', 'symlink_install': False, 'test_result_base': None}
[4.572s] INFO:colcon.colcon_core.executor:Executing jobs using 'parallel' executor
[4.580s] DEBUG:colcon.colcon_parallel_executor.executor.parallel:run_until_complete
[4.582s] INFO:colcon.colcon_ros.task.ament_python.build:Building ROS package in '/home/pi/mowbot_v2' with build type 'ament_python'
[4.584s] Level 1:colcon.colcon_core.shell:create_environment_hook('mowbot_pkg', 'ament_prefix_path')
[4.607s] INFO:colcon.colcon_core.plugin_system:Skipping extension 'colcon_core.shell.bat': Not used on non-Windows systems
[4.610s] INFO:colcon.colcon_core.shell:Creating environment hook '/home/pi/mowbot_v2/install/mowbot_pkg/share/mowbot_pkg/hook/ament_prefix_path.ps1'
[4.616s] INFO:colcon.colcon_core.shell:Creating environment descriptor '/home/pi/mowbot_v2/install/mowbot_pkg/share/mowbot_pkg/hook/ament_prefix_path.dsv'
[4.621s] INFO:colcon.colcon_core.shell:Creating environment hook '/home/pi/mowbot_v2/install/mowbot_pkg/share/mowbot_pkg/hook/ament_prefix_path.sh'
[4.629s] INFO:colcon.colcon_core.shell:Skip shell extension 'powershell' for command environment: Not usable outside of PowerShell
[4.630s] DEBUG:colcon.colcon_core.shell:Skip shell extension 'dsv' for command environment
[7.875s] INFO:colcon.colcon_core.task.python.build:Building Python package in '/home/pi/mowbot_v2'
[7.877s] INFO:colcon.colcon_core.shell:Skip shell extension 'powershell' for command environment: Not usable outside of PowerShell
[7.878s] DEBUG:colcon.colcon_core.shell:Skip shell extension 'dsv' for command environment
[11.868s] DEBUG:colcon.colcon_core.event_handler.log_command:Invoking command in '/home/pi/mowbot_v2': PYTHONPATH=/home/pi/mowbot_v2/build/mowbot_pkg/prefix_override:/usr/lib/python3/dist-packages/colcon_core/task/python/colcon_distutils_commands:/home/pi/mowbot_v2/install/mowbot_pkg/lib/python3.10/site-packages:${PYTHONPATH} /usr/bin/python3 -W ignore:setup.py install is deprecated setup.py egg_info --egg-base build/mowbot_pkg build --build-base /home/pi/mowbot_v2/build/mowbot_pkg/build install --record /home/pi/mowbot_v2/build/mowbot_pkg/install.log --single-version-externally-managed install_data
[15.478s] DEBUG:colcon.colcon_core.event_handler.log_command:Invoked command in '/home/pi/mowbot_v2' returned '0': PYTHONPATH=/home/pi/mowbot_v2/build/mowbot_pkg/prefix_override:/usr/lib/python3/dist-packages/colcon_core/task/python/colcon_distutils_commands:/home/pi/mowbot_v2/install/mowbot_pkg/lib/python3.10/site-packages:${PYTHONPATH} /usr/bin/python3 -W ignore:setup.py install is deprecated setup.py egg_info --egg-base build/mowbot_pkg build --build-base /home/pi/mowbot_v2/build/mowbot_pkg/build install --record /home/pi/mowbot_v2/build/mowbot_pkg/install.log --single-version-externally-managed install_data
[15.503s] Level 1:colcon.colcon_core.environment:checking '/home/pi/mowbot_v2/install/mowbot_pkg' for CMake module files
[15.509s] Level 1:colcon.colcon_core.environment:checking '/home/pi/mowbot_v2/install/mowbot_pkg' for CMake config files
[15.521s] Level 1:colcon.colcon_core.environment:checking '/home/pi/mowbot_v2/install/mowbot_pkg/lib'
[15.524s] Level 1:colcon.colcon_core.environment:checking '/home/pi/mowbot_v2/install/mowbot_pkg/bin'
[15.524s] Level 1:colcon.colcon_core.environment:checking '/home/pi/mowbot_v2/install/mowbot_pkg/lib/pkgconfig/mowbot_pkg.pc'
[15.527s] Level 1:colcon.colcon_core.environment:checking '/home/pi/mowbot_v2/install/mowbot_pkg/lib/python3.10/site-packages'
[15.527s] Level 1:colcon.colcon_core.shell:create_environment_hook('mowbot_pkg', 'pythonpath')
[15.529s] INFO:colcon.colcon_core.shell:Creating environment hook '/home/pi/mowbot_v2/install/mowbot_pkg/share/mowbot_pkg/hook/pythonpath.ps1'
[15.534s] INFO:colcon.colcon_core.shell:Creating environment descriptor '/home/pi/mowbot_v2/install/mowbot_pkg/share/mowbot_pkg/hook/pythonpath.dsv'
[15.538s] INFO:colcon.colcon_core.shell:Creating environment hook '/home/pi/mowbot_v2/install/mowbot_pkg/share/mowbot_pkg/hook/pythonpath.sh'
[15.544s] Level 1:colcon.colcon_core.environment:checking '/home/pi/mowbot_v2/install/mowbot_pkg/bin'
[15.545s] Level 1:colcon.colcon_core.environment:create_environment_scripts_only(mowbot_pkg)
[15.548s] INFO:colcon.colcon_core.shell:Creating package script '/home/pi/mowbot_v2/install/mowbot_pkg/share/mowbot_pkg/package.ps1'
[15.557s] INFO:colcon.colcon_core.shell:Creating package descriptor '/home/pi/mowbot_v2/install/mowbot_pkg/share/mowbot_pkg/package.dsv'
[15.563s] INFO:colcon.colcon_core.shell:Creating package script '/home/pi/mowbot_v2/install/mowbot_pkg/share/mowbot_pkg/package.sh'
[15.571s] INFO:colcon.colcon_core.shell:Creating package script '/home/pi/mowbot_v2/install/mowbot_pkg/share/mowbot_pkg/package.bash'
[15.580s] INFO:colcon.colcon_core.shell:Creating package script '/home/pi/mowbot_v2/install/mowbot_pkg/share/mowbot_pkg/package.zsh'
[15.587s] Level 1:colcon.colcon_core.environment:create_file_with_runtime_dependencies(/home/pi/mowbot_v2/install/mowbot_pkg/share/colcon-core/packages/mowbot_pkg)
[15.591s] DEBUG:colcon.colcon_parallel_executor.executor.parallel:closing loop
[15.594s] DEBUG:colcon.colcon_parallel_executor.executor.parallel:loop closed
[15.594s] DEBUG:colcon.colcon_parallel_executor.executor.parallel:run_until_complete finished with '0'
[15.595s] DEBUG:colcon.colcon_core.event_reactor:joining thread
[15.642s] INFO:colcon.colcon_core.plugin_system:Skipping extension 'colcon_notification.desktop_notification.terminal_notifier': Not used on non-Darwin systems
[15.643s] INFO:colcon.colcon_core.plugin_system:Skipping extension 'colcon_notification.desktop_notification.win32': Not used on non-Windows systems
[15.643s] INFO:colcon.colcon_notification.desktop_notification:Sending desktop notification using 'notify2'
[15.734s] DEBUG:colcon.colcon_core.event_reactor:joined thread
[15.737s] INFO:colcon.colcon_core.shell:Creating prefix script '/home/pi/mowbot_v2/install/local_setup.ps1'
[15.747s] INFO:colcon.colcon_core.shell:Creating prefix util module '/home/pi/mowbot_v2/install/_local_setup_util_ps1.py'
[15.762s] INFO:colcon.colcon_core.shell:Creating prefix chain script '/home/pi/mowbot_v2/install/setup.ps1'
[15.774s] INFO:colcon.colcon_core.shell:Creating prefix script '/home/pi/mowbot_v2/install/local_setup.sh'
[15.780s] INFO:colcon.colcon_core.shell:Creating prefix util module '/home/pi/mowbot_v2/install/_local_setup_util_sh.py'
[15.787s] INFO:colcon.colcon_core.shell:Creating prefix chain script '/home/pi/mowbot_v2/install/setup.sh'
[15.799s] INFO:colcon.colcon_core.shell:Creating prefix script '/home/pi/mowbot_v2/install/local_setup.bash'
[15.804s] INFO:colcon.colcon_core.shell:Creating prefix chain script '/home/pi/mowbot_v2/install/setup.bash'
[15.815s] INFO:colcon.colcon_core.shell:Creating prefix script '/home/pi/mowbot_v2/install/local_setup.zsh'
[15.820s] INFO:colcon.colcon_core.shell:Creating prefix chain script '/home/pi/mowbot_v2/install/setup.zsh'
