[0.528s] DEBUG:colcon:Command line arguments: ['/usr/bin/colcon', 'build']
[0.528s] DEBUG:colcon:Parsed command line arguments: Namespace(log_base=None, log_level=None, verb_name='build', build_base='build', install_base='install', merge_install=False, symlink_install=False, test_result_base=None, continue_on_error=False, executor='parallel', parallel_workers=4, event_handlers=None, ignore_user_meta=False, metas=['./colcon.meta'], base_paths=['.'], packages_ignore=None, packages_ignore_regex=None, paths=None, packages_up_to=None, packages_up_to_regex=None, packages_above=None, packages_above_and_dependencies=None, packages_above_depth=None, packages_select_by_dep=None, packages_skip_by_dep=None, packages_skip_up_to=None, packages_select_build_failed=False, packages_skip_build_finished=False, packages_select_test_failures=False, packages_skip_test_passed=False, packages_select=None, packages_skip=None, packages_select_regex=None, packages_skip_regex=None, packages_start=None, packages_end=None, allow_overriding=[], cmake_args=None, cmake_target=None, cmake_target_skip_unavailable=False, cmake_clean_cache=False, cmake_clean_first=False, cmake_force_configure=False, ament_cmake_args=None, catkin_cmake_args=None, catkin_skip_building_tests=False, mixin_files=None, mixin=None, verb_parser=<colcon_mixin.mixin.mixin_argument.MixinArgumentDecorator object at 0xffffb0582110>, verb_extension=<colcon_core.verb.build.BuildVerb object at 0xffffb06827d0>, main=<bound method BuildVerb.main of <colcon_core.verb.build.BuildVerb object at 0xffffb06827d0>>, mixin_verb=('build',))
[1.500s] Level 1:colcon.colcon_core.package_discovery:discover_packages(colcon_meta) check parameters
[1.500s] Level 1:colcon.colcon_core.package_discovery:discover_packages(recursive) check parameters
[1.500s] Level 1:colcon.colcon_core.package_discovery:discover_packages(ignore) check parameters
[1.500s] Level 1:colcon.colcon_core.package_discovery:discover_packages(path) check parameters
[1.500s] Level 1:colcon.colcon_core.package_discovery:discover_packages(colcon_meta) discover
[1.501s] Level 1:colcon.colcon_core.package_discovery:discover_packages(recursive) discover
[1.501s] INFO:colcon.colcon_core.package_discovery:Crawling recursively for packages in '/home/pi/mowbot_pkg_v1'
[1.501s] Level 1:colcon.colcon_core.package_identification:_identify(.) by extensions ['ignore', 'ignore_ament_install']
[1.504s] Level 1:colcon.colcon_core.package_identification:_identify(.) by extension 'ignore'
[1.505s] Level 1:colcon.colcon_core.package_identification:_identify(.) by extension 'ignore_ament_install'
[1.505s] Level 1:colcon.colcon_core.package_identification:_identify(.) by extensions ['colcon_pkg']
[1.505s] Level 1:colcon.colcon_core.package_identification:_identify(.) by extension 'colcon_pkg'
[1.505s] Level 1:colcon.colcon_core.package_identification:_identify(.) by extensions ['colcon_meta']
[1.506s] Level 1:colcon.colcon_core.package_identification:_identify(.) by extension 'colcon_meta'
[1.506s] Level 1:colcon.colcon_core.package_identification:_identify(.) by extensions ['ros']
[1.506s] Level 1:colcon.colcon_core.package_identification:_identify(.) by extension 'ros'
[1.565s] DEBUG:colcon.colcon_core.package_identification:Package '.' with type 'ros.ament_python' and name 'mowbot_pkg'
[1.566s] Level 1:colcon.colcon_core.package_discovery:discover_packages(recursive) using defaults
[1.566s] Level 1:colcon.colcon_core.package_discovery:discover_packages(ignore) discover
[1.566s] Level 1:colcon.colcon_core.package_discovery:discover_packages(ignore) using defaults
[1.566s] Level 1:colcon.colcon_core.package_discovery:discover_packages(path) discover
[1.566s] Level 1:colcon.colcon_core.package_discovery:discover_packages(path) using defaults
[1.693s] Level 1:colcon.colcon_core.package_discovery:discover_packages(prefix_path) check parameters
[1.693s] Level 1:colcon.colcon_core.package_discovery:discover_packages(prefix_path) discover
[1.714s] DEBUG:colcon.colcon_installed_package_information.package_discovery:Found 337 installed packages in /opt/ros/humble
[1.723s] Level 1:colcon.colcon_core.package_discovery:discover_packages(prefix_path) using defaults
[1.951s] Level 5:colcon.colcon_core.verb:set package 'mowbot_pkg' build argument 'cmake_args' from command line to 'None'
[1.952s] Level 5:colcon.colcon_core.verb:set package 'mowbot_pkg' build argument 'cmake_target' from command line to 'None'
[1.952s] Level 5:colcon.colcon_core.verb:set package 'mowbot_pkg' build argument 'cmake_target_skip_unavailable' from command line to 'False'
[1.952s] Level 5:colcon.colcon_core.verb:set package 'mowbot_pkg' build argument 'cmake_clean_cache' from command line to 'False'
[1.952s] Level 5:colcon.colcon_core.verb:set package 'mowbot_pkg' build argument 'cmake_clean_first' from command line to 'False'
[1.952s] Level 5:colcon.colcon_core.verb:set package 'mowbot_pkg' build argument 'cmake_force_configure' from command line to 'False'
[1.952s] Level 5:colcon.colcon_core.verb:set package 'mowbot_pkg' build argument 'ament_cmake_args' from command line to 'None'
[1.952s] Level 5:colcon.colcon_core.verb:set package 'mowbot_pkg' build argument 'catkin_cmake_args' from command line to 'None'
[1.952s] Level 5:colcon.colcon_core.verb:set package 'mowbot_pkg' build argument 'catkin_skip_building_tests' from command line to 'False'
[1.953s] DEBUG:colcon.colcon_core.verb:Building package 'mowbot_pkg' with the following arguments: {'ament_cmake_args': None, 'build_base': '/home/pi/mowbot_pkg_v1/build/mowbot_pkg', 'catkin_cmake_args': None, 'catkin_skip_building_tests': False, 'cmake_args': None, 'cmake_clean_cache': False, 'cmake_clean_first': False, 'cmake_force_configure': False, 'cmake_target': None, 'cmake_target_skip_unavailable': False, 'install_base': '/home/pi/mowbot_pkg_v1/install/mowbot_pkg', 'merge_install': False, 'path': '/home/pi/mowbot_pkg_v1', 'symlink_install': False, 'test_result_base': None}
[1.953s] INFO:colcon.colcon_core.executor:Executing jobs using 'parallel' executor
[1.957s] DEBUG:colcon.colcon_parallel_executor.executor.parallel:run_until_complete
[1.958s] INFO:colcon.colcon_ros.task.ament_python.build:Building ROS package in '/home/pi/mowbot_pkg_v1' with build type 'ament_python'
[1.959s] Level 1:colcon.colcon_core.shell:create_environment_hook('mowbot_pkg', 'ament_prefix_path')
[1.969s] INFO:colcon.colcon_core.plugin_system:Skipping extension 'colcon_core.shell.bat': Not used on non-Windows systems
[1.970s] INFO:colcon.colcon_core.shell:Creating environment hook '/home/pi/mowbot_pkg_v1/install/mowbot_pkg/share/mowbot_pkg/hook/ament_prefix_path.ps1'
[1.973s] INFO:colcon.colcon_core.shell:Creating environment descriptor '/home/pi/mowbot_pkg_v1/install/mowbot_pkg/share/mowbot_pkg/hook/ament_prefix_path.dsv'
[1.976s] INFO:colcon.colcon_core.shell:Creating environment hook '/home/pi/mowbot_pkg_v1/install/mowbot_pkg/share/mowbot_pkg/hook/ament_prefix_path.sh'
[1.980s] INFO:colcon.colcon_core.shell:Skip shell extension 'powershell' for command environment: Not usable outside of PowerShell
[1.981s] DEBUG:colcon.colcon_core.shell:Skip shell extension 'dsv' for command environment
[3.355s] INFO:colcon.colcon_core.task.python.build:Building Python package in '/home/pi/mowbot_pkg_v1'
[3.356s] INFO:colcon.colcon_core.shell:Skip shell extension 'powershell' for command environment: Not usable outside of PowerShell
[3.356s] DEBUG:colcon.colcon_core.shell:Skip shell extension 'dsv' for command environment
[5.074s] DEBUG:colcon.colcon_core.event_handler.log_command:Invoking command in '/home/pi/mowbot_pkg_v1': PYTHONPATH=/home/pi/mowbot_pkg_v1/build/mowbot_pkg/prefix_override:/usr/lib/python3/dist-packages/colcon_core/task/python/colcon_distutils_commands:/home/pi/mowbot_pkg_v1/install/mowbot_pkg/lib/python3.10/site-packages:${PYTHONPATH} /usr/bin/python3 -W ignore:setup.py install is deprecated setup.py egg_info --egg-base build/mowbot_pkg build --build-base /home/pi/mowbot_pkg_v1/build/mowbot_pkg/build install --record /home/pi/mowbot_pkg_v1/build/mowbot_pkg/install.log --single-version-externally-managed install_data
[6.609s] DEBUG:colcon.colcon_core.event_handler.log_command:Invoked command in '/home/pi/mowbot_pkg_v1' returned '0': PYTHONPATH=/home/pi/mowbot_pkg_v1/build/mowbot_pkg/prefix_override:/usr/lib/python3/dist-packages/colcon_core/task/python/colcon_distutils_commands:/home/pi/mowbot_pkg_v1/install/mowbot_pkg/lib/python3.10/site-packages:${PYTHONPATH} /usr/bin/python3 -W ignore:setup.py install is deprecated setup.py egg_info --egg-base build/mowbot_pkg build --build-base /home/pi/mowbot_pkg_v1/build/mowbot_pkg/build install --record /home/pi/mowbot_pkg_v1/build/mowbot_pkg/install.log --single-version-externally-managed install_data
[6.621s] Level 1:colcon.colcon_core.environment:checking '/home/pi/mowbot_pkg_v1/install/mowbot_pkg' for CMake module files
[6.624s] Level 1:colcon.colcon_core.environment:checking '/home/pi/mowbot_pkg_v1/install/mowbot_pkg' for CMake config files
[6.631s] Level 1:colcon.colcon_core.environment:checking '/home/pi/mowbot_pkg_v1/install/mowbot_pkg/lib'
[6.632s] Level 1:colcon.colcon_core.environment:checking '/home/pi/mowbot_pkg_v1/install/mowbot_pkg/bin'
[6.633s] Level 1:colcon.colcon_core.environment:checking '/home/pi/mowbot_pkg_v1/install/mowbot_pkg/lib/pkgconfig/mowbot_pkg.pc'
[6.634s] Level 1:colcon.colcon_core.environment:checking '/home/pi/mowbot_pkg_v1/install/mowbot_pkg/lib/python3.10/site-packages'
[6.634s] Level 1:colcon.colcon_core.shell:create_environment_hook('mowbot_pkg', 'pythonpath')
[6.635s] INFO:colcon.colcon_core.shell:Creating environment hook '/home/pi/mowbot_pkg_v1/install/mowbot_pkg/share/mowbot_pkg/hook/pythonpath.ps1'
[6.637s] INFO:colcon.colcon_core.shell:Creating environment descriptor '/home/pi/mowbot_pkg_v1/install/mowbot_pkg/share/mowbot_pkg/hook/pythonpath.dsv'
[6.639s] INFO:colcon.colcon_core.shell:Creating environment hook '/home/pi/mowbot_pkg_v1/install/mowbot_pkg/share/mowbot_pkg/hook/pythonpath.sh'
[6.642s] Level 1:colcon.colcon_core.environment:checking '/home/pi/mowbot_pkg_v1/install/mowbot_pkg/bin'
[6.642s] Level 1:colcon.colcon_core.environment:create_environment_scripts_only(mowbot_pkg)
[6.644s] INFO:colcon.colcon_core.shell:Creating package script '/home/pi/mowbot_pkg_v1/install/mowbot_pkg/share/mowbot_pkg/package.ps1'
[6.648s] INFO:colcon.colcon_core.shell:Creating package descriptor '/home/pi/mowbot_pkg_v1/install/mowbot_pkg/share/mowbot_pkg/package.dsv'
[6.651s] INFO:colcon.colcon_core.shell:Creating package script '/home/pi/mowbot_pkg_v1/install/mowbot_pkg/share/mowbot_pkg/package.sh'
[6.655s] INFO:colcon.colcon_core.shell:Creating package script '/home/pi/mowbot_pkg_v1/install/mowbot_pkg/share/mowbot_pkg/package.bash'
[6.659s] INFO:colcon.colcon_core.shell:Creating package script '/home/pi/mowbot_pkg_v1/install/mowbot_pkg/share/mowbot_pkg/package.zsh'
[6.662s] Level 1:colcon.colcon_core.environment:create_file_with_runtime_dependencies(/home/pi/mowbot_pkg_v1/install/mowbot_pkg/share/colcon-core/packages/mowbot_pkg)
[6.664s] DEBUG:colcon.colcon_parallel_executor.executor.parallel:closing loop
[6.665s] DEBUG:colcon.colcon_parallel_executor.executor.parallel:loop closed
[6.666s] DEBUG:colcon.colcon_parallel_executor.executor.parallel:run_until_complete finished with '0'
[6.666s] DEBUG:colcon.colcon_core.event_reactor:joining thread
[6.690s] INFO:colcon.colcon_core.plugin_system:Skipping extension 'colcon_notification.desktop_notification.terminal_notifier': Not used on non-Darwin systems
[6.690s] INFO:colcon.colcon_core.plugin_system:Skipping extension 'colcon_notification.desktop_notification.win32': Not used on non-Windows systems
[6.691s] INFO:colcon.colcon_notification.desktop_notification:Sending desktop notification using 'notify2'
[6.749s] DEBUG:colcon.colcon_core.event_reactor:joined thread
[6.751s] INFO:colcon.colcon_core.shell:Creating prefix script '/home/pi/mowbot_pkg_v1/install/local_setup.ps1'
[6.756s] INFO:colcon.colcon_core.shell:Creating prefix util module '/home/pi/mowbot_pkg_v1/install/_local_setup_util_ps1.py'
[6.764s] INFO:colcon.colcon_core.shell:Creating prefix chain script '/home/pi/mowbot_pkg_v1/install/setup.ps1'
[6.770s] INFO:colcon.colcon_core.shell:Creating prefix script '/home/pi/mowbot_pkg_v1/install/local_setup.sh'
[6.773s] INFO:colcon.colcon_core.shell:Creating prefix util module '/home/pi/mowbot_pkg_v1/install/_local_setup_util_sh.py'
[6.777s] INFO:colcon.colcon_core.shell:Creating prefix chain script '/home/pi/mowbot_pkg_v1/install/setup.sh'
[6.782s] INFO:colcon.colcon_core.shell:Creating prefix script '/home/pi/mowbot_pkg_v1/install/local_setup.bash'
[6.785s] INFO:colcon.colcon_core.shell:Creating prefix chain script '/home/pi/mowbot_pkg_v1/install/setup.bash'
[6.791s] INFO:colcon.colcon_core.shell:Creating prefix script '/home/pi/mowbot_pkg_v1/install/local_setup.zsh'
[6.794s] INFO:colcon.colcon_core.shell:Creating prefix chain script '/home/pi/mowbot_pkg_v1/install/setup.zsh'
