[3.530s] Invoking command in '/home/pi/mowbot_pkg_v1': PYTHONPATH=/home/pi/mowbot_pkg_v1/build/mowbot_pkg/prefix_override:/usr/lib/python3/dist-packages/colcon_core/task/python/colcon_distutils_commands:/home/pi/mowbot_pkg_v1/install/mowbot_pkg/lib/python3.10/site-packages:${PYTHONPATH} /usr/bin/python3 -W ignore:setup.py install is deprecated setup.py egg_info --egg-base build/mowbot_pkg build --build-base /home/pi/mowbot_pkg_v1/build/mowbot_pkg/build install --record /home/pi/mowbot_pkg_v1/build/mowbot_pkg/install.log --single-version-externally-managed install_data
[4.836s] running egg_info
[4.839s] writing build/mowbot_pkg/mowbot_pkg.egg-info/PKG-INFO
[4.841s] writing dependency_links to build/mowbot_pkg/mowbot_pkg.egg-info/dependency_links.txt
[4.842s] writing entry points to build/mowbot_pkg/mowbot_pkg.egg-info/entry_points.txt
[4.843s] writing requirements to build/mowbot_pkg/mowbot_pkg.egg-info/requires.txt
[4.844s] writing top-level names to build/mowbot_pkg/mowbot_pkg.egg-info/top_level.txt
[4.853s] reading manifest file 'build/mowbot_pkg/mowbot_pkg.egg-info/SOURCES.txt'
[4.859s] writing manifest file 'build/mowbot_pkg/mowbot_pkg.egg-info/SOURCES.txt'
[4.860s] running build
[4.860s] running build_py
[4.886s] running install
[4.887s] running install_lib
[4.895s] running install_data
[4.897s] copying config/ps4.config.yaml -> /home/pi/mowbot_pkg_v1/install/mowbot_pkg/share/mowbot_pkg/config
[4.897s] running install_egg_info
[4.905s] removing '/home/pi/mowbot_pkg_v1/install/mowbot_pkg/lib/python3.10/site-packages/mowbot_pkg-0.0.1-py3.10.egg-info' (and everything under it)
[4.907s] Copying build/mowbot_pkg/mowbot_pkg.egg-info to /home/pi/mowbot_pkg_v1/install/mowbot_pkg/lib/python3.10/site-packages/mowbot_pkg-0.0.1-py3.10.egg-info
[4.914s] running install_scripts
[5.004s] Installing roboclaw_control script to /home/pi/mowbot_pkg_v1/install/mowbot_pkg/lib/mowbot_pkg
[5.006s] writing list of installed files to '/home/pi/mowbot_pkg_v1/build/mowbot_pkg/install.log'
[5.127s] Invoked command in '/home/pi/mowbot_pkg_v1' returned '0': PYTHONPATH=/home/pi/mowbot_pkg_v1/build/mowbot_pkg/prefix_override:/usr/lib/python3/dist-packages/colcon_core/task/python/colcon_distutils_commands:/home/pi/mowbot_pkg_v1/install/mowbot_pkg/lib/python3.10/site-packages:${PYTHONPATH} /usr/bin/python3 -W ignore:setup.py install is deprecated setup.py egg_info --egg-base build/mowbot_pkg build --build-base /home/pi/mowbot_pkg_v1/build/mowbot_pkg/build install --record /home/pi/mowbot_pkg_v1/build/mowbot_pkg/install.log --single-version-externally-managed install_data
